10000
177074758
350224092
834495602
418436422
262533504
627442110
192080663
202779023
831926196
283802256
131826971
468136225
139620672
286127625
131333569
240062314
937119214
94768407
133422286
872665519
954004133
724122685
766721145
423481587
423008432
775657847
403378774
981081843
860701265
853448693
489398636
37776022
56189136
176410589
308728796
318722639
803852699
353325810
521501661
488295246
637128065
505844984
808947822
629265089
791972608
940281390
869327402
581608174
887566148
855266040
454273692
841570280
431905076
73511188
117568219
854913508
849169035
520946992
688511702
562386651
226912036
30426690
452679025
283101171
206837278
761407820
601823809
863206328
114733629
975841822
204017925
604378046
481686805
12965746
233643134
126175764
953247135
102970535
707783937
693329635
810752926
14573981
387416266
242658002
88085168
504984484
950087861
937254202
878447828
491115914
352157205
105359863
521542603
804836229
388461034
580896233
418760400
842801194
444102560
386010380
818643015
648120485
990388425
152846171
513602582
76547910
131538287
319366069
32034797
839322223
12695703
842787722
706412555
400111968
85445723
794497723
757612804
888049935
584268276
636060631
379165849
936425480
593936845
753224803
593778060
982397878
334121035
12538459
677715424
630739947
398548839
348874790
131376783
241453615
501720961
644979364
318001525
633259247
964345432
350036321
325097821
977041134
192824042
31510376
229669454
130786117
678524450
987282257
18836051
115309077
475859239
250518251
904250909
69796083
3743054
498028968
904710313
190380440
363083779
434942088
821120386
761632617
783816877
952497168
3086231
138054189
449992884
173604107
771313435
414338315
523640427
948927608
243895801
716464469
832954335
326081606
699766937
363995136
165880214
571119339
479304212
641739452
821637590
236071472
564051886
677896995
734100440
321278550
720793786
97184218
756220637
394430524
711333186
392553866
199444043
566935768
530608054
649436926
740539875
154437841
63775241
116696653
103365448
160187393
833161121
936319782
486268998
385444409
152831269
652149211
956563748
632135480
146405014
630717689
868206952
562973251
161131035
454823743
884251801
881924820
404524312
492988789
276355343
968373849
885542654
475799386
387825968
268667060
125236311
128365842
423104900
41527903
97578847
526470347
54231647
930739967
315306480
393016996
168700728
468137748
45166206
125264475
952789579
44087571
755982163
673512882
607060822
917113197
128336624
343828974
651554368
385377287
689334114
927909711
206267487
427393120
256225448
594093455
696060179
233978110
574975648
119165078
128022365
672554494
498151776
34770363
455810813
813458255
427787359
624511540
134112354
325469916
749776014
86901932
369557487
358274528
612931166
829134660
127904076
593784141
25479985
779458443
979161428
714814098
559884505
37945266
142207217
668626304
632038720
838267395
902604414
207014368
809948824
883143130
879568861
308100599
917913492
187896025
974075205
345700850
812407564
108187558
671170766
414699929
47605842
893244604
772974456
513053359
722379263
753394883
106837499
747859247
385369678
938515278
315189696
945254182
976460544
457396913
466396838
608499263
148180659
221517603
668029982
958129483
104660732
400115195
118746433
22574223
588011219
92821638
220791425
400418783
53525547
744478542
815118711
953647740
637723145
440609519
319217450
212618759
46520753
426054949
812994357
431890430
217086578
128184052
229660964
193547121
438097316
696057801
654562736
586277975
917575403
322592717
396923809
22236134
722707911
368186593
897326708
163235482
313524582
970634484
563654264
219566481
715113025
231289326
25730572
205352521
524415196
344948022
270487631
570935949
771002970
83481987
2826378
988089547
64182391
232487341
34153020
502279706
928545141
688715755
88557680
698636895
863824823
337997840
573389380
439049086
706184433
323232440
602284567
19709014
293866923
18455182
91791846
861496300
249744507
117522418
66848820
774159703
462470439
189852803
197612003
85989760
273334789
200438380
74079306
337517179
285442073
960748677
839796885
66503565
501980783
780870916
765140460
365805606
971385108
338529839
804854691
530085892
661762278
259655609
402311257
808145553
278110790
494103103
669641852
527855296
611625520
589007023
154531350
74095958
778859825
352143352
160085717
904710966
405098084
86681374
94744496
690540156
47430051
934541380
757043720
401927185
567928648
522184179
767732790
391830107
713230370
425103832
921915998
227508999
684759440
324227254
35654551
962870229
818330356
557812754
343241877
282472227
146819777
350289578
356568184
778195953
702432930
369170252
535423270
107531013
455851626
630167766
650587520
355798028
417225497
407631239
757725212
985154144
782331770
377974354
229500602
495562139
655594537
151416599
723071137
192870329
328160205
611242040
8256909
146490560
169054793
351498785
281479139
168390921
701788363
638047322
799103226
256737644
7217574
334526495
216785008
315585551
964694260
867372527
523899930
234436109
127520117
134141493
72106604
909851886
512115846
301607206
257930376
20226735
453023804
833517865
213097063
781184008
444759904
221353971
780190920
466331048
572852756
61670058
634721969
127157470
552233731
286341546
236411465
411967656
620868040
453196472
580069558
438078652
173085350
103969487
672514760
153121818
238110980
744621363
62973704
602743177
46228568
173420431
622969911
351768724
6938295
836066973
985469083
304214550
57420944
618176354
770545598
482790051
532362763
257783918
609947520
84596494
544125463
846358984
349080501
17509854
152071807
929150059
308104857
177673508
885635897
980619616
330795325
123746876
577757331
246285380
579006405
476502250
419705811
201976315
680787325
279160457
38043288
666256408
435891359
947980583
136949113
58953308
430770633
669311876
316737225
893234504
606424721
713379039
592109839
955505221
730888892
744181645
737171631
38993749
921855152
475323880
872129716
105166828
451587107
302403398
351452208
30593511
631422000
771158018
85086178
312209324
902834826
123129465
830982083
338726184
923626399
967931196
397679491
206913383
637243071
566933067
100147886
96184143
280312105
692257724
51689363
863717349
288955720
641377346
755227449
63327223
116701225
479873516
168494050
420804683
782276914
519946257
451398194
266215265
143620626
536484371
578424588
46455452
512130187
261923023
237697987
288272937
229854218
487893830
495186319
719613640
54826896
595334204
815797782
187655353
140108279
720003496
51372701
281580350
213897193
806600149
344907572
183114769
138990016
365917973
603919452
921266929
885864230
55317645
39998545
882001207
444318367
618423133
780973010
808964905
880346155
18670997
97237841
962716724
359081178
592424159
682330363
413908073
40274714
350644496
601563425
32899344
70647991
505452477
314479693
284545184
164568977
659387264
467659952
303558993
25305236
71579403
77342273
763685817
979413399
117340818
498203376
276248117
735763950
279176385
85213021
468626456
150363733
34967213
283859531
509444910
479907723
966189893
775869335
520182436
169350740
229949111
553081779
239998730
735401588
867561471
377060265
899970564
379465086
844720217
203529556
257286674
768815971
280871829
873488842
600745722
398212646
371692217
729510190
986492947
503384954
667239563
307635754
653748686
702206775
591495284
15709948
34630850
410201528
791579282
554813285
579552267
21528392
960411416
819550996
609446331
680489238
49127613
509416895
59954324
893847829
565462802
169757349
515180151
846334630
43246190
968442224
97063627
267454759
697952414
83556573
770839712
217708328
243708678
277104749
919915102
835203961
145331048
954545951
245405488
936910329
361875588
824957754
810955073
174803355
497025102
272917755
855292592
546152714
782334649
767763267
292516894
200313803
937520615
660213396
46648432
833283157
628655620
996228411
953254267
179124385
932301335
576610330
396832712
176010013
853715078
169264165
11213973
999046126
976326468
109135813
788472806
190718407
786609918
451944230
365521761
136151371
724861985
220814352
682304084
359712985
988577619
827337329
560026787
778614585
487550725
459191571
464414093
968722696
307936333
270184711
363432
240237667
846795040
397196143
268764031
553026470
418976659
132494356
404588947
395303126
241630168
45578104
586021532
28240085
497522334
951543292
16907808
74900670
24873996
699211891
287130006
865967966
379065572
847156793
497098902
866616296
158864715
961512995
687855343
466801047
84214057
688218774
559555065
931009097
85414916
828319096
484035566
356907926
960813451
888624512
752211052
54959970
934202615
190748935
83200054
284241300
994808579
100107861
211658321
19682574
651836104
498788327
738166891
30901675
198461471
235265792
750034322
357326185
49295138
290406016
676643583
133509195
978624789
236198647
64518291
916556056
64517742
401070208
273463981
877847544
142211071
878191384
932807513
928930037
68940319
868523919
65687689
916265249
821148131
277346009
788464174
325500586
776134335
526631064
208918612
974595805
614413207
958952933
184438341
663708345
101875300
861081923
649733891
80500088
97280570
566768533
997056143
14314663
967838740
123036476
744678559
962566162
1227859
677486071
891496198
922684529
398526341
957183886
691466129
219674472
87046247
479930302
545175057
863180581
859077717
754093669
837776386
473490924
565562953
22214726
989715620
667438253
735813001
639449510
600454692
685609922
58734394
450027187
552440936
26573133
573063662
297119494
841655646
426807872
827121917
585668195
202008753
225648257
395368433
893474881
297839080
482414679
225921535
843014137
345595259
84999251
449624157
35887996
411006526
867703461
910619074
253238497
387658065
646432074
892688006
988112757
184558347
951422399
438139943
736999282
830511883
863719956
34118776
524683880
143044179
713757044
110352075
345052931
939405300
505720507
91044164
89760732
988135185
169482050
932774868
186246795
106997652
234915376
74651143
518004178
102618836
985270216
771242674
342793253
484218641
516447032
330906009
668776987
320385782
621562303
405776268
3414017
485282258
292411395
528097896
628326436
6168438
490966322
825895719
798090090
996686828
916939882
887850821
837338364
86421931
673142040
876101511
45935934
760573767
950752653
563940111
715708954
936022868
187699137
58502206
272757860
556662520
241924566
941534846
877048301
863486868
199827465
732978669
201285477
492238860
113592917
829611913
350923649
604559238
508023983
1530090
453762418
277480216
741897262
143617133
216418498
267555653
19718643
262354431
28129419
970471295
826294542
743838373
759010514
866510030
654856930
31768373
423172549
896781496
825819570
152737201
760268363
25647035
885715870
961553840
370402246
999308786
643682104
721325894
456384375
4222438
575372336
910146792
281702653
317269597
53763925
498121150
584825250
73482567
760475580
465471020
896470214
439286473
61825744
507997079
305796502
716682674
392281804
581485402
613464169
70617725
734222603
226248883
96264759
472454824
40319074
466667004
324279961
536517529
40509250
780664335
540739966
615881585
543327479
822442618
785667533
597091403
320563767
223009134
523090321
81039347
688480154
272076886
372842171
750305897
632590317
678638673
466988570
24872120
112640426
932969090
95489844
846863028
11734325
44270955
171834203
52053398
363454310
348630515
588570927
403963559
129294850
129310892
872361495
525138680
804269862
658029028
122230082
124833628
881038161
497836754
58389326
422034666
622429992
283747849
172340563
255020308
962386521
491845484
132408779
75026946
424814574
80414974
774406326
436548898
124685928
798756880
341118647
340656590
147387395
929689573
744620148
129198596
911516817
469497995
654337275
568303030
127527022
629083708
545653009
861081534
979436813
456558687
135632552
601866804
740306535
307973114
709403463
555209407
799818597
841812241
482752704
77149522
774743567
109675381
366214771
751945846
908432261
707333418
92602435
55819655
489539342
689738935
37534602
253572510
159236929
544388228
821875539
139280302
25988287
367528548
852878187
5425099
824087234
988510738
459808255
416910120
149000203
169211717
972119526
948818800
863540310
454872229
878484673
638283876
564547610
244699444
242746073
325496222
952032861
335348508
233832228
294088554
25087442
271366829
547661064
36840722
815755056
369536602
28637375
841743342
589581501
881515561
699684792
266185086
870026299
159493046
683095205
19026501
181221115
655214730
820361652
44761424
962603311
551362677
535561651
379667272
796062120
778307723
705163493
600611332
113656230
938995720
894699885
991260023
62878900
294877300
880617096
878633955
664413902
909254470
572893648
106511754
790770031
125094791
372696840
513312681
284587837
55792044
384855533
465808951
563523126
57733537
363086726
526126436
609096213
898648376
905793707
257674684
676956098
463473551
710802367
643128680
402469270
458018603
486905054
465348169
752895903
220038502
196498475
269826156
129292971
621908474
376337909
772579353
747003264
749034748
138408385
31591100
804826792
523263918
349916402
220866269
433513806
713003127
746992704
42610018
464167854
505302762
152801053
141123952
968776312
863603419
636768983
223761933
174138373
976190388
541626453
927034275
196228889
738124927
196860430
178038212
212549752
573198339
950617564
959553015
174749438
89025949
843660467
979576229
464806218
46093220
52958849
898320023
759096347
799951552
793446392
75780552
157770665
946247444
69420855
979063328
662367214
706189837
55341612
836505586
534896577
596968064
616056213
731125465
187609342
812916642
909163676
400159093
238631332
712297592
359712108
413380770
801323540
55888926
245473350
118646109
101982145
298432199
16966131
861078491
950900102
810412522
936859043
108670767
609176317
6279897
940250446
124059882
564986086
995592058
813081819
99882662
592560121
429138031
683524478
780169463
94571025
445204506
32844907
185718708
10018449
392557014
599099477
811341988
448445939
697089179
929988096
550428084
995521377
799470578
264022926
798937830
462399451
53398320
760124948
71575767
912194569
700375394
48152000
329697006
548483803
861233818
282096019
141043923
142888201
965620496
773729737
89975577
263341353
806574644
275694284
273359801
51648009
874793761
937218140
352610300
424399291
719722587
903038383
272437019
519193164
19577660
71374848
981592614
72975980
831499796
905684732
837686900
384391541
806353083
167383905
932875343
520103253
449479923
926435617
662991453
267616770
552681706
752967029
383474475
211772701
28661312
656834275
115937061
755971424
446568767
468547360
32887066
166291353
224102094
305324084
538000869
243679754
376698932
372109834
169172085
60715079
130310918
6858984
297622971
936664000
26759240
83014665
456767252
328755514
9450281
972275056
596372283
414648338
577758436
979846757
478937390
458936100
489197384
594874451
67423875
935766150
63421810
100310941
954573854
287523904
405635024
492574722
383720009
782333955
864684556
552892093
695565385
994995473
412267428
993188355
784175824
291543019
76203019
93459428
620298532
938169652
65734483
69187166
205334341
643492919
49033923
684271731
102429018
390747658
279146181
22369244
179030159
195084342
122680184
133604012
482608245
528315208
478695086
866328253
163165514
195895993
271736697
858730899
43407817
536520476
851919253
827583640
828063494
780638624
921043067
448362025
718808275
839293902
517549191
924142615
335303172
419099465
460930697
290248541
662363474
740076877
312617784
841393632
935161219
435297968
827513995
270285815
963613175
158725432
989130420
126778688
207137776
113383468
985509586
250545592
649903944
689945191
930645584
477967437
323100166
704205002
778845814
41908440
543498903
148911356
818567406
878802074
568010820
132014455
21566966
82890645
872091331
334184750
924284276
659768901
769482717
604314622
782571068
733095891
615556406
771701487
712390930
822694181
885084954
550416868
73239773
387505249
92878410
856401708
865472686
415978575
560606709
496834851
310403366
956621964
645746206
128970771
687940389
66273377
113501577
709507355
149164021
985592908
43692104
73448296
497878160
813174820
530279269
132965579
398787062
145835674
904667065
111177991
821046207
642268371
514111210
746802331
29773619
606989619
603204038
747762656
22968193
16327098
97113858
333371558
972949061
742860063
314858681
513405802
809133439
428360257
222913156
958297459
266469516
119121611
884262106
616864028
932296430
267057727
749829606
183599843
265409752
507013023
147294185
86455958
1797745
661405395
833258288
31571363
120911365
288978677
631850371
143879558
157822127
728964228
329767467
130771187
324340643
644626147
496693340
133474081
925502756
719606495
91771540
44488623
838728105
828549997
661352650
623540886
95607723
411182256
659657080
361017475
918195278
806951265
299989784
919993022
320873011
133248072
804080736
441784375
274743100
288447458
438180284
432565226
869928038
767947751
415852765
194268680
265090249
912546104
180259112
190593004
484668951
124547003
235081627
175913407
953097000
896434276
651970645
48704722
160132883
311627724
262238548
930844512
971095340
562228332
703353885
144484702
547992755
359950973
586269077
675252206
648398430
24449360
107817432
370842819
644913462
376186548
565111498
910003711
141249003
745370610
100596714
478434305
869917612
188194692
654347712
675530963
937145320
158834708
576752037
97278202
470462431
838990584
880639066
294074123
253735267
583992950
438558824
654244373
943943922
24827900
329496579
444858704
901793612
289830362
815701522
399223425
518533261
233329372
309227135
659782263
831216333
262340201
138216568
553650296
303051244
645080631
229181259
240196563
803915338
805933295
189991117
126894120
497440230
70630182
420968242
603691849
507139483
859527066
257936221
303599757
736871317
439949151
600974812
491181280
729779512
269192685
890404705
100829124
502522056
52148191
760611387
186254740
167004743
751344306
739905036
470055987
248941288
969086294
710252549
905372977
627535940
752760017
32267096
977492521
675906550
305751690
581184369
35562385
17795107
691636942
339162141
607182775
131586092
940136952
98364055
713881956
61845988
841285111
814711079
564368044
745949653
427838817
750622783
912954396
31699474
343044170
383010382
280640761
164646815
945779282
38530089
792182754
698539299
70797185
622191627
226962200
229065226
55892347
262524584
99376684
747529288
601686724
706559458
879115380
394340027
657439864
445513687
456186015
351241326
260224765
873070410
97190979
688063582
476209544
10145374
719763055
819253714
245672107
852920168
983900528
43967740
891450256
628599634
742507038
814763792
250791260
969469238
43829017
306683606
84510173
143205700
54212894
686196897
702281510
785844625
933053275
359721373
83874663
241755641
710962699
344099427
114826050
660670029
884679360
591035594
523331754
456958767
262805659
769003860
309878934
246706186
812971599
53845541
875305819
407994989
868609333
978613430
229980578
764954701
137813388
314490750
760676753
44542633
853203998
462958262
830387257
786257273
675195986
914261919
28012913
238675036
110877697
995355315
899345064
995557057
438907260
422676817
305032175
701712918
44197028
614911108
948419103
709684979
668756648
676241274
117679967
389882332
507371055
200176896
154837033
645184442
367183997
915513785
689727074
220387995
230988398
372630682
859161619
906184383
139408952
739690883
144859419
250286649
735046197
896720834
98360057
26469808
171914003
403392231
728182725
216111030
870819690
529118180
925796008
392092689
57875805
895992326
781975021
565246859
948685573
936812053
210431301
315869570
704842189
900158374
388773916
788346938
125305408
247935534
547047672
264714359
987626416
544423442
515001007
575188965
441144276
465877415
601658772
613058278
869269645
182357849
681685659
592605686
711476028
459998019
984698375
769351832
208506696
766673395
334598690
157192269
556001799
397546342
325578190
113360339
150221068
714352105
901707276
275526475
962287638
301271299
540240833
802430405
845694741
55241840
230135721
139355368
373635606
684310845
752413645
95421603
866668693
286615655
688027288
578144720
746613673
672725662
200012903
955120369
291915408
534611592
112312637
700433558
932157934
290407178
813793896
82379001
4759282
568017523
210421827
819563271
869288822
750662659
474510027
567499914
658420850
704645748
706855281
32056456
241472944
311785277
127478058
108141636
598400931
815505345
538802707
345014604
340747359
738815609
152651324
485179118
125943552
117480312
185612676
58101485
407887489
851922923
992996837
412646770
272456798
55935015
84726392
141745619
806597674
559236418
561761884
465018523
116398517
268617164
349591330
357871460
580402440
477069387
466013095
31319722
145091084
4815801
376334325
338354794
596147761
528985648
823533911
722091313
646465959
9146586
632709149
54353447
713585861
478222338
319516568
986042658
534157352
404242959
980304628
340755025
963479377
542066511
658289900
79877893
663200026
7881229
290265705
96118817
337466968
756278799
127438538
482558051
613610952
503772863
820912844
62275064
885274862
496963106
784366376
384257173
358626044
417075525
291126971
72211904
895297862
610643539
58254561
281971565
867402849
891075540
622726590
683398577
285658402
133532841
615792822
948858427
141414069
906058526
44977243
478881036
514853676
172415780
813955438
128464627
528704994
487384633
43256043
413979856
984347739
827622418
798237028
342973782
97214294
89363998
267702037
992512155
552523888
178472949
127000072
272443089
69548488
749726661
955841665
355206889
883259501
571634486
156581667
877189921
330209363
201558909
208587309
845063039
226491040
22542746
826044017
755196034
509927379
869300059
21692241
346791469
696922477
819929268
689765250
794136770
761809617
957467286
639165277
166849857
135940234
766165348
439292945
58005073
368408360
247650961
265728313
104184212
819285447
422309979
981374132
2011161
623868887
42477792
847074199
850359926
65020538
673118216
458072311
427464268
394934626
479764551
774255736
91857102
152210170
316537337
738510224
914019787
126520974
230191852
933385995
114977559
848873551
225195291
172982631
69798262
472846251
438710943
173982473
144648049
861020921
7872956
146659210
337406159
50350748
993733408
40282436
115371285
519367975
498354747
395351904
914302601
978119297
169607639
858676054
130329467
486144975
449702629
896865605
612665948
679894480
682767951
727643506
381284382
907963241
753142488
451082643
380809491
44369782
625065115
525457540
905390702
485454423
672116749
95313212
535805170
518366508
135595647
503692806
37734483
486466745
899044709
952037083
317102394
921168699
663229488
299948212
259830025
112932117
49330168
872495972
645342948
732098118
452655829
26627330
492577710
58314668
477709972
873387200
102684449
955291439
251361091
8075150
440745861
775994191
955904713
829067382
294360699
944016711
185276539
184611533
282999808
84321247
136648615
600102201
858006297
652394454
752566764
117836321
765326570
801896931
842848644
263185870
386511400
148020824
289813199
879089109
206335491
620039522
604992660
309019939
575330960
708870103
169611440
868593172
484864293
125516152
697660553
631741343
69532862
882937091
816352875
205049021
819774689
805517841
805151221
530297337
457912295
410234336
648133657
75755216
64647618
343498652
338941085
451159017
491519475
481270635
182764477
697854965
101310157
640273489
6874903
529157468
349143591
176486342
397750640
686524235
154518845
947927544
318265578
76568059
683380987
134618452
281617079
355672027
792652645
86768300
885969364
103081291
349518987
386619372
178836506
414166605
730118024
370293943
865325621
221637498
851564577
900606450
919492463
952874733
540879938
778883717
334548553
742539880
955370059
732299192
429064114
109888903
532743087
599846043
38973313
216124073
586980847
320590392
571796100
379633491
259875043
310281815
482714781
609394029
696901186
514067638
23560633
427019209
884361580
741402606
501173059
735926157
642009055
273181873
541317241
35405344
52065589
875865793
777945223
859951999
460681336
59525688
822357254
993424423
659371731
861330566
62064847
98868929
181920957
486377298
478502419
441795999
796659112
813733551
51190028
493560298
327801188
927267012
773095858
64679120
668669617
274268916
800605276
163195023
547450788
194438868
51116718
452032729
922821013
829061940
311984727
236018700
741103980
134341980
81959474
252992062
848188898
144024321
351860990
30109854
630401618
830363408
324422205
279577082
496613310
228128584
773137379
824414497
7911947
398749588
889093616
676581564
673018504
542215243
692292938
72985643
589170463
743409656
525018371
511991475
424987947
689519450
748010174
166091926
676377781
829969648
419083987
524566678
826510320
770944976
407192884
309428289
453824735
584131440
589005370
950438044
812260023
214659100
627368893
820171969
613408688
368978860
349269884
138943543
763710455
41562822
211929185
352880917
637488829
589463908
717388743
62476775
278983357
317915268
81085053
955361137
401267
500169039
332444167
826911586
123630367
592153402
136339875
429971453
176284841
725345244
232925849
841061215
940004344
860294741
513749535
405929383
81789952
863019419
544872925
845500406
757098592
756802109
50897674
247103772
198782368
768286416
309580546
477765724
86201684
390665598
285643213
86602950
743350989
470603731
766030888
866981355
62757132
902370762
149469159
91558324
480232357
382395007
932619538
272753052
95206099
446369072
678682434
176996051
161904842
76071710
875012808
771519785
832873819
925910482
18623556
31656186
546713249
180720454
361938262
485431284
571386051
500097826
424550586
167253391
970701556
43097825
34234745
33458687
945468586
36220256
125017010
278217294
418615262
910152899
403486698
513821361
209038322
82169131
690817411
370943164
10757193
418346570
142462948
843631011
196773403
13602856
727803548
743486652
194323309
942258161
81434287
618225711
442355986
358501224
785479102
265573893
401599048
672230198
151548931
199583985
708450453
129082292
477801279
127065715
39235190
881287976
640887075
248273512
815973458
184220837
471733027
826730650
602567406
466712326
522878012
799340809
480315181
103197912
395343812
527154841
45456072
329294450
145380552
340328410
687795674
930859653
605902302
89394721
455606202
757451233
288978706
164056655
886533524
619296336
143638721
778285066
353100663
784525795
26558577
21590472
821262983
350807955
848321122
276346740
817520280
223715485
75687548
150351813
179429748
323547711
677506653
77402172
652842161
822887204
417730581
193154186
606263208
876149234
282548906
61869410
486116818
424043963
78442416
225166694
43340298
222081136
3451759
396440960
859123282
882526687
418031432
680386264
233334641
118868905
956733003
50854920
195100741
884936903
53723084
374530489
61000965
731229737
451932660
566359477
406633292
869663240
759513662
12896500
598328825
42062568
927282261
84445643
318622882
858241028
309612336
361963180
80322163
165580446
610920491
791961796
48107132
28951922
324864411
133958124
337178
134113765
37329395
195437919
19050667
91052479
569968407
932567984
822282215
21901066
498927460
228915506
744080657
110957474
94328357
194925833
5536393
874126969
279371475
324159274
732367996
441500162
686122453
665206510
607080607
149559296
309684657
655187738
31027569
634549067
789145861
31364747
768662832
826475256
79319017
640229850
917527734
649287423
572797833
592326300
523704840
924241645
821241805
120301848
35199118
768086514
315227680
40735510
642213482
447115507
364894783
227097830
888615668
903533588
744820691
495696275
53092883
54505348
3400364
84120451
689054414
645062577
115485197
310233597
324054184
47320565
950463447
94098269
696607987
375777631
686424568
72829178
300019275
360182724
45647377
187734744
128269237
360875057
228470253
622999071
807990563
445881388
850096900
549122582
349414975
447433942
44818856
255024209
501939289
900735572
339144659
43510055
545798148
307146208
353743651
869852331
354466772
156723449
963950599
903591111
532501080
502891518
976420288
832520354
863074241
22067665
20255098
991343478
235459073
101241702
466858900
895965987
547123089
169472151
445088568
749054415
616906092
342423776
4078623
118845381
95675699
195739634
14871787
641473846
502885841
221131789
363842528
709868964
377855238
180309478
613460074
910356317
683200995
442396714
595393022
398791587
316980730
468164471
242651416
404956154
569406173
709510315
300922140
969045613
878982465
598527059
718100028
495888557
940950834
574695002
467250289
36626532
770434635
334638427
530616729
125836827
555770215
746975608
835705791
933625452
927285085
301682216
843981768
463002431
744078929
291891142
861794018
913576010
760055612
104445433
318532163
181978136
666472100
471970654
151023749
545454564
70497713
721640128
893859472
863964898
296335129
213626112
753107782
66769764
548264538
136240862
45122942
104034753
883216470
880828732
37660204
663017906
182510948
734158324
126020337
779106228
26049465
840330706
692682238
638621428
797292490
863730752
820599564
316280941
335701406
971623312
861735505
258715470
545779791
608111328
122680367
842114919
821737440
875788148
761401034
370001977
12029010
806523976
326553081
747761831
539869059
216729637
410779736
722380006
950887960
389316424
354002586
829453776
82163481
46684823
320591555
731972323
762931926
141191118
48253263
98633331
965330781
762505119
209865152
511110571
370616447
332545519
205741842
44870238
60850018
819659227
414872214
925395379
478699554
741425295
673157209
18568613
958154931
936453297
593464970
761559242
178286072
947467555
443529369
260449553
846668729
764120923
992421875
609600655
757828393
893191489
560750337
723159173
655696608
770615489
86786096
878829406
955677359
145044289
923699643
16527376
964703515
191088208
794439107
443403069
932513502
320112667
314488033
743184784
256565963
907953002
357260377
434852035
855420557
653306097
547817939
554605637
269943372
392756165
16722643
27771764
285947653
577472980
603447288
794160612
200604820
690233383
672990017
8798530
835277671
449206011
25325905
652497538
640294219
672281363
95900606
425324072
992394030
262904990
21025208
101476344
170857991
378285584
536328378
878794899
31591681
84146316
433400536
154051404
329418832
450123178
181823167
615366485
880112509
785270454
262043448
80717328
328020189
935033465
89515857
15814211
236755827
967358114
668311748
877050045
492155828
616728705
302374117
484549857
879633694
323399324
586026201
903008037
554201259
974870930
781802935
438309291
911533598
67719822
592360694
240952429
370359352
774183860
708835265
250471860
411970666
970878713
183705540
592507206
758428529
125737748
608321416
995184355
945612213
129149516
872234400
437768041
598394572
27124868
774834249
330544618
203040543
213376801
233552654
757241801
188247731
867871940
195551092
99781328
935591762
787911785
193250108
158467465
414611997
902085373
408939324
679099014
725480437
445161215
271606219
483908965
570898963
732443986
331609671
369027527
861593501
56360422
806795567
312504425
83485289
434146168
643049042
286525831
647522968
876601695
43767632
835770698
596989986
91835075
788068377
385098099
732263211
833834837
543565563
146875207
588436561
952504887
678490572
313916997
250182453
950096790
650342313
821081415
535057128
981951983
42625294
249166980
38312405
849420860
561671404
121797693
136083379
204720445
260839876
783606347
933838491
157123859
471893396
530828477
101475285
112478125
915926575
833738495
946312961
312008490
833130054
534749521
117029728
511620625
701182869
367212180
314233767
351525181
40809947
849290894
185993515
83435240
98457873
224305919
932856099
512645629
198619964
68939478
717366073
311976191
705062176
503720916
469100049
176955571
34549392
570575333
289433695
802992318
256830179
88263007
115000807
89960232
623012527
84546886
454097209
176711747
451759066
768330975
528236927
492569012
470138220
714230442
576004251
421112444
791052712
361376701
933758072
989672675
282832530
503640497
154165217
987894705
7361412
623265265
17366628
894427155
46356949
306800322
549935824
303187128
395063329
517452983
245663711
870592207
601999868
699760919
47303954
53758933
320608245
428057232
398844296
790746464
142287673
974848546
64375260
785856737
336225247
850649683
628045763
619057776
206806531
782210980
459468833
66684294
257992596
476835460
961111448
304349545
783635781
363563624
460053024
31215461
733532958
705716734
901807668
188049177
405477653
801627973
94324462
726085897
229685204
493168757
369348713
224489229
468017303
286240324
10345965
656758901
136890006
490908079
128333028
343696537
273119058
587801860
410380830
531111654
64637319
224008630
687977550
700789452
440088605
148030573
732004912
173621562
853747306
486328931
361670738
111741310
140473255
455995199
690343559
370158459
949163956
59692271
447164039
269697610
198448946
310026355
926456510
335338951
800934433
54789537
531551839
74053491
495107749
941932669
457681496
559745067
18457650
145659045
113050870
458546254
146205969
845055782
484684167
852469626
183901064
846354904
964210936
324374319
154866455
507070846
547049129
956546762
419279468
994213167
78760723
617728413
304239521
5217232
953067363
105173953
912523120
337135554
31743795
260147220
131584574
341941642
819892287
150042223
340117038
932943156
461104828
338839358
630515289
945788994
191308984
666932705
644660249
8036271
991307023
799526703
515107116
390872503
608589816
934386583
385085669
687350538
404631347
541841541
545084121
210215061
499531845
310123593
547350614
383791992
570270812
678935187
725733633
242679450
828977409
918367023
28138958
142598588
257206380
658654246
88387581
301031715
178103302
733047830
309067985
21926676
385090884
676691452
412799178
993680700
463594386
797884846
533547589
868225732
192242738
78631710
78440793
691774583
388755302
625791406
75566574
959026113
157242945
653816558
54221915
986220353
572183580
82360872
128818941
681906312
741015117
69722873
982938026
919118419
655287054
144522363
941045094
40377938
821213814
206360624
886574989
284808200
4245469
272638929
5550283
49004559
351270638
83991075
740779141
592542291
562298833
816345714
404084756
719541777
322678623
458306670
558278481
894862203
540667541
539613773
429284866
134199009
609336646
412222891
53317427
117140051
556745253
846878873
10034340
230475419
53239496
896609328
515283618
910001316
21764609
520833900
959005874
373035246
457341327
552301366
965577537
19640159
221163431
222178644
739181935
543842054
680485313
149976767
291220608
221152853
689590540
720505473
355351861
151443537
132728363
261185640
268583587
541989968
960580864
278617927
772465386
866336711
27743606
140265355
628854378
49508214
513615606
440376604
422543460
970956932
992677969
240637348
990597090
213841400
462815991
582295376
757683453
143301303
732272143
48904060
216970507
274379034
621925884
424838719
425822570
607170598
686024358
694406156
1676917
499121573
973024082
774142302
365458283
767688
766924008
994312661
50275901
280539614
287205616
325335712
104012897
279883584
565973059
94609987
346241335
881305401
529421714
103924787
877123055
114210208
5345198
94093561
388589241
479787433
371448632
814411810
86958031
57472989
361334318
88634947
409110914
334358399
715293601
774569196
187642438
482217608
621398208
237918339
615273573
908603823
563254050
719286470
41003759
981743461
666412808
387245093
863048861
48350873
343686232
592688268
162561081
201547781
539298180
403666673
681335214
910746811
70594835
620809596
820736152
431929152
709444542
229847065
766287550
277254494
856932612
953929988
759472102
330847172
44364678
227262026
91967346
460135079
946548495
132971104
441878539
612961302
372732549
157443752
661312175
716418780
750132019
676389607
770482912
141946550
80056279
304334477
52693361
150651113
925144072
873429512
582580264
487104966
955792928
201384166
764359459
812725539
7830505
376347912
143572710
52195182
603609938
88056408
364846612
550158432
221027511
806725151
15636086
593760059
816685254
529464612
162695190
419333624
205854218
933178102
561280173
138426848
90028930
613973533
289077961
15173002
339919396
724174576
502277967
148228675
925558741
119153777
960954214
785905597
495501689
957043275
690617130
99111626
45099682
55463742
501786409
118643545
714705244
517422494
564919955
531390497
46887105
727615145
950724120
105257674
513309598
364520644
243684522
603338527
978494177
385278834
471027880
170929924
109453409
973305846
319158599
887528502
92459623
132629164
673434098
440477663
942188790
216567580
539589288
839804824
272031321
41375696
958448368
986736564
411314542
375884674
370643412
310717998
103499818
173883883
268492024
469325767
538404526
512176545
925180646
369415054
897455378
396208525
392861330
859425138
222030723
712019928
746953639
167006697
697165443
272904089
607484359
639354232
489471668
999589998
331675407
614019340
893482045
142640126
453272255
157312938
518524800
823915666
468030936
474540969
850315900
736522959
943866736
241236777
101215855
721563733
610651831
851187584
117772257
3513160
710612721
192319331
568049439
310082712
211842379
117731233
435503152
819326737
757085464
924974819
671433086
88760871
391510510
564915131
83917348
844782764
722228068
602442147
521214781
42775355
76983116
371530680
631814665
873366203
612767456
733030519
594929935
75935638
436734454
565218543
931965149
147347175
610054226
352530939
309946238
821896604
470262171
745449389
493739693
79863987
522940559
165172778
21141209
914451068
582604260
105058556
611750183
157348680
707500703
132964963
200124034
784483818
357011994
831938699
510366372
969779449
417485569
105296306
898231439
854220023
523031200
830196587
854083549
133085425
35243878
16546138
807498381
505506048
614511878
301238073
585370034
137452436
318927202
606511242
904419855
901531462
711569798
368686389
58880141
419070500
501651351
111520526
56070669
858663344
943459224
566437040
680959144
213461145
524249697
431706934
920197519
899797248
114419873
626797419
885399025
149663750
643343556
692897405
655169797
110371785
846651829
240539831
100340572
165579030
847051072
4760426
67110491
411137221
225963166
978506983
830207720
727614516
90027509
738794740
438794211
886003084
157748131
972269706
99464228
681997827
403976640
872178098
434311427
518396512
498975516
319710451
668060261
994835423
865124207
175746409
105207207
711776035
416286239
205547778
729871416
115853663
62824555
649498259
526990883
288787720
628005241
209714955
868918587
570549101
948509694
160229149
456552185
106257825
132498855
408532764
640772003
388991846
133227214
75083429
907388357
632202729
247310231
427964969
479554504
112434437
603711377
584761710
676726823
872513968
642825840
259114591
988367630
705650394
908612849
367874864
846954466
389134441
430106170
715873052
959683542
231132216
876102201
268752078
189906392
861117407
677284841
830678394
250109252
810512054
758278175
10013960
295231135
858104757
290495280
774785638
823055546
894206656
212063699
352298720
619236975
854889538
611413310
460120956
413056284
520026158
827995820
112527101
909160599
110618341
828400152
721360492
341750556
557018704
990112569
531656947
270652462
519913761
214851693
520761713
182942167
973129867
383292024
478173301
683750975
673787303
105475290
506806520
420510311
170055340
859105240
39747285
24944878
323034901
499868241
290517513
843061059
180380412
403044613
604738009
290998752
83961116
178614852
632749308
493496172
168727420
16922606
764148633
688641180
231774298
137426698
871583346
57420516
520718721
202272998
741171491
194506024
160264639
100494362
615016334
330319979
959599601
507279970
207781208
135150854
7148210
498298720
978211912
40044973
753859684
435466272
183560077
837820799
614081123
816309384
183833322
635324894
833231989
947981955
176482425
65006287
85408652
48065771
122426802
606127372
102855120
716114644
653149747
263119759
816609006
120682432
593439737
628724958
627962402
801220944
763875811
487626963
152036015
594604074
527671936
905895698
30070345
711232012
596232848
496667819
380057747
780066170
131992712
65806087
580564476
160991489
983328725
665973127
61573611
958271879
124616850
164428730
674386522
777766597
280064840
343511879
898449028
873504576
972236837
378927781
527241871
736112647
866554744
531794237
183233073
246743031
290206286
65819769
957975042
886439134
562487588
190549140
519021655
546996651
108871578
99586130
707988139
92200303
618075608
769561749
50472181
595208809
786506831
577375054
225491757
66571670
920886933
123940785
792592598
745640121
355384917
172350820
334269119
221939660
704145057
517502191
468682690
994351342
583321960
279174083
733306827
145809547
322239574
104844833
545322549
431111152
56947314
105827040
523311454
675022921
727905140
426299986
122748082
514411970
856191391
348239838
433499992
629594675
324696974
226092589
375234795
680081891
398443408
709503914
902021550
102588464
79522456
223220592
949456158
662844415
354911026
682762984
661170313
677150600
787607817
59009214
108261751
844555130
164836253
484089556
372094403
892741392
910389541
494842484
259669714
619097283
843082321
693169705
248691958
20295647
771778645
476443104
700377537
22738404
38463369
454915438
125326868
117985825
678136029
927299377
780830239
33047055
462578712
442000552
562714006
102702880
501009765
670975756
947258010
518362369
7581663
171868764
263620112
917971203
519227599
523289825
389584837
214826271
68975881
638276794
235121917
840754525
114719898
935499453
863492929
5699618
390414891
841336148
123685442
921067271
621151876
904515681
806630677
83730587
199032584
369344682
186433467
700042348
892836789
986207828
70921068
900418451
10592943
334541179
670906005
529820541
857831004
60490842
744646811
779323236
551283987
979768728
472594113
518520236
915268180
188603393
524219854
158199422
29939540
647905295
79266693
503607767
552420975
738413721
587338353
751453558
107758403
626288171
304012257
853111543
612495998
374933324
753529994
623088940
709474503
276952350
5425832
419821858
337443191
750072643
51661445
888727178
729841370
524255557
259763765
497625901
712858949
783983618
508341675
595314840
431888913
440124719
98922606
836826239
178538439
538777311
440796149
138813193
165065481
744808405
991924736
630077831
972258081
597971081
105683122
534248935
874923430
111108954
954070792
64882973
861181596
5732236
806126502
443539317
382504145
65890266
941165217
95363093
849873884
302023243
690677933
134279148
742147961
642116890
971105386
920686400
180894200
264417886
912015944
198476033
9226291
756457031
828553863
834000723
206944463
934236984
368249657
81867893
45345937
174836800
999267217
906527532
33085387
805393718
202583200
415589531
723800335
143748417
363468976
426190570
298288011
54146908
560469717
40435972
548780149
384091455
813638723
729674349
648509340
725654666
928150381
510251982
334628049
609220595
196769056
541572511
543457578
565018712
475956755
441319867
592371863
475223971
200363750
625457250
133134040
402946950
893563132
856934375
399211718
257032107
135641296
697499728
163695366
696111013
737935699
712475515
932718819
404090773
294666215
433744510
129745439
75332947
943996492
316889839
684553541
140765547
858462349
80527470
558300611
334419104
521847336
3188825
662159426
722211086
628646074
795293466
125158035
374725558
504744192
376886104
631757664
640385487
74385831
647969382
189012851
664837882
212961248
121731669
68928654
507627462
407992531
51190444
435476760
204505374
368080282
120030300
197787272
79058983
53074121
756087882
413478086
427437809
759276707
75637511
2165246
240439132
723447328
127323280
615164689
80707871
356725735
99438705
573609710
431111565
747408086
762622560
95949446
960369333
736870581
17394452
320513146
144863111
68584895
755989905
201884836
289181529
728536556
399672107
368240511
634127028
8276341
634234948
61564836
767553047
562388810
63730081
860508530
138352490
43569712
328189571
219060360
400295446
427628275
792670069
683923363
27552712
407808981
632389160
840438396
997195913
649783611
13467893
994575375
570884858
769457797
196460210
712582738
350510704
596132316
80823248
984637731
604408656
567574547
898718919
224478054
129963356
962448999
84986584
268315845
858535063
265692506
339892557
111346860
693320780
132562625
795270222
573389843
392887957
427659382
413828238
242600221
929959344
427296130
237175595
353360553
49270278
286152156
65943290
252297333
882284472
999282889
89451415
339209479
566857435
988170333
416203885
549337143
803135684
353706820
817652987
661670746
619399325
10061895
773017605
165236456
142624520
420804179
738626298
388028828
848463560
4970887
630629049
630939255
432267016
720320995
984299808
334053645
6473151
50243097
586350977
741273974
902042338
675802391
80483452
321416124
663972724
349203688
870753266
319624759
702910507
540922605
981295504
322309831
550984499
606829460
487546286
546125370
27633638
78688935
934154198
728613549
83659821
417299598
212069156
515926836
137620592
196368963
849980480
996610094
99128411
288847808
737884067
1170748
964650199
670883871
175103224
481139274
20087558
45856489
800764032
575514417
586779093
634575887
897824247
137763592
93921698
237886885
536405313
121555336
316575819
323075862
702685236
400235640
740375459
914754391
768678827
730512403
963639705
471175659
579638848
62768116
760023466
170039267
916455215
724673664
840923137
91558438
58329289
713527046
989931279
859093320
141557814
429226723
493669206
39382061
419506666
587590904
129785297
955911979
561662591
298877467
278987840
116864178
699113106
871879651
884134921
320308285
454908405
847774625
791483943
34547252
763059092
551507408
204586518
532030659
128697424
898026006
476105448
187026712
464069404
318553078
46120032
605627217
747779801
392305589
497525629
167286466
832412844
627310925
123198444
246591786
926188392
254702636
363455964
477817849
126582286
100107236
798126133
434007042
947881860
442126427
468554293
563457304
993633835
525657163
948004314
974847610
423683168
276626113
14390673
887752571
595179191
60510704
345896140
342958991
305332645
843421768
362761808
137745488
323249045
338476604
236853626
101953788
593179239
600309589
579771636
572277876
700416824
230414121
6284917
500815035
672540547
327355561
916788690
518690733
853012723
864793003
346054694
129212243
141419116
360445367
869481165
589114658
273472422
215377304
932073648
578805066
58799072
147351807
569066906
234564468
485828410
805920531
336518255
79007648
258746471
916289890
503801875
811679646
999220362
362603143
165011032
524277261
542475056
81799722
42967993
248004130
799109076
241539039
377216372
793044543
601984405
99213889
382159200
875456826
314591192
166749199
306778244
225906615
314101006
875845149
460471082
799929415
534282031
796989336
731453415
645544853
565795578
87771641
457224498
417532291
302891136
622235529
941809551
845366191
556551602
837293896
93370320
355660678
78832934
323103044
1221572
680817338
422316932
383380772
408790515
736908123
402646322
715568758
815331090
716747327
443930258
128318523
369193094
978212288
925307859
953162860
476273492
343619788
40934500
933497989
761152078
196341987
408249870
555477981
41708177
964801471
392771876
135078497
172978500
324121161
310697892
174200072
4938498
733014823
410097195
266245364
322439297
812743516
981814122
137770386
382007195
425744379
266088909
751200288
256473019
43913119
556879499
732746510
240049258
450330350
518760851
1201335
646672337
779527072
409195667
688380513
596844894
801967542
675975361
769823394
126088702
986673252
796539817
983543551
572204426
206637011
102305267
894643723
19380526
84119388
32414108
253904072
362380118
151019368
5104359
618853136
47448838
414500209
204115998
287498095
864830559
575393200
141215782
511502895
354920271
550411448
52399759
951765164
204895342
580891472
574104909
183500395
420081075
223161077
19560298
992285501
429798087
121865564
886929223
301694965
205984951
771859682
555599036
568365068
775395402
413219747
39734556
822844239
827719955
96366905
110342334
545066865
671760104
251558115
56569759
26680374
801969562
961485870
830961889
6864903
542377341
257583150
42881650
962458415
480744226
62441947
807260267
763058665
184307510
546705841
64753629
390292460
171081875
472869016
811173879
946477276
738605114
850908434
769321514
418841421
947275338
732180199
963908285
471551793
983738313
872994396
350748518
638224227
834480265
34226759
497605481
229373957
291809908
540487130
44348723
625070485
602929076
851608990
388129149
787236585
250831182
305399129
30045396
421913056
630784497
841219275
368390331
369389610
544644060
990228197
788231030
344435750
722408395
604655667
815987542
558663060
477650062
19252412
49403638
164646678
53479170
399525470
246536986
345289077
940012600
290885708
970359561
395458027
995011049
211005062
35210964
245842231
368920542
65256359
667755286
999705038
758991985
888661969
221611000
156152397
878890165
9842029
353104498
453814911
467014047
21608391
864994322
944664108
40860802
914397959
961827137
94339971
166439781
208364122
439629047
106452380
351766182
262504960
354426758
346777230
326026373
242154073
445135812
694946914
159926784
112891098
694651952
918918768
854069418
916262951
927587516
585475934
778621331
280692013
39290844
98151730
302300404
756801518
42815837
343161205
523715828
857159326
437501176
690155608
65523447
729646574
649124339
269805980
992151533
3551097
616583210
170694257
98221521
61719021
865641171
258148304
27126470
412809474
29583424
733712239
181588776
957170939
319188172
960210106
90379304
210995368
58361835
392679707
967796885
953694024
588357263
344029064
663369701
25858438
34184672
581409499
608021364
683309010
851215479
452689248
539376458
320315040
623383505
637597979
234550412
489024675
895746282
114193234
901834148
925329705
847905472
83422923
735016996
19609996
896149380
825396299
230605363
807027567
70592357
50918599
613237942
658949619
394947662
129123994
537324409
281648685
710533492
145345772
964957695
561748970
598035019
356850504
882064009
73934875
846964834
116614421
562959549
595227468
83324006
317310048
373073524
931229477
253249322
108090519
950839472
1915054
933486817
33961186
661458972
4079173
84879784
127213265
515545144
332343798
256337258
52869552
613992482
966870749
50731675
431466528
381136071
648766693
788317032
115716431
722701568
487798217
84847203
138177468
83025684
168171208
308003868
456099208
99400685
561253189
416706078
50240156
415684594
202709247
84201342
77143565
59304771
21597477
204356829
574849914
353941274
460694086
627719465
967933756
280081187
678451139
251916635
661217257
179734184
40233666
776933687
754952103
380548235
861780890
893129570
463573918
29952097
53649789
772189477
129352781
614902978
188895555
32109289
30587571
391604801
968826982
960247488
450909571
842940810
17120668
25759485
49398436
477814754
505995301
17332191
757895940
36962792
121765177
271629548
69213327
14515195
48563234
824165429
395063429
910344123
569811350
858637346
792812572
623461139
483343175
774681704
90880468
672238729
659307344
121468038
916359881
480650677
934231877
219785803
323591487
951352545
98061639
372989922
281683650
604056940
242838464
39579589
493536083
364603640
163725488
562749409
379118834
212288721
386914837
774182262
975149196
956726186
485335960
767961767
432703676
968679134
395159822
523584143
493434214
54467166
497568533
262310446
535117842
431800409
482096248
711225680
235669305
580157887
84215601
517352954
36731178
179570416
409448894
530267260
396690408
573174381
93016668
775809241
785463102
332447856
402507855
613128649
141690393
740360166
233606767
574394069
561555651
628766588
97978211
54989864
683233753
595546743
169816661
70867947
879863504
651912908
782093626
115532808
232070794
718825579
632885762
268801971
750912346
42334655
799069230
147602753
468025388
744602249
775928346
106004841
77050104
30952552
719133489
218740497
771312717
952740255
793134565
332868367
581506842
743629127
240374582
117256947
191692222
410191242
40641245
71555725
62104149
822734870
39604884
146691295
394076800
672490645
268009617
144989146
567341652
67078847
145108250
35367039
664197447
921036595
141371879
741247551
951989146
713021719
812504399
575818214
665761973
458155315
908686580
99785166
201784441
1577513
69558464
393476662
264285106
110199708
317548738
178905607
932934578
357153622
325596901
179527729
29644266
593606517
177033226
449502269
513201715
174657828
337385659
29915514
95694422
331273889
771163064
900199920
44295607
436183814
328534485
562573931
894339128
89737417
514875449
96123568
91314929
584433912
342116582
355600035
694633620
659665319
534505641
480084549
16818940
712618893
659612277
898979558
158741761
689161855
200998178
671943476
863819682
390900189
701858989
812030455
722174077
325538404
564746726
618986036
761722217
893281211
34076318
508577696
983018627
548951766
457217615
74333555
133385678
799334196
282449941
680535649
311515867
669471933
160620197
180851158
382090825
672748825
932347067
540832586
361910679
133345245
65292413
78246712
376761785
619667753
890277167
98935861
945206156
455023892
570438248
559444724
200821454
457030918
68022419
183840080
5982683
377756385
110689987
991884712
29606933
245656279
524936712
341122799
915128212
685556908
374490308
149735388
210822085
306837375
690567973
572732763
292698971
608376737
650979475
669460755
228044489
393772993
620912967
25766996
848796884
43867567
437728071
49618338
500898484
358266841
85974769
359397518
736023226
49181107
203798582
765630158
294837386
728735293
106752956
209965597
266808553
333759615
359700984
477630637
640596989
902785309
902879751
785812311
511162045
406375577
307789417
591722886
800148569
928702384
617489881
501461805
825086302
55217952
403596494
178501137
266001144
489571262
537898654
2024369
538752369
594213587
767654526
833589754
175465232
726923833
896071702
442273784
60683448
108289037
772420772
553796788
11074345
675300522
192125451
374752742
81676099
499914867
966475627
734341019
281133602
436481859
235802823
106219903
344216162
639399316
284721039
610217306
981486930
675136045
612241674
372755650
269349631
232412552
58861755
444814862
811852736
954933456
739604997
725052535
63222492
512025768
131365675
74296837
39842642
323491125
301565930
974035092
823405991
268041556
708376110
104539593
704523414
796695285
63275847
48739576
288610952
347996886
511473233
270097881
23132930
123714906
642853530
144998912
208643809
701715284
442330126
20496545
509165091
181935122
598065431
572387583
546477242
729431105
499200771
586319883
52922229
800766700
412871326
876328220
921324607
121247435
833384164
478364372
770459071
896660010
379620299
59070023
97173247
891093531
181684255
120306176
867324789
824537785
117821440
75968597
378769420
560151565
948981493
887934511
594603038
399563276
312838445
141080279
128994380
664555567
579916513
34432961
317838618
992787838
910761180
239163224
966551625
596661695
717527595
737010695
493321704
97147894
648597069
590494951
840757776
830281324
563317478
708082564
507335460
533655269
636567513
886104879
93806833
438065357
626555741
540926223
837628632
791910537
682006501
819139364
456466103
114439366
853572324
774304720
107227203
616849855
865984295
73778827
213511549
436028242
663305874
559349604
385692487
164419294
2360906
226450262
994700617
565678384
787049178
502036076
99333652
276133042
240657307
45656837
714198398
719729399
439099411
404343382
511639936
121105911
75999097
820622390
88061628
929571420
447443462
195288831
546421274
313427756
121584009
612449174
749455997
637406234
171798777
135148483
801825528
174159683
214115097
796526144
592354418
1164274
151078572
544204421
129813667
244252230
442377609
844012064
963981628
881477019
100871797
328137915
855099282
176870893
148760305
943160909
106442312
596203766
138449739
505379937
762147873
112550100
117829110
364120222
749956333
142144239
351785056
404298212
168820273
565900152
53340708
761174690
419580777
204419279
305379110
549394443
448671508
747756719
245922859
265169487
481750089
199311007
593307402
336849370
376181900
742067706
132526631
335140563
190787823
123492721
693036852
952935695
236042820
663382313
169572268
838515505
805526551
521357324
242813716
974346823
87257475
296154423
588037864
359354604
353090053
893416974
761265398
801761560
493690044
7188256
66931047
975440132
59015615
512754800
164805854
435197514
107338857
297332484
622854428
298126679
420825204
315891279
103578725
509384376
979273592
273150993
347899880
637316494
794508316
443229947
464179669
734282142
739384370
52217532
946153097
92474422
798150857
707418495
746752334
144357252
567123102
666199732
972313736
626138716
31470883
137119589
913852581
138809739
286968424
536707009
436936417
560309979
705114639
393031493
69694354
536904582
666182485
270110585
26737428
313207152
713340532
490917096
900005646
305241253
395650979
846158742
250232026
46318188
406093588
996984359
43191791
825733042
515700442
15505526
304388109
547171324
5141466
218240690
685981062
144626241
607464050
975433830
704936220
312578688
368465323
774630573
849483270
887164159
44741158
876220697
52887663
610598041
219654144
952893308
915839293
467821474
651568401
166071318
514139661
57661989
15572029
557331452
735911382
383788822
425353329
40299490
930960146
430494795
111056531
469457559
575121035
718520580
297407741
132573606
31099268
665873063
907204179
733098889
405553573
804461688
461835937
458441235
267576080
534006432
411334542
183415372
1827905
62902943
202003041
368483918
973081283
217575069
925815369
561509016
601363891
203685049
601808505
384840388
634179843
712865036
706814298
61817230
283901967
4222038
194390835
167517586
522611452
954111365
900616474
928165025
611089404
214968762
386606259
878665483
748975193
650457153
62080854
603319450
565876447
116600247
971803367
391474081
334175315
750135087
952983096
788055557
953820135
407307952
25412296
440516330
120172987
732226594
502333559
256591306
736448631
549240745
424108891
111576435
503352110
177241717
39741459
114441513
392210478
278864069
845623348
993702023
929321221
760220553
597021472
495197667
876820799
421341190
886671747
63512466
171476276
692171194
851568022
125296410
99479146
876980318
418329091
72168484
609206911
920662649
328759789
198171893
322419746
752868680
309748327
825771855
930110396
202006137
792729719
174837225
480870206
490869418
21055599
410191426
251089971
618077070
757905445
127910769
39418259
497093543
43939586
63410886
189264737
895507608
41223648
141260234
772487925
459552738
213428717
234211187
232731739
394704858
284899431
555151484
89889
594647758
233439690
930200284
796653894
878685760
957553860
130040451
369555178
978609459
540231877
473161500
449202880
150653673
453588620
341137491
647747215
497528206
404548376
837011951
393035813
298288375
978272184
18040089
757841113
44217253
104767627
843089203
438922110
389667057
250757038
439011998
984314814
484196727
221728633
633485060
215398838
31798844
763525510
584954015
10408302
156273738
58115514
459611182
306927410
364220486
800748672
954674625
861748691
57813399
644202927
107300855
356101774
474991463
125340943
966459238
371725067
230108569
809548440
810647176
619775625
60305477
102175525
456606791
397018555
176420509
942608202
612417392
208219352
558650063
49887759
218627654
714923801
960519624
530755187
874367562
324740109
184020210
681558538
39005151
241833608
178277817
146306005
450451733
653269279
271646947
416910970
24994345
354271867
78975761
688157872
974047492
991797589
642849748
283170634
241332495
819270256
78295187
853749887
27489607
636945249
756153997
98633612
204385401
716673620
629388798
78752963
893930081
813409007
760311500
932935231
55242615
938589316
79241236
358210699
444374946
203404534
775121669
321885642
557676401
706613781
862559865
384240244
698411370
505409612
667410877
939743864
177196219
745706063
646010102
204685826
235167663
254680450
303319437
439553064
971354070
932708235
518306026
717800502
598633593
131133877
650735732
506392559
922239545
582493319
864603258
219130842
785897853
492241278
541016484
343574253
198855058
256092700
727814496
749782779
761502312
247741724
542042995
938698530
845964138
40569448
995900707
81131800
295249898
151736496
520684863
119120319
84444730
891507240
836920820
535594674
22641117
340172903
41987233
797397013
922666222
906590490
16527854
708564074
251348119
410060689
904654678
450203176
666153389
484985525
52502307
280172052
732727248
594545301
71386933
431207737
635114748
67287640
512339536
930364645
219024135
885540751
49484963
155985216
777047990
886405782
691579889
652205458
79095037
586083473
302118822
1761258
345190314
318646676
562841683
596538432
728707364
467496360
46741608
247377104
952481884
99243914
527549155
537725483
546305566
598936088
968933219
181420313
666223727
333789106
111784958
737764213
71846208
13786272
893749428
848894198
752708406
437845668
353616007
831803442
23929141
655734829
833564699
221635806
826897856
248922733
818174238
408121571
716419092
717432197
655498675
521417327
669192462
183047829
911659161
215498027
781983916
733108731
249434691
300723994
66897836
213736000
38488206
138744044
227522272
784753985
840154593
980230677
75116005
46286951
664550470
951561497
554538131
350631520
173197302
381435986
599554252
991371539
789557557
168489695
561320087
297572583
689907021
230512548
480620411
454082533
298526926
115120679
187191263
547961617
268361024
106605450
761697616
159365582
97865845
989219887
944119566
790536789
821966915
871751922
836823740
339033736
823313418
243878222
689665255
849027072
625314208
289219506
692914962
267388116
457709200
254235049
564960698
132572
337263948
898097460
454215104
635790874
13218138
493922718
183752490
134095514
600528168
945450105
293461095
550910364
787186344
90097012
341447153
461669610
961848934
30787244
800703346
637678703
274665465
342884952
486705774
752496024
632104458
32137088
19884139
942330009
286372136
437361188
942462581
623636083
187975000
249194036
111943308
53709489
743116754
295695797
187805002
196161273
93662254
481266096
747071636
733364949
571363108
941035140
47550910
533212041
971822383
848254255
23407095
99004200
43655559
510112869
851500223
675760016
542249956
723900714
470606376
681138443
13778253
265585308
157290877
201753252
514779344
269234185
255462741
110412449
564929981
443267742
159090073
511108586
924533838
906161708
244473534
348413297
699713200
292024444
881625337
524051934
992795050
905032431
623056133
36450608
267661651
327072708
564726975
662427958
903489773
35333351
343566400
917268025
300918658
500857277
971537629
668214353
770091461
79516721
778626801
187537793
522784462
937716873
698646379
299834651
696394933
795636264
648247947
248624484
87660707
382389635
772676417
932972109
139938418
248248902
969422716
260116420
575321609
386666043
922544378
331327733
421999393
118627129
101112109
575434402
619484405
72649737
243648755
242092217
152166457
874791907
282146362
527467271
665025132
980792740
827301921
213936416
628945355
328066220
462560899
569122414
562972206
235237315
502094522
702910623
483486216
324033589
963027043
911324176
710699631
738087772
242651908
985215375
856714900
343764017
560649777
328715657
268930105
656814883
570807873
421096562
531606789
852954234
948563832
49148272
686263325
628382104
263084687
167725032
808964675
725645585
736847445
371936881
960882900
91458318
927363855
296885467
415491906
742907249
60725995
978707889
480995020
303377902
963923263
190226272
499658270
377089391
518941928
768588375
33904273
89749800
42201288
418027414
795220386
990765119
467175685
334000062
471663574
730260372
501725093
133144601
308422308
91088889
505081481
121821559
182547206
284961687
418707026
598039112
27868936
479433020
429263352
361380307
635327273
245702966
551606578
134985543
622792357
70548505
903573917
509212981
12814657
945775204
779756746
660551394
789056674
99448783
994551455
113236599
829709154
348792900
246381199
138131461
439881788
603979031
112469372
622428994
888940718
531176397
72984457
916809653
863125768
502247808
130706311
498453040
747950773
682312889
485954934
223259481
752861393
242045202
584988814
618192401
40336757
364745559
278743794
829393430
464194341
125811601
795146381
146419846
327120852
41527579
137067659
767002639
498022962
249537030
241947984
386963679
633229778
167448792
156289683
496355545
669696599
286995993
847324936
270163724
969308881
333279870
345939556
574686626
575325071
930928369
45395378
615661828
148190280
324139172
297571609
612384620
302467124
92717989
611320818
629587975
986761920
748388476
249106965
337301233
850441857
491054949
724264911
483671634
658503740
733070945
832543530
180716691
20066937
679868465
303396766
841892170
865664686
649336321
269095147
293506109
580264690
314490524
909167936
728454969
491146047
59255896
193355940
793613170
4490237
804676757
423201144
843768508
405581584
672308109
181069740
108539792
15879409
757851002
592211425
526899500
490921946
277271306
707616190
363505234
957139771
11012955
57913755
675320808
512865628
179525253
968826916
93130317
494015777
730511203
674101637
985161823
789767099
719973928
631291345
646773687
377167037
54492488
490542194
782748620
579316948
524128285
891288412
447712708
281979286
336016188
974612208
625417583
613287494
534744749
988922816
422943616
398274056
899352923
98264423
911139683
78878175
919607691
856786351
425410303
650118893
383404339
263088478
292402343
103378266
894379822
939176029
480545302
801388661
282234574
115810274
233221961
806362858
859615037
680934668
940858495
48147576
655546875
566276077
661435069
42807976
407715245
936895036
441082031
159584519
887675811
352221713
238462693
807283501
61524415
663872996
309918745
444928753
926961473
454837440
548307018
673857646
246529820
881368672
475246306
528764394
997178945
708468266
187643603
709310333
241919286
128502098
757457908
897466160
547294526
271409329
940274135
807526122
208304364
233872517
967110640
95980174
586094229
58089685
755780026
647618643
721962680
918215123
92547395
501440504
373052562
493370765
27814501
619582381
227255788
503060806
863126
76951084
64045424
41023081
786261416
305964709
22041530
543719323
55947220
569336055
815128651
848737707
229378529
875949367
82610223
196489168
824445892
521220804
254578852
432742270
21355798
829057883
350957392
113903193
183014738
576526305
459790309
210829238
48625037
687046096
713890044
49488163
763997179
630451819
90511243
402774946
936416527
112552772
946494268
844880098
534405178
614139271
693617804
763783706
342604989
628744379
960272874
167050880
149965182
67368077
599793149
171320979
896425960
803266892
137740523
79440697
379793196
450047183
142786287
428418233
137093278
856676330
330422747
753606808
339644500
420933989
8898105
128577378
386003112
955392373
973457475
920408289
422047995
519591631
684191995
764652983
148336009
496981220
784220214
150817542
416865648
236529715
322138520
165807959
39796606
312395395
97765008
272106154
762442577
240551294
700524386
752052207
97227623
30947132
358175366
289388474
304397472
367073471
417965851
690400583
174982195
391423325
463325223
597030189
911014955
33569
214199523
911867315
497014788
998419736
62684856
913880436
87465802
237339728
79688394
127262408
549735122
29969753
399368561
312177698
270521046
952409298
64229904
220265020
835872781
274921622
509653493
140270252
641995092
927619343
683187186
816977286
171559020
146512408
266523826
82573974
146545977
480723348
846957641
496077116
331659435
909642496
262473903
419125237
146982223
194678649
398903996
549233696
224648401
798272556
861411394
495169447
603198205
778157649
715434466
439070985
53079270
77604311
431857588
547590713
5223653
967561125
364567998
176782672
966589884
631091823
111872998
965652212
964331522
958830638
314245680
148507309
720989485
576719582
567632545
720488060
623914582
966536540
122238107
848562983
617325447
983649500
196248781
73040003
614323501
764199598
512110987
519919122
841803908
796484926
67509835
847027561
764046050
284594184
876326584
583152285
768202359
988199581
548804497
732533880
799546570
863050176
881041188
373052407
292286109
301190084
946056818
916200691
120242975
68294924
617280025
590084773
904460776
666045157
663124775
371300628
430244754
27752113
891219749
124565014
824237038
811245935
971592574
440799439
948356471
700435509
23951724
716558829
541151442
425272572
301609060
193214363
140839099
35166600
566266769
433125207
188873035
364839938
201842249
309116010
433134862
671638625
899200782
190111989
337683781
414841909
561412616
620444887
442594021
305148716
745009900
266831059
116394651
569118825
707630497
917267473
269554333
584098572
486342653
810705774
9371143
787951712
3920137
150210241
675634663
422703257
435851800
864507698
787543195
637694048
26140059
73194408
161849025
925340840
263306396
499532805
192699100
824719011
119977691
635293121
129867726
717503942
902124179
98778728
286622766
462271027
868562552
408693451
46369599
354905204
71915576
908257093
995373268
75835712
58467334
671007930
351055321
346835485
388031979
991114867
984529532
414172037
64309274
146378556
192029229
180132021
498427713
384728328
857367383
470921755
20021448
839751460
40942049
774661978
791046540
327564814
89449357
659609091
736258264
135818955
867030647
808173840
896592399
862403914
736525903
807576084
385928195
940097575
154411568
773960174
931212441
991457452
40648562
848038066
990352359
232677790
880686438
341296423
617406118
738053820
812218178
637427565
430321632
853160226
264605895
221368171
33241391
354055251
733493613
622016007
342390557
600524259
282706198
238982955
315444524
19232100
46559039
553889071
811846027
53486958
180365596
595574819
44944409
221014157
296129237
887813120
453691947
176815674
229109542
71098064
767385846
893844071
561041980
197707477
599520648
825647874
271591999
632762039
179703124
5085611
107294397
522093680
458126222
390000594
613592987
773570745
261749045
512668377
179976167
73595071
566155334
360341762
669169890
463616095
581355919
965299126
203945566
35047865
994631151
433055107
106145928
762016996
179415530
519704259
812240824
778936177
345352133
83832822
264214567
377571608
88918433
371508963
899665288
399561006
761509556
365774626
25648102
23258601
878443002
205624269
96853671
297114687
565966030
618539912
760730781
147321948
436355389
964676346
34886164
283502892
250247805
141032091
45519887
429663334
513252702
710277063
61115862
858604834
794109884
325330429
88692793
735544668
696839391
988358080
135105673
458348947
206649057
13270127
334123899
85092058
218894395
283493921
382206745
784860424
902033833
995453877
932182372
190905573
812646575
967068535
474408464
62894379
960616978
372444703
345074064
326386031
82721765
406189925
37507216
729348000
731520353
126200008
317409020
280876096
114558088
305031044
739225042
173723496
318301170
73348940
258815554
537195564
209359212
493538650
174572340
111393044
488992526
106754711
154814969
154155452
926339597
481739784
69566182
739472926
854184486
414640245
65858956
789422602
673346522
103366171
371286954
257383226
82082531
541212325
538259321
49156970
846243368
130000714
222880465
17060890
55866005
481696018
406772805
265225217
975234667
581345144
229134612
316743545
540616206
383949580
470898996
319472155
865689364
540465178
58945080
572390201
807621774
977320388
214329155
480968295
933202910
438132460
738351521
15285440
979344784
129127193
64442409
678104503
259127907
139839226
695165392
314993911
621535243
101938197
580219127
449286262
535799692
809353739
618546158
76415898
45819670
89445153
395888052
911509033
482426682
307349483
336415586
142564808
137186222
403261092
623533102
922905484
841393551
214400974
790707275
820738334
343528167
707666036
351359188
602656073
847505261
46524580
917649983
321556855
979128
350385462
770843116
389295171
159739200
241905625
465711068
205558869
183867130
714115471
969584254
666293811
21464954
158516191
808858618
11167527
561777282
284908072
934073010
403170832
351825397
577296637
76425517
695353563
284962672
427784704
150525987
132467932
326825635
920692322
306541138
180321114
271077783
77384254
569616285
283333334
171806230
887843704
488892202
355673359
601959175
310992807
21967170
475940480
469508997
683342139
339624358
31286278
820766562
126213720
286973461
172591959
703510356
363398977
720461873
988473027
643700033
870987860
973457310
970525667
644196533
132514799
3363133
915274315
62415404
425495769
51124000
234221634
313339472
540016201
589894992
767814998
851009008
464378513
96271829
173034356
237004
435896187
204320634
821003565
562109906
491294094
993595523
265620261
707209423
566573748
106609639
350909455
290077959
932583300
173951473
934274491
65098098
29830957
702065157
127513502
455326725
753189156
361735135
768666197
145721708
951630126
388997546
996730715
268524991
485269375
22281423
268761994
921165561
226602056
89765558
483275466
570412501
935877433
601412078
277621923
502451180
708021716
481047729
792529138
493121367
654999202
579319980
558219464
684830158
281385136
538249317
140156883
34574291
899984451
761339431
32812350
704130929
2853328
29543065
972655919
488122702
51824487
93934264
409288262
130942894
183699821
745080079
701355394
119577253
346492156
831493669
474544784
907030223
312541397
119590273
400151589
820056950
698910252
810887405
357403460
832811739
349136721
350076694
719902381
101637524
111416124
752714731
658284804
114269451
634774147
483457074
454908505
539114985
577391337
864196766
670057878
761091157
461793197
223929623
733184762
808285352
55423291
60245897
567831927
220481040
32352522
967983515
40537989
731262773
631387271
250457800
416590864
980523992
600534493
136493244
934677867
564466968
889207974
592962670
531252771
376498472
76419743
986161275
915613456
506327431
702874392
438187685
119934939
164667588
662117308
853119700
825469292
570056950
765881949
393301218
643054341
798234470
213801084
536108682
382013594
845188355
786566481
798604457
678228698
387100974
935097701
465422916
951567941
676822026
58385585
335337063
53320498
987321679
321498337
821450305
346165461
24372729
259637990
466100399
41556668
774271649
171736451
867025959
196844950
937618399
112843528
839899291
735852868
179160964
376007972
117866461
24349318
15090804
768987270
555094367
402191777
556601322
20517282
206276070
85939699
931419218
541613132
139260196
771257248
715627821
813226853
117422708
592516901
72864842
436039458
634073568
699652842
607775908
353615879
896497791
545394306
318975758
736397081
133763525
498136721
964921404
104146338
375002390
980012208
873133607
930096756
234720336
282251280
803130389
440996405
368190978
587065958
835125889
359967526
210839557
550753709
173194378
180778616
143270609
98575571
616818074
629860528
798228412
77110333
835992758
547242554
622504639
154968516
136155987
608784515
653105236
101077390
712930852
28107626
81089597
438580810
810720733
168326285
720832089
466367474
609322689
89023067
905949783
296964929
301506944
116789340
847718637
474701321
150084307
843505597
425793243
619418732
325882477
76538006
696529065
14391586
623780559
171550055
169360101
759936545
780334569
674981689
861013935
345781773
555605666
794619883
784362582
218842750
962946167
357711023
685210223
424785208
299250441
443676358
721750136
600757384
412982049
421985125
927975056
563066355
118007073
353768298
35001439
296405901
430306303
731530503
310797487
54086861
903080557
480157587
666539758
683415125
7655627
380070044
29196897
563261292
27206278
666075831
782104042
990152445
876303205
319830616
267454004
28069997
763506973
841720491
628827380
176489021
116221967
409318787
592071728
234229040
763087084
627073166
530634940
45909738
358603668
841432426
952512950
114200576
174106365
619052707
797615700
181761991
999122750
679328949
745023283
26329028
197921131
379643676
868997824
74224335
699474291
988968179
102294331
462981264
830688669
583638062
491986636
946910636
992956848
84058363
33656027
608560283
711131528
416807318
506986372
922251547
110756096
459499321
36452122
284862460
931068380
686584174
319140802
782707481
218429474
64164084
661552860
416350604
296324111
383067035
343091290
995798402
372035213
297901972
311296017
55240234
734056385
803282652
854667221
579529584
887341015
888323247
40606218
450988894
157646916
547592589
225756793
268403011
7091909
262208914
553265470
790676640
948793087
872406272
573384121
19738912
789086707
87453332
436089515
85410818
470520367
631697156
933725571
842555579
929599127
245021587
750312164
516171863
48304238
604979384
95701446
788161604
345818982
136307663
91666850
503465898
683900251
317423642
771868908
543508512
432148907
177650730
186701503
233458346
902573353
760085623
253197257
544176411
847538955
689286772
482103580
170575673
173500279
415829150
13131251
103099406
513367088
615959767
471787620
414187678
73455502
567489066
54865633
419274484
556313080
146532482
775256733
92729683
316472475
399641992
636238194
748621382
577292721
822939696
982079727
332382425
435541671
235276983
876558836
135596977
777080106
358662415
306172649
950580385
627007917
171820251
906196142
140375004
787780017
377983761
554562681
861235519
797989178
609428314
133026354
354302258
608477147
908283086
447031940
924949622
160441429
935786485
673571003
737734150
611242532
508167081
70116574
46784202
743444063
799191761
34897530
373040521
10370528
193586530
323620905
637378444
365406781
82333398
777753447
5703149
460317158
184832480
719455019
110822688
646777145
852481372
465124945
255254291
613280809
764673236
32720264
773722238
700459720
706291266
363972739
164218603
66974698
286605664
63519157
810418761
85797425
98416686
35975633
96167952
292003216
359596537
586062747
509926348
441929934
216332545
515629496
754763443
401165024
87600867
865586130
47942168
940082238
183227426
155712811
405879399
947900661
188433074
32117988
500876732
747240692
248607078
665095335
814215389
535212741
728614491
477150501
473526517
827031176
513126133
422210820
971550743
872722669
8273566
481477090
167168954
77122463
849622938
921932397
478287486
937223804
640034878
378746006
729822393
823262304
386975168
135701791
771162964
575408241
20336130
124556048
175165284
268943207
789651382
989380673
656672300
518265872
466531173
130198816
197813399
979657306
404925988
21880494
704896326
265715905
503357583
724581632
342838367
205496872
499030380
673642205
142720675
139065257
52388210
872543068
962327560
291879729
860761210
586006876
867287969
733613692
710562923
42453253
2556898
352730656
884350277
511745549
870996527
203397801
494460717
921326277
35571458
899386704
943206770
740467784
17618960
299080705
317565767
212973679
504577576
816596146
886615883
647298251
955661402
791520444
372357670
770505314
83400172
85635231
209028541
803204492
819248922
772107815
698174096
674322172
124838470
582524372
38584072
848351348
785922173
533044788
769677624
821493630
284947843
565400746
414477765
302566803
864481450
732043531
515540481
369059025
401156028
254672715
868873627
209333782
46193158
93747648
979839095
129593329
179382879
41383987
785314172
851148152
813491801
483488268
377986675
790846622
918528991
416570747
639197969
556967515
949615534
261391944
230977497
234563377
826792689
645455261
389646531
543790490
230015144
905187011
912849515
631171171
12376077
634239493
840504952
58569234
727987141
672860398
40678914
907370019
566760736
825993085
611034522
232768888
161997704
989021197
23615509
80526695
405591943
515329829
490010561
207723828
776721773
720988057
442287204
456030813
218959670
831933734
999821303
448974813
589637096
765187169
932662335
602013172
251943013
625683639
513098757
979930153
151060388
553777670
739816523
717821124
232287107
350851045
950590011
246801162
192388593
974205520
179844208
597980535
342051700
669854769
805704362
118773472
390842825
100507918
427320637
609802494
784958003
279658291
911293658
227111451
897361811
843955993
829124622
149304823
322155983
194739731
129234976
473216370
748517400
721567850
191037493
833320858
72418894
141627504
80122020
117323838
968349375
259966227
715304372
162917426
929820995
373525086
134207250
173180172
326549355
561527886
635499017
111507357
693702528
546792675
338618807
591064338
243265019
20259781
592885512
565421001
214999511
574636839
38637370
816033262
296204689
82191215
649354120
221139934
76335070
581992491
338463772
897200796
841958717
906284495
60118221
624296064
132325932
194325470
649992587
458875286
608369707
285491603
570382643
302072234
684800629
761517801
745652923
928065647
781777581
338538435
346002999
849293443
913175273
237156721
665326705
61896313
171864287
167197176
135552599
248199356
749189666
474016370
145400151
443664734
232817216
58034723
920477149
365143148
104876545
570469735
824018433
713246251
708477690
246917427
15318485
393278318
8435228
613487759
173860317
642729160
952026193
372379667
492022603
717717818
609536387
9865659
632130482
781400673
29579186
767683080
882116380
778768851
94215801
880032882
74949936
327033017
938067605
995427085
692176164
42944149
418413171
516194596
608706751
126890860
763112023
476541587
372685530
624063602
90029346
399062198
266792761
894571890
771441864
611331715
464806059
233494603
621197373
96936541
14895275
650776558
864619620
749528007
282061760
958835421
629560888
209528048
138384789
420144844
57471484
830560952
315605344
475884654
199271899
924312095
455291866
962383921
253370033
680493747
438963874
343399378
79555944
705756635
90487620
850997807
169604701
555293678
84492409
790802074
652230218
951904036
294094983
369366190
553948394
428673095
180717962
36025633
638201142
319102750
456170477
695672625
2180053
624292172
24073630
201451951
401120618
479365495
16352224
654490651
12375593
455316097
997890028
91931536
13589083
88377647
795445695
183193784
496187677
732454455
973995857
934246
536874842
120607191
370300435
90823235
549280285
403534748
126848868
39997778
722637497
435535696
735670402
724817549
59827867
759744032
926269500
460948485
91625878
942621723
115439135
104001471
250454171
965845514
195933006
264043254
906739513
991378700
447237037
255443541
576349507
273749245
256377786
113224348
394356435
626678221
56563935
796153072
30212968
183412802
836150849
605366817
618948497
571821251
182700717
531292715
184081634
961486568
992241199
275707511
756624642
960196685
379708981
7078813
778558551
575641987
271122066
537814415
419537038
718359102
793257955
995886544
992108346
49635740
961627244
238981132
528830312
18191178
35134203
411559632
54120331
723801404
869442800
673068827
148139006
52143516
56877893
332220639
866146436
49119092
607928149
622771077
861832128
987637130
482366241
492907030
415795468
753488306
883237796
835332505
324363759
529012102
683735401
168988456
431164194
497878996
260485940
959994505
516070173
148136494
224070488
570190503
871937897
93513287
95775681
20076902
998173155
152653573
352297540
716835942
54289016
960225689
192123370
768637496
800379170
674489611
114060877
216174637
280494268
997298673
904023493
604858027
526310774
440275245
626362834
957474967
938154240
886848773
769985824
306740764
34985267
846572663
876931266
906923163
792602302
825223298
779516417
643291808
977876871
131813956
360127749
884682238
944555996
552251118
653319733
597451517
79257080
767380610
813626153
359751348
617195634
570165998
964609374
143506407
10441242
443488559
953497726
948595482
330337332
575999901
107852597
217838950
275088915
984783863
124762112
67691216
662523512
756794880
710983023
492916734
741125188
923627123
377598972
538197535
328394593
883435056
135649052
407651672
503332017
801791556
767403019
120527650
371957553
584528744
116550409
234915147
28017303
922564486
36026980
210870986
351080738
143879576
428709935
626169652
128663438
405988398
693860868
643703302
162783278
257360242
136620035
903908465
33503717
366735358
294622351
361898309
250170414
430271402
769549980
753502430
84579310
536952999
726546432
456536862
121481742
843096840
691452008
2015396
618177677
727478987
212886381
969258414
871358563
641596315
595428065
852538352
47584713
141805284
348758005
62884342
251681878
485378040
819309158
285185594
852113397
113931508
647083902
954800162
396719262
416633881
560818944
481298571
806103231
287365375
937835432
780101325
982978566
481803792
782116720
601156242
61799130
847519453
422931007
785674044
341632119
18359071
490728748
241733183
12680707
839486752
304617524
264362584
177381143
123926681
549548177
29494540
90374541
49148430
836811053
487093802
465782310
397629996
968392372
124401893
537511722
758744155
904503217
520490287
93064298
539136288
974162880
7379780
386655740
397093886
793053823
728287859
267969309
283782570
970021041
133166367
123269322
127154917
397528950
153166816
103597949
799593478
35177707
46488841
848741907
871988760
533582642
167040568
122135107
354491365
291442460
659646829
965751872
195945676
32653467
58816169
735081964
6816347
66195948
974254055
256426584
711766123
555058265
524395892
995548692
377595658
657562258
971334365
504750574
907607559
124501181
460864874
707201036
12195239
507353715
408459294
884183998
40936356
575499862
6319105
247944073
866942321
665965933
66212296
62887997
698619399
125028464
650486312
557952097
43740764
477256718
814378681
608023238
32314983
191290924
456088281
409910640
848853182
279938998
767177565
608977092
256956530
228042438
168694480
269151768
735396152
577153773
153335766
628848860
152653634
12171222
729309284
19595955
678137154
795521579
935000303
229272904
773066394
438002966
787225001
669323509
915259683
454120033
277346746
800091017
645410956
733435027
62518008
346780489
13374024
829695572
955757581
122846905
57738010
124452060
391998672
645650513
701605832
545334437
127015724
706775818
557505658
856325007
578888124
88159163
504362937
366404778
169948419
277429331
804407743
957173419
946752839
572183777
263809803
76615937
224791146
909220758
662567315
287309153
256001247
528457690
117004725
64275179
651304594
27259086
188727238
43303265
525425950
742849421
441154054
652441674
449625238
998659711
361283032
28513361
939335226
865645969
247434490
109283644
995591651
51842232
918973414
794860841
476542361
182783216
871476777
701333506
92003973
386560443
988642658
200521571
915018132
958163734
264796749
566322725
985422819
306040338
462142342
363365121
48889759
903296395
15806794
351031348
754472457
229606177
232061061
693807682
947768497
479495550
655607677
943360147
383854134
574581090
590737340
860396494
609880657
314730468
414246351
554400982
701290911
255405360
754922552
616309042
66085446
872235653
35148119
51508264
178275990
497290460
267389736
79682100
253103206
135712881
430713448
7575662
365319058
662774508
553899696
165603906
142270057
209507372
108964053
526124190
636604814
552217744
239037035
246485470
866948211
505799737
800886451
568239121
761205097
408325355
37064515
827290542
133077359
72212633
731315157
311353348
422019444
998704893
391035448
675122649
134417773
821748895
535214662
352253182
337039754
89114357
517857088
479309810
151138081
479337492
857950352
787742894
31555235
96987386
34228363
751019797
455303475
687631166
171775270
69024923
948472872
208839784
896315464
81550230
133568768
480146972
245419929
408104563
331368216
636455376
83227211
318302341
310720622
470958224
523071874
647760375
560072581
40928961
979586537
711210661
372782804
837536888
351469906
256854390
787040625
238214620
7874187
94860451
925845785
32165808
163885373
726835008
241005591
60200836
808385237
227090710
392864160
53805166
635195272
576748727
542776893
570938834
895051067
706013867
41897057
270639293
206290593
454485989
164084605
185877129
18213001
536867409
875930368
369682906
646238150
515487345
607897526
506628688
610347795
386259662
538794495
774233168
113094670
779800085
686950355
773996258
6890794
79814514
680317775
494602417
509079593
75611020
65541250
256647011
781624886
107438307
527286303
987915478
414440647
691370908
26308959
432653648
80754668
902239326
802336553
726992817
417726670
410234078
233621505
28074465
796493740
772415999
654823984
762104761
404732436
341774338
536101018
264139581
274105204
68935145
758741998
783184796
144546164
676799599
39831806
926171049
636754257
419634461
914086526
51194904
111005368
940395484
483848551
191760035
695151162
138701455
918752851
112877831
548935533
4890707
993468647
197945624
629823058
500808982
960050384
34555493
842583320
348667753
151211425
969204875
417602897
762469774
604906022
562149060
439269373
497254179
340836460
76023629
916888639
107439338
979734884
27894006
47834821
316099786
72170392
595502334
454801241
843439595
560896517
3736773
848330301
406881515
54198748
330669710
907690497
866765483
217741554
602790168
67949587
368952979
571995042
485552484
131422752
29417415
900217895
423208476
526671593
241054355
351748457
443560232
348493692
183999692
323970589
248844864
500099478
248657333
844347198
954900718
92096927
257760066
811153842
792943579
664641580
865352589
123613289
572332076
584634423
341354842
27638595
652584009
562824172
599633636
138136492
546763276
629051050
890870739
969971751
8238995
131925093
174236559
451799226
332935136
358236251
628286166
434296351
858335728
876943498
131159900
665752797
969040424
388919965
476906638
614500355
53561545
194775578
738113643
478409972
779410000
931984836
506048567
284510360
494809008
105682202
275163204
41572283
587249604
166033942
864060385
595488598
150475386
890813296
899804175
335926873
101565898
528090340
770223223
959901625
257550190
901383123
478170773
79106965
290303087
955077410
693607319
196380983
2369339
284237313
674790955
634295690
216222149
180839521
918806049
563547508
139038074
193969252
457636142
578804029
212519545
174212878
26808978
362994930
65026173
926613152
698921802
166592070
307219844
321661377
979010046
564770033
223044499
457180818
643876997
365863937
264774579
337484316
562244920
119660269
621721628
237035874
753955958
690460128
270391746
672762007
254007635
409429819
719247610
711643776
988233848
931767155
885856654
15042825
147278436
803399178
794172329
846200238
969991248
101392172
20377966
801517645
666162204
243422464
111214815
162555552
609286400
375989393
500039867
24047671
495649662
974277847
261083544
102121971
664737974
531475289
774883977
771261961
793421460
346647939
335422088
634171659
278415093
73795093
501730835
425693528
877194271
295903163
124410117
699701870
249811686
144788082
501219514
915973889
240726897
612434328
78529441
850013297
840940073
431085659
874060967
189106086
257879857
987660863
291228056
922617831
371652503
66112033
546396143
165073962
265276323
881818230
799245620
543691415
955613323
153492807
821901294
832807593
449395969
946311411
385025814
699207655
943615844
886245327
467697895
184342741
351196007
398743687
886872389
44652431
682345698
613449707
233758516
940225554
601110569
524986571
715359736
972763072
443614955
261755878
990353385
708891277
143574108
642115357
105099043
951703782
795608163
927000337
637027726
97520483
725828099
22053539
796728137
669443942
760815217
116942384
706303034
112011223
368202422
593175422
9180005
50548119
59141481
242938520
990773673
660252049
767925091
558649760
485531472
211540045
820405638
328401209
920431322
816496097
970516565
25530364
620716230
766124727
805047052
257743955
863645209
530875150
132313845
512889698
52835444
893129061
482348433
759138477
857656636
850550854
204830251
866836640
901098973
263971731
109775160
744388997
776740131
877700250
155555108
114787955
941756646
975960745
443189163
714704319
644973193
413705727
592751035
118205774
32346805
397798086
375949728
748508365
781189588
508263572
113914414
834025031
253908985
596262846
445679859
111565620
446813700
503026461
978402259
200429024
766998191
940693770
797334372
396254674
670910371
952889479
511042628
612667017
781366576
954231790
179887687
278856120
220453868
772638721
397061894
252800672
22953159
773011621
1309036
804142746
133791545
115223450
490684128
387700529
564002647
936363986
351782500
10816346
291906799
182701110
63761721
58904989
123394880
861096092
307676014
794305250
666501923
818718641
259488618
447868498
772950430
439376305
726724617
993404297
64531377
123786510
98721320
87484535
749314483
952546708
891627280
735622379
920286509
382311407
123322907
484289155
171191745
327621758
347621853
463098543
510322867
263899925
374519883
633717746
124996017
682195897
280539348
644014291
353430889
392544317
91882788
126381319
831920621
671123756
972301967
896451998
647426618
923539639
983936532
249257452
876086346
728080164
984879830
648889206
110391570
960719088
133178360
134099666
140857197
333316564
449714560
651180063
597216489
824234443
137414161
574728857
358946691
417953508
71259499
712377579
810497824
15658638
691275249
494934797
686782393
516093568
243903146
186725362
292149558
80356029
288499165
20752255
808436192
125895346
669641460
771344114
86614433
655336171
757960131
79987981
988652735
207674691
731168044
438385575
884425485
868582204
865630783
95888527
139052063
936890281
808266105
949549886
952548918
352057706
297001034
491847662
720667625
393420531
678573024
12817182
473776560
967072188
33569436
134729103
92967534
703210895
758589568
32098318
211063417
516549699
112086299
52232503
576740741
695770694
490618077
461166225
564352897
208765211
557054751
703404959
145655491
217837207
505471196
98204408
422411264
654988582
442568422
143078888
48409112
121141445
8412421
374702023
940729984
41981856
509431126
886213869
597709102
120537045
770828539
808772519
637086743
735431189
861005021
66343835
283718234
204139450
527510059
848071130
412904660
937081161
403992440
558560151
7434720
761979987
509280910
429845983
416968568
951849331
572924871
317894032
925507127
581337291
692596054
718753463
475835499
54543531
457483683
73544600
175080576
80828573
882317118
812167318
668776113
595838491
878511153
952494346
799977940
258537563
653081827
212882599
48135076
57074266
623959101
55569795
671570605
133240011
485415777
88539172
937605693
58340647
258949555
715629172
492194290
951545609
286898986
968029788
6089139
596899020
894090739
181169714
677727593
628924209
845853384
199020057
224762699
576880888
151514403
24740638
835418450
804596229
90139588
883553525
714186847
714098689
939123319
238273803
699855051
277055448
179329326
489977095
187912446
438278881
58122618
680106735
389824489
197537955
500652874
248429979
794436975
247259965
429599693
324680919
876184173
127969428
523700975
100946871
704850315
675215377
978203860
392785116
332327958
920859799
128854993
899031156
487474839
67978311
137304958
39846241
197550110
316634283
529823336
385462556
754913163
440462305
65569290
997254003
638000260
418738516
245683982
432437234
665998480
527800026
757118152
394699004
655769453
133335478
348162226
360619767
808550855
178882437
753404882
993395164
99742235
882259874
892426319
587217074
802754537
882247628
627063314
304646
51398262
9403001
238283553
806311425
449865306
156369195
656081779
87865565
575107710
901765760
372819150
93622541
282082137
982453653
488321544
937851589
115789130
836483769
150987707
776856336
15366205
904392589
770251499
967624791
639168814
515194169
407358216
294439702
249958148
34421530
147260700
301356410
896340882
385544252
107667834
198722539
541913446
616265964
139104455
969537507
370548076
511923604
63160047
652630212
346893608
403997942
590481801
462682738
92998062
741469507
92055425
960880618
498378447
862306924
928505409
990063613
230017444
188379976
137019666
479975592
75317857
284280365
781332001
971658739
522340969
741516186
170381277
64254414
210298501
309485732
886308273
580846576
673925687
801984671
233476788
20819295
58498965
676474940
336018384
151497026
270460798
428073808
112377644
768839245
142897083
893399404
611419209
372914527
81779379
748438874
705406470
9613588
32719239
339254822
981272326
407576559
80771007
4169954
324347324
143585859
313655685
210655596
724432435
987581372
12640267
957909222
860917018
71139231
486900513
196935401
75152608
757361310
625009208
40046603
378716906
767906291
785962358
990136114
993337169
720258089
738574988
698743638
729871676
623810578
37998459
711144001
31387136
971285817
715313954
208250811
114871675
881485991
418906407
691820461
721583714
284063025
502246034
582500731
207718607
989146546
631952483
135387566
746507856
109478042
175434169
125224761
877384332
961396526
967877227
723237852
534170966
558968566
274497841
264042641
35295495
165012651
827702993
66682630
136298467
395533299
127449792
103686494
277019289
546356198
648023306
998603002
682935574
150269340
433620084
890654180
139415885
65572566
26041746
738440092
27566959
53992266
716181205
904951291
867905143
536574783
480705494
402076109
95543348
755203335
518635101
130838842
920215985
346338094
50037823
909030804
741871392
177487614
865233649
871407032
576360164
513256954
722526385
259295737
516042645
8662820
2466269
507974882
74235385
881024366
98931325
101802343
935016631
815112529
859269985
655438125
204203663
192491831
57514233
299747010
947695165
428665686
283102203
867911149
775003779
333140025
629458304
369391522
363143991
494691952
93314905
939504154
860465258
815841289
51316242
376507902
824504108
53782510
884482783
751255844
934806875
983414108
705574538
722339857
651042988
417360875
230294334
855246651
609852705
140324918
7510012
557547869
568990603
290612215
277975369
196510733
476268591
907433673
565902254
839412581
254641976
659217158
778916734
115107233
327574798
830232976
344131487
152078905
736531837
81130621
903334748
523855064
917061080
461425638
98711272
420620420
878786512
329005605
128383422
488639216
469330523
135893433
898703436
38321125
279021999
29195156
234831858
755290590
936628828
653250463
594703170
43787156
164983973
226136256
11410740
492558770
908885583
208058578
644637675
645417419
289189199
400488774
21788834
58766630
861914411
120500106
479387049
593217274
449505710
607770470
81856489
918836232
743663903
833076276
957157357
22685901
862271432
44505566
630492842
651416611
697756028
77712364
695203766
862740000
303848619
559130858
207815122
65250553
767189435
852452796
710667971
56378633
105457921
732456805
115145263
819888684
852956910
447048663
413105957
154978971
54819133
347478798
73815203
650999387
33071425
883488911
526201639
895342856
927994476
156694481
546759467
478266855
234406844
94479584
193523207
390771814
653610441
401338328
456022366
273316228
106307475
19206688
182211212
64281747
751663492
149872826
884170430
457136753
596921489
149792739
612115724
651740621
497271536
538447278
155256359
530342960
421936188
681457997
278202168
202447015
838152477
824961634
533230221
925075672
771957569
726753427
315847485
278084362
980608106
771869850
551400589
86915580
791076538
733611800
3713679
395256381
883484626
887884108
704909486
480406114
37676846
169541561
984663086
387464733
707988838
139919444
917807693
129925025
821377440
48526212
184888391
512046269
873487845
718118611
289638292
497961765
297388390
605485777
776046126
130512847
229871978
327446714
69944779
873464867
61058514
73658457
121237600
797059491
961542564
826147085
129981956
999219410
995688645
114645041
239200494
703677482
107080836
9524538
686118858
928458275
58050749
723523600
293020895
931538593
294158562
582659187
282016710
591546951
40661315
58062835
722059798
123049644
238025901
792004576
996514511
