3090909
4080909
4090809
4090908
4090919
4091909
4190909
5070909
5080809
5080908
5080919
5081909
5090709
5090808
5090819
5090907
5090918
5090929
5091809
5091908
5091919
5092909
5180909
5190809
5190908
5190919
5191909
5290909
6060909
6070809
6070908
6070919
6071909
6080709
6080808
6080819
6080907
6080918
6080929
6081809
6081908
6081919
6082909
6090609
6090708
6090719
6090807
6090818
6090829
6090906
6090917
6090928
6090939
6091709
6091808
6091819
6091907
6091918
6091929
6092809
6092908
6092919
6093909
6170909
6180809
6180908
6180919
6181909
6190709
6190808
6190819
6190907
6190918
6190929
6191809
6191908
6191919
6192909
6280909
6290809
6290908
6290919
6291909
6390909
7050909
7060809
7060908
7060919
7061909
7070709
7070808
7070819
7070907
7070918
7070929
7071809
7071908
7071919
7072909
7080609
7080708
7080719
7080807
7080818
7080829
7080906
7080917
7080928
7080939
7081709
7081808
7081819
7081907
7081918
7081929
7082809
7082908
7082919
7083909
7090509
7090608
7090619
7090707
7090718
7090729
7090806
7090817
7090828
7090839
7090905
7090916
7090927
7090938
7090949
7091609
7091708
7091719
7091807
7091818
7091829
7091906
7091917
7091928
7091939
7092709
7092808
7092819
7092907
7092918
7092929
7093809
7093908
7093919
7094909
7160909
7170809
7170908
7170919
7171909
7180709
7180808
7180819
7180907
7180918
7180929
7181809
7181908
7181919
7182909
7190609
7190708
7190719
7190807
7190818
7190829
7190906
7190917
7190928
7190939
7191709
7191808
7191819
7191907
7191918
7191929
7192809
7192908
7192919
7193909
7270909
7280809
7280908
7280919
7281909
7290709
7290808
7290819
7290907
7290918
7290929
7291809
7291908
7291919
7292909
7380909
7390809
7390908
7390919
7391909
7490909
8040909
8050809
8050908
8050919
8051909
8060709
8060808
8060819
8060907
8060918
8060929
8061809
8061908
8061919
8062909
8070609
8070708
8070719
8070807
8070818
8070829
8070906
8070917
8070928
8070939
8071709
8071808
8071819
8071907
8071918
8071929
8072809
8072908
8072919
8073909
8080509
8080608
8080619
8080707
8080718
8080729
8080806
8080817
8080828
8080839
8080905
8080916
8080927
8080938
8080949
8081609
8081708
8081719
8081807
8081818
8081829
8081906
8081917
8081928
8081939
8082709
8082808
8082819
8082907
8082918
8082929
8083809
8083908
8083919
8084909
8090409
8090508
8090519
8090607
8090618
8090629
8090706
8090717
8090728
8090739
8090805
8090816
8090827
8090838
8090849
8090904
8090915
8090926
8090937
8090948
8090959
8091509
8091608
8091619
8091707
8091718
8091729
8091806
8091817
8091828
8091839
8091905
8091916
8091927
8091938
8091949
8092609
8092708
8092719
8092807
8092818
8092829
8092906
8092917
8092928
8092939
8093709
8093808
8093819
8093907
8093918
8093929
8094809
8094908
8094919
8095909
8150909
8160809
8160908
8160919
8161909
8170709
8170808
8170819
8170907
8170918
8170929
8171809
8171908
8171919
8172909
8180609
8180708
8180719
8180807
8180818
8180829
8180906
8180917
8180928
8180939
8181709
8181808
8181819
8181907
8181918
8181929
8182809
8182908
8182919
8183909
8190509
8190608
8190619
8190707
8190718
8190729
8190806
8190817
8190828
8190839
8190905
8190916
8190927
8190938
8190949
8191609
8191708
8191719
8191807
8191818
8191829
8191906
8191917
8191928
8191939
8192709
8192808
8192819
8192907
8192918
8192929
8193809
8193908
8193919
8194909
8260909
8270809
8270908
8270919
8271909
8280709
8280808
8280819
8280907
8280918
8280929
8281809
8281908
8281919
8282909
8290609
8290708
8290719
8290807
8290818
8290829
8290906
8290917
8290928
8290939
8291709
8291808
8291819
8291907
8291918
8291929
8292809
8292908
8292919
8293909
8370909
8380809
8380908
8380919
8381909
8390709
8390808
8390819
8390907
8390918
8390929
8391809
8391908
8391919
8392909
8480909
8490809
8490908
8490919
8491909
8590909
9030909
9040809
9040908
9040919
9041909
9050709
9050808
9050819
9050907
9050918
9050929
9051809
9051908
9051919
9052909
9060609
9060708
9060719
9060807
9060818
9060829
9060906
9060917
9060928
9060939
9061709
9061808
9061819
9061907
9061918
9061929
9062809
9062908
9062919
9063909
9070509
9070608
9070619
9070707
9070718
9070729
9070806
9070817
9070828
9070839
9070905
9070916
9070927
9070938
9070949
9071609
9071708
9071719
9071807
9071818
9071829
9071906
9071917
9071928
9071939
9072709
9072808
9072819
9072907
9072918
9072929
9073809
9073908
9073919
9074909
9080409
9080508
9080519
9080607
9080618
9080629
9080706
9080717
9080728
9080739
9080805
9080816
9080827
9080838
9080849
9080904
9080915
9080926
9080937
9080948
9080959
9081509
9081608
9081619
9081707
9081718
9081729
9081806
9081817
9081828
9081839
9081905
9081916
9081927
9081938
9081949
9082609
9082708
9082719
9082807
9082818
9082829
9082906
9082917
9082928
9082939
9083709
9083808
9083819
9083907
9083918
9083929
9084809
9084908
9084919
9085909
9090309
9090408
9090419
9090507
9090518
9090529
9090606
9090617
9090628
9090639
9090705
9090716
9090727
9090738
9090749
9090804
9090815
9090826
9090837
9090848
9090859
9090903
9090914
9090925
9090936
9090947
9090958
9090969
9091409
9091508
9091519
9091607
9091618
9091629
9091706
9091717
9091728
9091739
9091805
9091816
9091827
9091838
9091849
9091904
9091915
9091926
9091937
9091948
9091959
9092509
9092608
9092619
9092707
9092718
9092729
9092806
9092817
9092828
9092839
9092905
9092916
9092927
9092938
9092949
9093609
9093708
9093719
9093807
9093818
9093829
9093906
9093917
9093928
9093939
9094709
9094808
9094819
9094907
9094918
9094929
9095809
9095908
9095919
9096909
9140909
9150809
9150908
9150919
9151909
9160709
9160808
9160819
9160907
9160918
9160929
9161809
9161908
9161919
9162909
9170609
9170708
9170719
9170807
9170818
9170829
9170906
9170917
9170928
9170939
9171709
9171808
9171819
9171907
9171918
9171929
9172809
9172908
9172919
9173909
9180509
9180608
9180619
9180707
9180718
9180729
9180806
9180817
9180828
9180839
9180905
9180916
9180927
9180938
9180949
9181609
9181708
9181719
9181807
9181818
9181829
9181906
9181917
9181928
9181939
9182709
9182808
9182819
9182907
9182918
9182929
9183809
9183908
9183919
9184909
9190409
9190508
9190519
9190607
9190618
9190629
9190706
9190717
9190728
9190739
9190805
9190816
9190827
9190838
9190849
9190904
9190915
9190926
9190937
9190948
9190959
9191509
9191608
9191619
9191707
9191718
9191729
9191806
9191817
9191828
9191839
9191905
9191916
9191927
9191938
9191949
9192609
9192708
9192719
9192807
9192818
9192829
9192906
9192917
9192928
9192939
9193709
9193808
9193819
9193907
9193918
9193929
9194809
9194908
9194919
9195909
9250909
9260809
9260908
9260919
9261909
9270709
9270808
9270819
9270907
9270918
9270929
9271809
9271908
9271919
9272909
9280609
9280708
9280719
9280807
9280818
9280829
9280906
9280917
9280928
9280939
9281709
9281808
9281819
9281907
9281918
9281929
9282809
9282908
9282919
9283909
9290509
9290608
9290619
9290707
9290718
9290729
9290806
9290817
9290828
9290839
9290905
9290916
9290927
9290938
9290949
9291609
9291708
9291719
9291807
9291818
9291829
9291906
9291917
9291928
9291939
9292709
9292808
9292819
9292907
9292918
9292929
9293809
9293908
9293919
9294909
9360909
9370809
9370908
9370919
9371909
9380709
9380808
9380819
9380907
9380918
9380929
9381809
9381908
9381919
9382909
9390609
9390708
9390719
9390807
9390818
9390829
9390906
9390917
9390928
9390939
9391709
9391808
9391819
9391907
9391918
9391929
9392809
9392908
9392919
9393909
9470909
9480809
9480908
9480919
9481909
9490709
9490808
9490819
9490907
9490918
9490929
9491809
9491908
9491919
9492909
9580909
9590809
9590908
9590919
9591909
9690909
