226
149
146
171
175
237
131
236
100
249
249
253
210
146
227
214
253
214
183
220
107
219
160
252
241
248
166
145
188
262
227
127
121
170
234
245
142
207
252
251
177
215
232
244
214
138
242
126
160
148
194
240
185
131
179
199
126
199
198
196
201
216
230
264
129
189
234
123
175
226
236
209
113
158
161
211
188
122
213
140
151
226
165
199
173
203
256
127
160
167
226
138
240
213
130
222
171
176
177
219
1729
1855
1901
1881
1693
1722
1722
1762
1721
1732
1730
1848
1707
1849
1991
1773
1741
1901
1671
1818
1705
1948
1613
1818
1873
2008
1866
1803
1906
1872
1944
1747
1843
1582
1752
1708
1757
1737
1706
1798
1823
1736
1896
1886
1724
1869
1733
1645
1498
1864
9039
9031
8567
9002
9014
9059
9010
8798
8750
8550
17645
17232
17601
17924
17502
17391
17905
16918
18088
18034
