8 1628
10 3384
2 1
8 168
10 5060
8 40
5 84
4 94
1 1
4 119
1 1
10 8034
8 130
3 15
0 0
5 265
5 147
1 4
4 4
9 3898
9 1598
9 551
7 183
2 7
1 0
4 30
3 27
5 137
5 101
1 8
2 27
4 92
7 967
2 7
4 153
9 238
6 502
2 6
2 1
4 56
8 616
6 307
10 2281
4 9
4 26
5 125
2 6
5 101
7 173
4 141
8 748
1 3
1 3
4 76
4 19
5 17
6 30
5 215
1 4
9 1664
7 933
4 36
10 5367
4 53
5 140
8 1548
10 8008
10 4021
4 28
9 826
3 57
0 0
1 5
10 422
3 4
5 112
9 3160
0 0
5 184
4 16
7 817
10 9251
1 8
6 187
3 10
7 556
6 39
9 1574
8 1384
1 6
7 309
4 76
2 9
6 231
0 0
2 29
2 12
9 2126
5 265
10 6515
5 101
1 1
5 157
10 641
0 0
8 2120
10 848
7 180
2 5
10 12261
3 40
4 81
5 178
4 19
1 9
2 16
7 121
7 66
4 88
7 384
6 261
1 5
9 1998
2 14
10 2683
8 1030
10 4118
2 6
7 689
1 6
0 0
0 0
8 1038
6 803
7 495
0 0
3 37
4 117
6 323
4 13
7 659
5 12
2 18
2 9
10 12480
6 57
9 946
2 17
5 140
6 30
1 1
2 25
1 10
6 240
2 3
4 70
8 523
4 42
8 84
5 122
2 20
3 20
0 0
2 12
3 24
1 8
6 460
9 2290
1 7
5 121
1 4
2 31
3 39
2 16
3 30
0 0
0 0
2 18
8 530
0 0
1 4
0 0
6 386
2 11
9 380
4 102
4 56
0 0
3 57
4 33
0 0
10 1434
10 3014
2 5
1 5
8 1883
1 0
10 1439
9 1002
4 93
0 0
5 230
7 104
2 17
2 15
7 543
6 493
6 124
10 6513
5 56
1 1
0 0
5 100
6 10
10 4334
10 4430
2 19
9 5616
3 38
10 1871
7 149
2 12
8 2001
9 1687
9 3184
8 582
4 138
7 802
2 20
0 0
8 1048
5 247
3 45
5 312
2 3
6 117
9 2690
10 4302
4 71
8 639
6 271
8 300
3 38
9 701
2 48
1 0
3 43
7 35
5 126
6 490
2 21
3 15
7 222
6 90
9 73
3 22
10 673
6 427
10 4495
3 45
2 1
4 35
3 25
1 3
0 0
9 489
2 20
0 0
4 113
1 0
4 130
1 1
9 1009
8 1461
0 0
10 11181
7 550
9 1567
1 6
1 3
10 4680
1 4
3 21
7 784
3 5
8 2304
10 2740
2 9
8 992
10 377
3 17
1 8
9 3691
2 4
7 212
10 4014
1 1
10 7240
4 53
1 1
8 1112
8 537
3 35
8 212
0 0
5 81
7 38
0 0
4 33
9 1631
1 4
1 4
9 1265
5 15
4 45
4 31
0 0
9 213
3 15
3 51
2 1
3 48
7 1093
1 5
10 521
2 11
2 9
7 385
5 131
1 0
3 43
1 6
3 17
9 795
5 74
5 105
7 77
4 41
8 840
9 141
10 3742
4 29
10 4898
7 90
10 2827
2 14
0 0
6 10
4 11
8 917
5 88
5 11
2 3
8 56
8 582
0 0
6 395
10 3493
5 85
2 1
7 413
9 1794
4 78
0 0
8 2641
7 403
2 8
5 31
9 2443
10 6525
10 898
9 563
6 515
8 1188
2 11
5 241
10 3478
8 514
6 206
3 33
8 1094
1 2
6 113
0 0
2 15
4 48
3 32
0 0
3 56
6 432
5 131
6 329
2 7
4 59
5 197
10 6036
3 13
10 1996
6 320
9 1215
7 453
3 37
6 233
10 1433
3 6
1 1
6 298
5 51
2 2
0 0
2 8
3 15
6 564
1 5
6 230
8 499
6 320
5 106
4 22
7 459
4 28
7 1025
7 505
10 1926
9 97
3 9
4 76
1 5
6 241
8 342
3 39
9 1720
6 143
10 5537
10 193
2 7
4 62
10 3290
3 19
1 2
8 1252
4 52
0 0
0 0
10 787
7 1098
7 560
7 70
3 39
4 49
5 140
3 43
2 21
9 1929
5 43
2 24
10 9488
2 8
7 541
6 38
1 2
9 1223
9 1706
0 0
2 16
10 5798
0 0
4 33
3 7
9 907
7 287
10 6105
3 15
7 253
9 4216
6 32
6 316
8 1151
0 0
2 4
4 28
0 0
0 0
1 5
0 0
5 15
9 3199
9 285
0 0
6 170
6 75
9 1526
3 31
6 198
5 35
7 82
7 1166
7 581
10 6909
4 35
2 9
6 594
0 0
3 61
6 319
2 7
4 54
5 45
5 201
4 33
3 15
4 53
2 29
9 243
7 73
3 39
4 116
0 0
1 4
7 273
4 48
10 4536
2 3
7 666
6 278
6 155
6 125
3 47
6 427
8 1059
1 13
0 0
3 59
7 286
9 3029
6 157
8 1152
10 2133
5 92
2 8
8 617
9 4139
4 42
5 50
8 176
0 0
5 99
3 20
5 109
7 196
5 305
10 7300
5 138
9 594
3 32
4 15
8 848
3 4
3 2
0 0
1 2
5 68
8 427
4 16
1 15
1 13
9 332
3 66
0 0
0 0
8 1358
9 2957
7 808
3 18
7 437
4 92
7 1064
3 28
3 31
2 9
5 158
9 4215
3 10
9 150
8 1004
10 6292
3 8
5 221
4 54
7 436
4 6
10 1630
9 2774
4 54
1 8
1 2
10 3109
2 2
0 0
9 3180
5 181
9 1419
5 10
10 134
9 1267
5 103
8 1220
8 1141
9 2021
7 18
1 6
7 425
6 232
0 0
5 195
8 1691
7 138
5 54
9 983
3 27
1 7
1 4
6 251
10 8295
1 3
4 57
0 0
2 9
4 40
9 2029
2 13
2 7
7 193
5 48
10 8866
2 15
5 124
1 0
10 1442
10 10446
4 66
1 0
3 29
8 982
5 8
7 694
7 594
10 5662
1 2
9 1500
7 641
0 0
8 745
2 31
0 0
10 5238
9 1176
6 19
4 75
6 208
9 1872
5 134
8 402
5 239
2 7
5 215
7 480
6 171
0 0
9 4220
5 198
4 56
8 1189
6 22
4 41
6 159
4 38
9 744
1 2
5 117
3 7
3 11
8 1727
3 1
9 2885
10 441
3 34
4 155
4 15
6 365
5 231
1 5
1 1
9 4771
7 167
10 2311
5 64
2 5
7 129
6 139
5 81
9 5411
7 250
3 11
4 17
4 138
0 0
9 2756
9 117
9 2995
4 27
0 0
8 2676
4 84
3 26
5 32
0 0
8 1120
3 31
5 54
2 2
0 0
1 8
6 527
10 3822
9 1560
6 82
4 50
1 0
3 30
8 1631
0 0
10 3744
2 9
10 2576
7 362
3 33
3 44
9 813
6 177
5 20
8 939
2 1
3 16
9 978
1 1
10 8481
5 142
4 1
3 19
7 394
7 278
4 16
1 9
0 0
4 62
1 2
9 125
6 397
0 0
6 600
8 664
4 23
9 4835
4 44
6 323
2 5
4 113
2 9
10 1430
7 375
8 1188
0 0
8 760
2 2
10 2345
6 174
1 3
2 7
2 4
7 327
7 513
8 964
8 1363
9 4677
4 36
10 3602
6 327
1 5
5 35
4 18
1 2
10 7754
3 6
8 288
4 144
6 101
6 113
6 228
1 1
10 317
7 171
5 32
0 0
10 2197
4 26
1 10
8 1001
6 59
3 52
5 208
6 338
3 35
9 1022
9 2877
5 14
9 2599
3 13
6 35
1 3
5 119
7 796
2 8
4 9
2 5
3 54
9 3435
9 2862
8 1035
10 2399
2 17
8 1033
3 12
0 0
3 20
8 1054
6 269
9 903
4 97
9 2239
1 3
7 722
1 3
0 0
8 963
5 53
9 148
6 43
1 11
6 358
0 0
10 8736
9 388
4 25
3 12
1 0
4 25
2 37
5 131
10 5220
7 153
7 1276
2 13
0 0
6 215
7 68
8 253
6 524
7 62
8 1823
9 383
4 24
3 16
8 158
1 1
0 0
10 4345
5 210
5 14
2 8
6 306
6 141
2 15
10 1115
8 125
7 438
5 225
8 212
5 204
9 1896
1 1
8 296
10 1341
9 2280
8 1232
1 5
1 6
9 1448
6 161
8 1046
2 21
0 0
10 240
0 0
5 107
5 86
7 311
1 4
5 184
3 25
1 1
5 80
9 241
4 27
8 308
10 2545
9 876
4 13
1 6
4 109
8 1438
6 104
4 57
0 0
6 511
7 477
5 264
1 3
8 230
8 801
4 94
9 2383
1 4
5 131
7 300
0 0
5 76
1 9
9 170
4 46
2 10
0 0
3 12
6 61
4 22
6 123
6 409
4 56
7 105
2 8
0 0
9 3747
10 6240
1 10
1 1
9 1345
5 134
6 207
10 1953
2 13
4 74
8 622
6 126
0 0
6 500
8 949
1 2
3 28
0 0
2 11
3 30
3 13
5 86
8 785
9 975
5 15
0 0
8 1204
1 7
10 1505
5 157
0 0
3 42
1 1
8 1165
9 1815
0 0
7 498
8 934
3 28
8 990
9 3358
7 183
7 252
7 118
2 13
7 49
8 1203
6 197
9 2185
0.034363
