292772
94261568
9138
3
29807818
18470338
44308572
93636635
7020405
13996038
595
7960143
62638042
13016404
95097255
83452969
33179068
29570927
61436699
2145347
14885828
32294800
89462871
1
33482102
24302680
41990
56571289
6286393
1028445
30056
19617610
49148480
85050244
50182283
12
1
94432659
13713375
10
95
45
961695
66832872
54459701
79203695
30680866
96440423
18953476
1
11370558
95126944
5
1001
76974654
57534343
25061649
41305489
76255100
13713375
36857660
58296934
1
11696
34897690
46299441
92348341
54078770
75461925
8832
95862750
46218622
65276580
23951556
1940652
60866026
2599
1081
11934
68014606
1
23912540
91350
94343953
14681165
46219501
99523079
54124240
285
70299
35700297
2340528
69592828
85634306
9770720
716243
1711176
76468435
14
57691220
