86523
3415
411474
490399
99838
311576
207441
39055
393709
3539
172465
46395
286089
14201
204402
29500
61196
5729
255487
169578
50680
97800
154111
247919
261698
379243
187366
362187
48962
390731
148140
150043
230448
81683
152563
67913
18140
9762
212604
380854
405557
126204
17881
97796
8279
9044
414944
85921
494805
53062
422507
560937
463588
7693
216562
141450
1664
54513
456976
43964
97560
330713
212136
52700
301
5515
402626
340079
197006
238395
416240
116251
261336
575
59763
74141
51441
137759
372356
403357
232823
38
43430
748
197842
6369
147079
23817
8525
114419
17846
105437
28404
79898
96979
62504
2636
117153
276678
221059
220429
195334
32275
11282
185105
207366
152085
142380
495335
140246
348180
213665
89513
439363
2969
501439
360394
234056
77685
357101
9926
34065
443454
132654
70002
33386
104799
257556
79114
125696
454
80
38495
9415
124343
95973
138554
8958
461021
82803
195696
21805
197153
12035
49188
77124
13648
493405
75884
74488
263240
310924
33714
126841
19500
4275
386603
98911
33495
138308
190980
87800
21392
29141
548
37615
18898
46423
3301
121448
42339
143102
219637
74442
312088
307240
305036
59051
130485
39029
284819
257935
52995
229295
68285
399949
101316
291006
246726
65343
292008
112504
58654
1802
132934
10493
125682
40737
37251
44194
18900
69459
3703
38408
169790
70392
393802
144106
273353
2238
135521
269192
110295
11608
166900
154332
65259
259838
115272
159447
43781
58509
98758
170806
160756
92639
22099
37211
11040
2518
299883
231699
24775
6981
57940
235547
112780
24034
364668
432298
26170
316558
155507
119367
325326
152161
147
21040
18061
227114
116079
38009
361726
348750
66930
316
58665
218948
22861
231752
440604
424643
473022
88106
3904
153830
129008
143572
108695
4485
13709
161619
71607
152476
5917
141282
149187
120993
135476
2669
245044
22868
1807
33724
8883
456328
114988
15115
358848
32859
72421
378012
19587
192619
114552
875
34455
182683
375659
6595
606
21903
45190
32405
28525
298700
41875
73256
378523
31923
105684
468078
322630
341570
72327
29327
379418
6845
481372
11437
150517
23521
454247
26503
45399
343881
5448
297328
247771
83996
7171
312231
122511
15817
299421
147583
40080
379765
5184
412145
41619
451845
98433
540831
311038
307764
57846
45459
168923
46962
96542
521857
232348
9490
112236
139506
74940
183721
67120
8378
177217
71613
412338
26640
88295
79555
207812
177807
171082
13660
56198
54407
681
40980
154700
48153
187399
97874
106716
153183
408276
377346
51896
104283
261638
7780
62021
4314
21798
69117
4280
223982
22185
11420
153394
310566
81296
45848
101727
187537
2413
6727
298654
252245
239516
292424
4003
8864
3422
81728
127838
49797
108358
3440
197861
180464
230687
24
58546
117001
126206
36562
438654
102929
8321
9214
381878
18256
120269
1347
266817
17726
189855
34192
31741
485479
225669
247065
102875
151741
143934
102930
4926
21243
62079
186801
34243
11414
304072
372454
3892
249419
29773
29360
262972
7594
312355
84501
207759
12158
236024
81477
68115
43368
77068
39736
4917
120512
1443
9213
166657
150328
2222
156422
156285
84501
225035
522405
42817
518
22256
7704
20704
120818
223532
15578
1165
58541
30858
339030
24402
223927
55378
82222
63190
316420
34036
262761
127577
15757
54870
4593
234353
247800
237849
208377
53782
133260
153361
87043
227020
503252
96681
44764
40718
143041
315772
143204
71726
346659
246481
21742
130922
139261
149963
224116
46497
242262
237127
126647
65197
406822
498715
137125
33282
144020
26441
431202
14416
29014
85141
5248
106176
3077
86219
242923
57959
100735
228099
37880
61207
98078
397788
42814
307357
61877
106284
232039
76666
119057
65772
93941
278123
114204
95913
564302
138981
32554
120802
126826
90328
39039
184077
267905
89141
39095
89700
218845
172211
410504
57847
8232
199926
253937
80838
144277
183792
204762
134729
407102
95201
47449
227361
251244
177118
11660
124135
303785
299251
114072
3043
76
64720
87713
87219
125870
41705
22033
16493
325269
151228
57694
74922
73511
119459
3839
67002
86762
365445
2523
2960
11398
8228
10560
92204
199205
67235
2628
197405
45857
120875
42725
87671
199848
6217
2996
13237
40799
148804
40461
7041
129840
114625
229975
48651
117541
66390
76681
245405
39406
4069
26840
53872
12752
1783
174562
87247
93749
140131
14665
14827
278153
25160
354501
47050
112967
326132
12510
324265
16809
199145
38869
69340
388236
134655
396015
381642
26356
204704
60379
232047
508777
188513
57119
257275
55487
216881
251262
411085
242339
171633
345512
191061
120951
618
595726
163546
103792
12501
148900
240778
524560
28381
188068
163971
70777
319697
513420
282726
119200
415762
474998
99539
162019
45498
380906
21422
122106
113892
108874
141392
147135
32403
70559
760
514441
161744
57960
109785
186683
69876
153081
107407
53376
149362
360312
55586
207608
189179
48747
214500
76511
105497
562766
30361
7868
7886
13129
5433
116681
118087
332010
58825
52099
11066
194086
66556
57004
27420
11099
457563
33732
75671
115221
154456
163888
147671
271209
121580
211945
396805
1776
24614
209480
886
255413
215067
317392
51443
488679
267089
157914
238016
30223
216323
172067
75755
30569
96332
271203
363
326886
234858
304431
205139
381204
195872
236812
53258
21671
1294
1849
32098
243057
323490
184120
64906
13046
21207
507818
42761
478240
406930
30921
159253
401869
237587
50556
137100
29081
460715
308956
372578
225521
83539
464018
61401
94547
15369
58775
253447
304726
192437
261582
311902
231755
157863
157914
337779
181245
153051
16556
246670
162056
250120
30081
9647
364304
1072
255598
268236
299520
50279
310370
60373
181717
490374
203984
56347
96659
645
404743
339678
530044
1783
56989
8813
157379
7413
48782
267498
278139
222794
349480
20263
16588
434440
191287
311010
74266
365390
24957
8153
102410
120415
22116
102436
236415
541042
56761
29684
558593
47318
143488
44097
582972
435016
192542
13173
4887
33205
149844
273778
99869
247544
83400
99175
7606
48335
254975
222543
143904
159275
66626
260529
1932
216043
2143
235948
108927
228809
136856
187808
62809
5751
236876
563517
50448
51658
13538
3865
48275
303642
221745
139368
19788
12702
1104
73826
42623
104896
166744
3200
117184
197996
5897
62021
246075
322334
117675
402440
203194
147481
348800
105689
371959
43995
26272
164038
243038
387937
38209
480035
296766
319884
173442
474332
44610
22149
54714
15544
193620
375
158118
138352
253641
97746
22700
103759
1285
229695
53997
372966
23820
52316
490877
188088
3300
5936
69733
76720
49462
279
9929
97757
185532
6437
44752
291533
313998
4908
99715
152202
116938
899
347004
44201
210240
49823
54223
56572
29103
479862
62669
263063
484233
60804
291221
54002
46117
223357
196168
155427
122513
278616
7688
54057
252120
172143
7793
11983
29447
61240
6838
230052
17819
53640
44058
178509
74590
165222
248905
121274
21873
124141
105971
76082
264435
378347
79120
352945
135026
164556
39138
3442
195763
320036
18015
284857
2273
146031
20025
123295
293361
163264
338239
4450
25466
78098
558852
29121
75857
38772
74804
212514
57045
1386
27758
23723
60674
92314
236700
1180
12855
61702
45948
30717
115980
41835
104434
48228
120325
5537
118017
120832
899
355808
419753
352437
140316
95465
49745
325937
7399
107929
98632
297655
103481
38881
43904
399196
239226
212481
61426
132921
365615
240450
125480
5855
98763
25201
319563
162141
83266
59125
227194
5821
30221
48125
112142
202042
16029
544446
281720
41155
51410
121574
32561
28364
309851
60888
20965
223921
475419
39963
47574
113082
88773
209019
272757
4324
46986
6375
64424
438535
219253
120199
115334
343439
391658
108056
193948
223192
61359
40707
46637
106876
149606
180837
199903
99017
107739
166537
171911
567865
131105
185540
80707
22083
260381
50604
4602
79822
116341
82118
8815
62518
179
283165
183257
146438
4217
36084
200319
245814
21714
146422
89761
80482
236173
165219
68136
45264
102
105479
213543
108301
76220
213161
210523
354673
42920
123759
86728
137083
12890
8062
345618
107936
77372
10975
205120
488937
88242
531721
6615
82658
7684
62716
391698
86320
252938
131141
360778
111090
264701
74806
74833
67057
112662
4831
36261
106425
8868
98160
265754
463206
35767
300803
403688
400751
21418
49078
416576
42045
23057
459032
7559
149984
120804
288349
211416
94395
130234
273715
173489
131655
256774
317958
198344
51503
69326
15008
76270
9136
243954
92209
174413
34897
32198
29283
88804
174715
2563
71700
567731
187269
175924
56779
203139
114672
640
391142
107260
24967
339496
229923
101303
26315
18290
459669
38258
68312
224118
56667
128109
236690
277121
425717
448948
163140
338363
330876
188308
109419
180147
508127
78357
12899
19615
317821
48325
107046
153106
104041
7921
537102
280373
247185
258231
234366
90087
18323
102100
15009
260522
56333
16469
74955
87272
71145
63716
547361
11178
363119
60789
108322
193737
159331
50155
6346
240954
55997
11384
361042
289540
11734
27459
70086
53380
477289
304647
479949
203327
76740
399627
51980
263767
250962
134316
7693
182525
97498
266989
22572
516
14396
9797
3346
40664
1882
55624
82765
24933
66311
180240
300114
85149
207155
2131
66796
212149
21139
154046
219123
257896
477886
196797
48323
45446
9766
4030
111397
33456
3420
98617
5764
55244
163978
12535
39527
37361
380902
10814
39715
206043
45911
198198
44162
137316
14333
488980
23231
3123
114372
47674
155315
427955
100280
501766
362536
196834
192954
158722
108941
45480
88494
64669
11726
151629
85295
140800
97586
182685
75776
198353
196424
275900
65125
311982
59038
36474
150460
6120
41161
158746
24407
3946
41540
510059
107098
26125
69959
45036
31544
38670
349505
86911
132482
129830
107044
360963
14919
233112
120984
16132
83551
351911
345347
56374
823
28193
221955
217550
58906
385622
8322
92556
466887
522
101080
106496
110587
361094
39952
241741
44078
167532
248649
174906
107659
380030
86385
295395
6754
50830
339497
13401
93417
83161
203517
151190
45420
204239
7517
76919
184113
431294
135237
5462
217628
111699
32957
397168
142540
47848
7331
30316
44929
389494
469980
250732
162624
15359
50996
341973
125933
6861
150857
274268
348770
244855
3864
37876
81699
80963
57075
170572
260979
275594
4747
56166
555018
44416
275584
112694
121702
23657
208084
250076
145585
88962
36071
15222
72121
75691
329346
114185
1443
413701
48046
154724
120683
361507
52619
7144
118569
101535
181710
15700
52178
545887
414458
237727
122057
25060
244040
20612
248243
122618
99126
8752
299883
361134
147023
16495
121967
239561
93660
295633
119644
279380
7076
300598
46383
3098
496782
62224
3877
222104
156307
294266
374416
174055
101188
26086
65515
99803
9775
17578
18965
67111
102230
12584
77575
238127
359000
43247
416902
34564
388460
77040
41979
22787
282661
17931
232420
100440
291174
353473
4747
1470
219912
22
64545
383874
11474
289254
1866
99122
129475
4870
279028
1302
54958
293364
43105
111072
233397
108459
403016
21119
246116
56050
66846
450075
19629
104707
13196
100991
223761
4840
342362
58674
21040
281480
143048
99983
115550
111968
58263
247938
372187
186745
104277
55759
14681
24590
241935
43680
121963
483943
11042
509279
31615
21030
6082
306
1762
70964
264080
16563
166700
170923
131058
157564
7403
115
189679
5839
94456
175938
36946
99803
261411
59837
306977
255439
65832
3135
11523
14961
164311
47275
37679
24723
353946
24102
43106
106681
3996
212401
108659
38304
45696
54014
62420
51399
116529
15087
157348
267717
27245
151291
106627
212664
38837
292024
49186
177894
241534
28669
1781
19289
266397
45923
205831
429140
45783
96077
357432
112100
57815
11039
54629
5854
9176
113799
17936
424174
148317
85241
31406
131481
22746
218132
219417
513753
320061
255977
289425
70236
61708
100163
130240
284397
22348
38025
53226
20784
82281
2112
34150
124216
328549
207537
262113
62854
107147
8095
237622
69361
257962
199626
256410
144528
28290
138319
15716
13748
287996
16591
51474
20642
64531
28975
5780
38767
266
21801
40026
27939
5476
34920
149224
230718
9371
17122
5501
21322
78383
333711
20320
138941
318844
42577
37601
25561
106053
279930
89162
33066
314876
238662
96345
148837
121966
74516
39
435588
53542
366208
94092
290932
14997
59614
188983
235041
27560
7005
381314
458198
7527
53728
325098
1842
79611
108206
430
22280
2464
108503
54138
32018
42658
54065
121254
18184
86216
620
259412
29129
364461
48539
123118
63317
83678
296098
14468
26572
14601
66347
73038
392086
19110
125608
300537
36248
65243
205914
50433
18335
290387
63923
328603
254503
5222
206128
22776
81896
381253
305868
3313
298409
137427
4814
3909
101677
111972
11601
400301
59622
88449
50278
328693
46152
192389
351844
96488
245122
27055
58780
113976
139720
27701
367658
141685
78528
62214
444091
153773
171873
98176
22198
79643
5005
212503
253461
512596
19408
3802
107284
77771
133291
142218
9698
283159
237927
191247
24781
63977
210123
193033
246844
11444
132633
16883
71430
37966
229864
326220
2160
132763
58654
170116
31180
339969
312152
5184
261155
357122
361278
240731
16011
97803
144556
254821
108020
117701
17174
86876
457202
47651
212968
144784
60551
72337
275290
226375
190979
65799
290369
28958
136858
312069
513482
1659
6081
80608
9526
9501
513897
111641
27313
93451
221054
75821
129151
22247
61426
58929
60497
157849
179134
491080
12829
580
455
448375
182795
121124
230923
5255
31979
85761
176470
67092
16571
559945
88078
211678
570
431628
67417
93174
169701
64906
19082
219966
14656
204756
52545
374558
9594
18695
67228
146576
220787
443712
160771
475149
12888
13227
56167
284402
106222
182570
42940
119394
245818
179168
60784
82934
19098
30411
21427
117993
179360
114467
206947
81
52954
71326
62036
624
146598
433546
5389
11605
154550
251052
168001
35478
39199
263440
70055
82815
225045
192317
44180
8394
171007
10542
79507
436477
73938
83783
249420
4103
72881
94907
42629
173237
278183
58295
23473
84337
210900
364270
3461
2183
57771
110596
30911
261636
137485
20541
239109
109387
97578
60128
71193
78887
312463
253667
162431
126846
411767
545791
162712
46204
105792
40845
13051
81
17336
66147
36854
448646
72122
226271
114442
432351
199282
64278
503341
952
93917
905
22306
93123
57377
213574
36120
229196
42275
238708
5143
258298
114221
113595
123989
368050
56783
97933
105465
101
121234
397842
3932
397987
14331
88414
86505
243508
185804
10782
99739
112
4733
6916
616
3321
217847
84430
106043
18472
127089
463501
42389
155785
35898
237585
366748
574543
200038
23019
13541
379917
165157
69790
54282
29662
362250
22891
30613
231155
183369
384737
314396
11649
237661
10142
189380
129582
269
300338
175260
212810
108951
15928
188321
30251
10607
29544
251967
97206
105170
167535
28129
311994
394344
21674
352696
281990
383372
91251
295164
34510
530856
142605
27113
117668
433511
285807
101316
240181
15114
77539
49375
9474
55809
268799
101862
512350
112300
106149
155336
61420
384984
36520
137090
445930
125843
55659
120163
41635
132003
503395
35421
160559
25065
107999
110989
107344
233
190666
27861
29
97932
130065
119941
158433
4369
97814
114575
1458
54941
271644
166112
27757
136135
94391
86093
12025
40206
3396
121782
70250
159171
236358
24604
196180
78916
21660
124475
293969
248731
234425
89164
333486
285723
545335
247554
23214
328834
420137
46355
242267
8461
229
485479
122873
197175
400403
29377
4004
517709
197708
265409
534834
220629
118730
8087
301332
5203
82004
73015
135410
79656
45999
106875
4858
66674
174647
9765
640
54634
8025
122260
50623
15483
8326
2202
100374
38590
104732
161883
331962
235301
5043
69040
3574
16988
94123
274050
48743
39845
245020
403138
500181
317394
22493
71980
72762
453465
35873
59201
39473
28375
471714
314401
257170
13025
389985
138076
107371
100642
4629
203102
60582
285614
162835
4089
142238
113109
30831
182819
73342
206149
520888
12509
145963
454539
31317
12900
342641
265401
82477
23234
158397
217479
261690
27065
62367
247259
103183
172390
19754
358362
392027
234597
1304
35062
2570
263953
1474
38554
7254
119949
44387
221280
92284
150662
85699
167325
461778
270558
58899
33636
207403
225790
27900
166051
9893
188034
103352
570859
297600
10216
273966
377678
389166
99941
8292
102577
2101
30763
258062
27927
89629
128173
22979
49619
266185
51238
37662
27421
180599
126020
84337
89342
418237
46863
266835
466501
24818
34083
551586
126147
123297
19759
89187
350940
34014
122634
179440
154363
214386
20244
217789
555344
2013
260545
200227
436063
329530
426380
19
103397
18299
245014
151086
2496
42521
296051
942
91652
370482
36049
13527
245068
137092
43879
51933
145147
59240
46093
149484
312585
150255
47685
93379
150192
138385
27499
5796
17442
243527
77841
401665
75252
202469
124655
54360
3500
3092
244716
84856
40800
12121
169905
296018
111468
63564
9223
85683
118885
79775
15283
187755
18626
19829
7
252999
173980
2561
49864
301788
17417
44246
258705
252314
143501
11496
1438
119447
25667
320769
363168
39420
29200
13310
87136
326083
95620
23947
3679
19476
191499
130271
41523
20493
398307
215759
285221
1231
14711
86399
125440
107434
330605
120911
503
370247
4618
21447
84600
66470
377642
439283
208296
128045
187070
64003
10434
133678
40064
234845
331345
181175
17326
209838
283284
19018
260290
261657
47967
4201
48835
118806
115661
134835
45800
61372
216917
226432
53158
57938
140955
276123
179176
250746
16704
1459
121798
216969
284538
230798
72638
186519
65279
251859
134316
269925
289654
76754
59947
8184
224859
303016
109224
13304
134376
496222
60001
497236
14148
5732
213262
357280
2357
25937
69414
2495
144774
510044
180217
46597
49155
13102
102628
253581
239311
78062
351039
228519
315552
12274
123279
147132
253465
3257
70175
431760
235651
1937
185491
3728
377705
92326
10427
70361
1998
151831
220493
698
20141
183323
44954
92572
333640
370576
136227
68737
444189
43141
31656
38124
59687
246322
260358
215755
420104
1935
188559
73120
115873
354395
44198
424043
23329
43726
37259
19617
6741
40105
244921
191157
555889
445038
4632
4767
230011
9856
154296
149756
239625
251550
325056
87342
55205
54295
161899
248989
332951
3900
119775
144485
212968
391011
51298
245394
101179
132
93
438024
142879
205037
381164
441420
248655
1879
83237
70319
51073
144393
215720
71676
4999
355100
102005
351286
268721
61483
446502
19474
123184
274430
444986
166022
29121
73760
255423
382048
73043
25248
142391
102095
253789
271557
69285
11983
68840
121800
10175
6539
360241
168937
276630
224721
409515
96161
179017
25788
23536
306274
553863
148032
137411
128025
123422
1063
184134
144738
51957
26807
9143
124402
73529
119421
383083
94382
226623
23666
75104
222802
75857
162600
8371
31583
121838
171851
54059
371865
41001
230474
58110
62306
202038
160315
137341
12739
45680
26760
49802
104835
260187
14326
84631
144265
178638
27558
70654
58723
8458
157433
79337
81172
108351
267724
21601
533162
16408
53278
11905
111681
416345
33314
538690
173993
48556
96916
205294
358559
520824
154745
119668
119658
53102
6037
395920
24932
58561
78806
389297
414134
220222
3741
28233
275959
131966
17517
16080
108048
87673
124356
90265
167847
184382
159370
120215
195482
2938
4660
13179
440781
115569
12779
3407
173815
188303
251846
16126
357884
144663
133367
158337
217799
422597
287856
144544
105784
43867
400895
6211
530139
87988
382900
1180
5061
140856
140185
104777
111335
92584
171864
47961
68335
66795
104905
116138
110795
194394
4553
143765
175034
8023
198460
424049
287531
38225
166861
65226
16208
286659
228939
357219
28647
4467
1777
13124
33707
36906
1858
18974
35591
205699
49745
58324
173864
233042
58270
42864
241032
296705
67892
23194
103982
227600
49763
71182
49960
20957
567387
146291
6162
169483
29460
293855
300776
4925
80282
9167
161161
136758
292079
183663
15873
322817
141219
35406
210800
20496
387977
331523
426780
66252
369704
94899
272744
8660
88141
219237
38129
111558
202200
13564
304964
27698
285639
107074
1947
531065
304538
562383
28456
104234
224962
361811
104256
137342
98741
418382
101768
204123
459545
233137
650
203225
2706
415237
71432
71262
198805
158020
106874
5809
3721
386267
203389
101302
44522
50700
40153
91004
538025
94274
405142
281287
107328
51462
353755
45693
165262
244502
37138
526519
138852
309001
112257
36665
34739
37390
54
1284
5420
14356
42025
35237
2737
315833
22233
46354
220897
16469
1819
171774
92995
96530
145641
111082
87333
16865
121778
162178
177904
450485
33384
122159
247914
243354
92508
461898
62676
403657
39855
112896
50314
1302
1794
31692
23782
18218
7985
26026
87417
194978
102720
19208
24623
17322
27243
100041
250515
92385
46643
48900
89396
137
442674
68478
18039
19976
274119
4176
64104
61399
7738
140981
31802
94248
8111
141962
269065
2630
120124
233479
149209
89157
22219
92958
173083
142903
359832
74544
142401
131145
217328
43783
293379
141702
85224
10542
183678
3602
255341
876
223350
37198
233991
241140
302315
233456
155695
63636
274
309704
19645
230195
112416
120468
314577
19983
235973
386058
249527
99539
37985
2318
273248
153937
425
8365
215384
62539
154135
82349
210023
1433
46036
1550
75972
69736
10415
287639
143383
9980
48712
4942
18144
50279
280179
81990
217134
185378
69462
145293
187603
133658
435148
388435
482227
298132
109840
2524
72316
279070
109781
354857
234844
190027
276605
26281
5092
76516
38614
440097
303842
277177
178655
85477
156310
94672
231251
297497
38265
77279
137939
141764
62353
39536
12636
63932
47587
42775
5669
409953
46815
72218
39335
133996
181627
272522
274114
21300
83951
720
82874
60218
8534
59441
236012
82619
3626
247317
42112
356329
525659
237922
399299
64278
65685
518450
56322
243384
37999
91196
170788
138934
165563
400082
102946
68379
959
192568
454083
50999
87598
137018
111766
29927
257150
309257
301068
91718
28413
23089
18653
56726
189465
233898
53617
313309
3721
41352
1738
464316
319961
21150
32928
114536
60361
108191
38847
96156
161972
83476
196398
121235
177562
29172
184244
11312
173310
222903
39026
3619
5570
306942
75770
50774
49640
852
59808
34520
403925
14418
217251
124515
233664
138451
540580
116962
413179
110189
202316
3304
486721
352357
32583
76516
146128
37993
74551
3876
13873
416257
5835
16042
81818
357020
225420
19776
418480
126425
59520
211737
94303
87243
52477
174042
378113
403450
200634
11437
52710
368562
216180
69898
107105
385585
178427
12616
193788
327101
95308
211237
16976
71037
36909
6078
91125
71649
182073
112149
87847
235162
299671
339828
111080
20077
56260
285227
147756
313755
10128
450788
127410
65393
290980
429722
28705
72575
5464
37878
61198
105505
37405
160892
401647
45891
9839
68022
4750
33450
359070
352702
328959
68620
79078
44487
3532
432291
289440
1340
319730
278487
147829
376649
235237
173502
88577
90964
198642
217383
67266
22044
465415
32469
49496
3764
388887
388817
32866
54893
10502
229306
71510
80795
19205
544788
37139
3360
35357
181532
157017
175643
135846
47546
147883
361605
448181
70578
107746
216683
80323
386410
88075
9201
37547
32850
17157
438105
66097
418543
132525
211165
101977
182379
389261
257763
33823
117039
255604
27508
367
53736
341338
389616
491682
297382
198896
122452
122900
184826
107846
45021
65941
396204
50510
55416
89776
38373
976
237263
138186
413914
213519
430812
240227
15059
4410
170352
288746
138187
220435
157607
81447
272400
38558
208456
45837
46460
42076
185742
35266
580288
1879
390651
57473
1430
249994
8851
20043
171552
81599
29818
330489
205387
342866
25883
983
32080
18725
99317
268739
378228
115394
279012
346395
84444
5260
102398
1005
37865
63403
341369
333526
266697
328519
157798
205208
30857
288538
42023
174339
344596
133451
4520
347725
1986
20321
13463
140387
59109
31135
429853
53294
96681
469619
44959
192914
217396
1697
72480
196525
60717
224876
22273
309510
427653
249441
276102
140429
238795
34022
557945
13387
7763
43839
8598
286714
397140
3673
209949
200684
329161
62970
169537
123459
210653
438044
433702
93682
10461
260979
10269
77574
97919
123390
37380
42223
15719
199340
127955
2357
21795
330064
11646
123744
43126
257511
15783
326904
2260
10165
181645
131065
25510
38051
98941
203678
50617
341390
83760
218264
81754
114645
100925
27256
50922
395253
178152
344386
246973
24679
219964
426760
5371
377764
210982
5884
40179
3107
345001
22600
392808
201009
168562
37902
6917
61582
56444
503457
112774
103426
14293
1964
270591
39173
418725
101983
62281
84126
222467
138954
84189
52378
802
31297
123702
180793
69227
115609
276751
20312
323783
188004
30224
439715
150242
63629
53238
201288
41956
529200
63647
38667
172274
73657
391419
61221
217954
70278
32247
154318
11902
22058
14705
248432
145966
39924
121287
182781
61883
6106
312631
63562
187632
41148
64736
91625
93420
37757
258770
38493
48993
27110
295717
145136
48167
239221
4408
45590
108306
51769
70504
130536
410552
25978
21689
200521
158144
162893
144650
512557
138775
335359
3758
49698
486528
151267
546582
301797
74691
142531
229490
321292
162738
488284
29129
210915
81968
145999
18770
45660
73371
26959
1845
454217
2264
44877
163955
28837
374489
463329
247785
7898
216780
500753
26862
115980
372781
286955
35506
250175
26535
385080
306757
277655
523429
289613
21759
39772
5183
201514
54718
111171
534841
37657
156157
111533
336656
195399
363837
85407
86520
67291
296922
93485
248889
196586
31640
45101
9186
62774
208039
18648
1334
395
243153
94988
270700
584670
49608
187238
389460
13507
46181
46803
56196
117146
92002
204704
44806
45702
1592
57063
31534
315930
106372
3138
18341
38538
305523
219
204746
44860
125540
36762
49114
53138
34618
50574
312270
80274
142057
110617
2494
44621
212305
191450
283415
244728
111981
468433
62555
66579
206315
206746
122
5219
94555
73228
112377
14
341705
235904
76021
10524
12177
138988
2332
172245
548296
30445
62254
14940
20511
336800
83880
209554
198131
177295
55340
3907
61136
82904
2084
212361
403941
146708
258439
336649
137574
81610
121442
355584
206747
560750
137316
34154
73365
49659
219882
153569
4178
32065
100175
440754
95376
263255
288097
207817
107908
294775
125751
43594
282377
30000
134087
65604
103781
230656
54902
66425
245635
240425
303248
234584
254551
2358
87044
24278
42847
448212
492142
95944
224058
43896
177957
10729
166565
76798
81186
21329
71458
304407
133423
73265
104366
24821
56277
378445
34628
23421
226442
530423
287435
210116
9499
88249
130819
27322
183752
50601
102506
299717
142633
95876
112703
34591
170166
26440
86370
42541
463960
423490
57003
170427
250843
441
20607
26827
1579
37105
63762
29022
129719
193937
128641
182598
21990
371104
131416
46144
4638
30703
893
98819
15789
30843
193251
267659
280026
146673
35724
79196
16508
18124
20534
41907
237760
7108
3183
201813
78491
126779
56471
4164
8845
228525
257943
256486
119687
60332
114004
53341
227165
286896
241378
271973
51233
51534
52001
19732
27392
197315
232125
465871
174323
365969
91764
41476
47746
252714
49647
7954
26683
84507
90905
27693
25786
402732
16059
234232
209920
227738
371225
521320
24005
263177
156215
35409
46827
112869
26724
47231
27387
51672
120069
95400
64112
235021
51476
38621
81476
103619
135
197059
144417
174043
97577
10264
1470
317893
32176
101924
73483
17675
113855
112518
4380
133297
94866
41978
38397
183997
1380
115967
168024
2676
73335
122000
56794
353313
94523
204186
4543
7360
93267
326374
12436
116169
14414
143877
151222
159563
29849
279667
250753
18239
177882
8822
36435
61001
12249
154056
32489
1138
137232
4
277126
34098
268299
194611
253716
203561
139240
304831
377159
195738
78112
56245
4078
276384
79391
30446
197024
230577
135047
428195
9781
431098
50605
55018
133547
118
341486
313
12219
420941
98515
21878
438171
3434
15999
341654
101
18155
357466
314228
162288
423005
375978
431802
48715
153118
190121
8215
11962
294320
49709
65522
233410
4927
25720
24616
40797
10275
51327
36162
26576
14676
44500
14389
113358
8227
87435
94869
319271
68487
358217
6775
340943
6096
513840
104125
29817
3778
327485
17876
262151
17365
452706
120307
5174
67225
345157
3829
38071
139211
6644
13726
73376
60725
13430
203405
12109
289507
10137
845
63219
108979
84859
123679
108186
84041
42935
61737
172290
124120
162693
180966
88078
11979
278926
259786
44572
373008
107950
43179
376690
262298
44582
12603
331462
540900
50937
165767
1821
203602
56619
16498
172959
116116
53473
163086
276211
247079
189047
3720
190589
32500
147536
7799
50243
90481
42010
258999
493489
62048
76462
150621
368323
38656
193023
128746
132496
130725
11557
48320
91362
184895
25160
147
48574
10479
3594
29543
263568
54463
181341
225884
21244
9431
77
270804
42646
52175
44366
30850
184579
125721
382433
303389
26399
104302
263874
41404
123611
22219
104720
115034
81545
419000
452961
108643
281385
52526
252643
54369
4978
195819
26942
7707
28735
258793
32533
24816
175530
268548
314435
178602
109262
96137
3159
342739
30710
252011
121634
100902
47534
93900
58000
7684
176969
242677
36562
48579
17021
1421
146812
70019
25925
489538
90711
12318
6107
61018
273457
233210
166996
76462
253344
31139
95402
20575
14568
92964
228458
468072
351322
1629
58087
3527
496358
114103
200861
63776
247523
104303
151106
107562
198165
270205
173136
114155
49021
104194
161727
28756
473611
303009
18767
302679
341005
70108
82065
49229
130651
32840
102120
103417
735
342197
344125
13026
15675
26672
34040
354857
225454
169993
303683
263547
191940
110708
24159
104617
337637
230687
58901
27998
110680
342703
220016
125679
4300
50056
31355
33617
389651
244886
116838
169802
389996
58913
70878
57260
147064
7637
82675
5655
100055
30983
406617
85200
97080
232846
122738
33826
182873
258815
232686
21619
8141
257204
18986
123846
204142
11751
396022
136394
106496
353936
94465
69139
56827
223868
35094
107959
567
28540
315
232547
12040
309593
52455
22393
144816
146243
13316
281861
99004
295493
423644
10182
507785
254744
49059
369175
107223
53741
334617
120015
1109
63158
1595
242722
164682
118754
181962
207512
114431
72671
219136
43021
80174
111975
51420
78328
237427
251
157886
242
236922
96521
23857
108222
227336
285075
24014
245178
488755
217815
56457
245321
47564
256779
130419
11592
148159
27050
3501
286383
64937
335078
454544
338921
61782
118506
18015
86980
217549
242016
376857
350107
244426
59749
37564
46855
187116
234837
186429
40207
133919
127419
245136
118273
389270
112876
351384
44078
143739
154499
281145
107
23429
218575
38586
24340
65660
98800
6111
2317
137757
2744
20659
67000
158113
24342
72204
108489
475328
27684
168599
327972
59313
194220
239654
70807
133440
279845
19627
137720
394800
99018
265957
363502
245373
179125
88496
319517
70412
47084
7625
60273
337333
181503
113298
207466
178904
33434
202147
249270
99143
45207
10869
121749
92699
175080
9359
1302
369244
43498
50035
282501
112877
176637
20868
14701
204996
42163
40085
262496
413893
146789
418524
169577
241303
177193
135003
431971
243446
62377
291624
114907
161646
70974
134100
78713
3980
168885
302539
12835
228025
177171
270174
447139
304302
273673
220240
142239
148729
105922
75412
34783
23521
504058
83965
63162
195119
132905
1094
6886
37803
411720
219420
2874
141720
313337
92602
53441
3776
153377
387794
19043
80673
3849
57523
41548
141341
41077
61177
16551
210324
149875
46947
51939
80900
524065
170323
132775
57236
182011
21695
252975
166919
20933
108214
4168
157286
50308
98463
141443
96
289104
221416
18897
312853
82286
266997
137191
231623
351741
3847
147799
57778
336031
63275
38910
490394
68598
55902
90017
26360
60112
86814
173601
82679
392522
10349
227531
283002
117585
36676
134904
33632
42038
8324
55840
10836
446706
150386
58163
80299
68804
77036
278433
247875
233481
188182
96894
67537
12734
284637
62958
207815
20258
19992
1004
56721
40558
134253
166213
50244
99
313541
12740
78565
471483
4545
208139
24111
3916
175208
163670
368343
164
174845
358692
4641
249045
134452
339133
231937
399142
162360
141649
8888
88340
338442
7329
108147
33784
41783
338242
293383
414801
23139
20408
153487
2305
357270
278659
220600
58543
412236
401864
8545
15742
1936
157200
63482
291332
162036
48801
81758
178951
43707
124835
41911
49435
5858
97529
9782
254415
177449
4422
213885
20135
251899
40648
29369
45374
140245
117764
68144
264149
21179
320076
67496
122326
1135
38941
229422
74359
54200
182844
9240
106121
207805
210908
41775
44812
375872
421364
237409
54340
152785
58972
11481
201564
51898
300534
1465
11255
344007
136291
277504
167018
103036
52559
34762
42377
30144
85016
186779
13533
331800
58020
349020
100514
142079
48819
291464
59914
12321
126728
170364
203474
252756
91423
14513
15770
347763
67658
50077
123100
287524
347387
252718
321747
113884
262366
4571
20318
207510
536233
53678
71624
161379
306025
339273
131
121040
522182
438033
4517
23282
77847
27083
76886
458999
103030
15968
77515
216601
412286
30396
77232
63377
230018
555261
151779
178016
123555
73458
320092
45913
47299
108598
129304
161637
60181
18818
20345
122729
232079
345839
188753
64042
175115
355394
16558
24592
4197
119535
124420
88719
51496
31123
151802
21792
82860
25308
143536
3705
72608
47756
1599
80425
131844
41064
84590
39074
428894
190978
119238
264850
99764
105775
496666
3170
381972
13876
33267
253621
68574
219298
66039
68858
76274
68449
31910
76843
103962
144781
100207
254063
399545
141915
59882
364789
77952
181989
175466
59201
501849
173867
270895
41999
80780
27160
333523
89667
36368
235456
32507
518206
93259
212951
27649
203821
220822
130178
2902
4278
127719
132595
278586
70555
19612
12797
135967
117276
501
445996
63345
180396
38620
54254
52106
257470
225026
7818
181983
47258
8589
143486
4672
217459
269939
547187
14793
297810
392711
223218
59074
164429
158982
4756
193405
6157
131096
94866
88384
64655
5405
178577
20685
123851
335019
347391
1883
74216
90417
121183
267152
13539
15745
66912
286605
170600
48417
55115
295604
495437
286556
163757
15558
247972
48297
389068
297570
18476
133580
79177
79727
114538
3842
262178
92851
220571
312234
161600
355017
96496
300935
337697
8297
341920
451617
4037
482218
30862
76645
83452
185
487414
46301
3124
3798
24800
74345
8541
13157
256141
63863
271457
83703
61804
214063
87981
21454
51221
86032
7857
53438
99185
262441
315159
140694
161102
111760
132068
457126
11175
49824
144924
19783
150524
361064
45105
141065
141915
87696
211841
178178
114460
15048
23000
219842
16678
84185
42447
2261
155715
296499
15497
80804
223969
66741
304215
279913
39344
41098
114791
107490
107336
28466
327139
4258
462881
69106
79459
88293
472773
294288
246979
496623
6442
255107
6150
527434
43162
14582
151558
2096
12916
324477
263145
136579
24977
4807
204020
122997
6178
268810
18578
261113
113589
124152
373674
143882
42249
19920
7272
56051
342801
9000
1196
21316
261475
39415
500941
39468
10696
169700
83176
54572
15434
96699
56348
369
28
102872
25705
224356
109397
62519
82975
206030
42886
4292
241064
93023
116243
30162
507001
12748
14219
46362
56286
140530
173891
297168
18709
49728
15454
7673
195963
44694
160057
301406
4636
219908
2990
136560
180400
6343
56173
166986
62353
313794
19184
36881
162068
128562
113344
290090
181574
281785
448328
66418
530684
118679
32837
98623
56802
3917
2352
42515
102823
20595
149744
228304
17132
203203
2091
360956
142517
154205
169039
438818
12531
10372
42320
435360
76774
112197
3889
38153
54303
312931
24344
14216
151839
366447
186417
12678
225981
64366
9370
414907
389660
3483
46446
169463
352102
639
338030
134390
433345
38596
252276
117307
46788
22156
101363
163997
72248
428355
160279
81618
284607
40738
319235
111516
67980
31690
51784
8485
205602
13257
19225
264288
75797
103511
42792
17579
320293
45340
7062
11139
59139
180074
45140
23978
10347
71897
14458
424058
449376
7344
66065
115870
301720
309160
333917
2464
221860
128243
48567
130384
331219
184031
62321
88137
100538
133920
73149
249621
108432
268647
24719
2927
358460
75905
48859
287882
290905
97523
438015
106706
77561
106712
78395
226718
148038
24099
3443
49355
130664
235352
6546
117715
140197
368674
246842
367299
359521
79383
361877
42304
12538
235864
140181
20285
147333
371047
202566
509240
178291
17161
858
272200
300773
199404
195839
175317
115983
296142
293077
35356
19
316223
320544
257759
167257
2894
72205
295834
254457
36657
327598
254087
47831
505854
476003
7525
156045
14331
102960
132397
53628
53764
202147
5980
107219
260420
4348
356593
422585
422876
33956
207545
310050
56170
1466
12205
16700
253043
104256
340143
247148
229458
45418
4841
201015
42141
217646
26316
270420
148692
299598
46577
46649
157103
48599
66046
295382
58602
443291
14475
239145
237739
144147
51861
116596
297768
191826
246938
264285
1444
41435
114838
593515
15393
417718
157793
77367
261846
7998
233217
12508
172359
3767
440035
111261
194647
195111
483701
224423
298756
91783
249262
258124
25345
345760
338263
7546
253235
159288
148898
245401
39394
233497
476602
159141
253413
10053
24786
408967
353799
52580
42721
31481
14294
63958
269708
65
185782
151479
28166
59100
322425
84581
507242
116120
257939
177
215908
174146
88410
110655
131165
153684
23004
103414
341944
39013
216944
139810
296581
21231
17939
456378
179642
41730
249803
168002
112358
441380
338782
544
24143
302373
70319
281675
454912
425538
41483
23689
68948
45843
137544
446387
372110
161065
64601
158618
52230
75579
111129
57938
82696
21472
153523
64343
272140
46424
421327
109121
49702
95063
16612
179068
98192
276634
87491
115759
356479
888
460140
270425
1599
225545
496899
7937
338284
55016
56825
306282
94608
506271
422084
103199
335567
292112
157529
113434
146578
176736
281766
65328
66083
436396
50395
45701
236790
40847
12466
216722
52597
71155
416808
398248
8563
203192
53982
168300
2116
227286
226642
175559
146345
31716
391663
8258
172553
40744
41573
183523
10035
37544
353401
288313
7256
285172
193342
25902
28418
55543
159100
107778
42302
253183
54205
166662
132667
409896
285297
231552
40404
123465
289829
118082
233919
245106
378893
56859
290176
69622
214190
12841
88516
113488
47376
112554
8838
3040
97180
377408
105528
92102
79816
341438
31331
233122
370087
27119
219934
113794
204585
44799
426818
19582
115682
113908
62661
13496
143557
128796
46679
74644
128082
346580
76528
88069
34280
26943
541357
32020
375824
20409
3513
232433
214676
73658
113802
84392
111709
114993
10156
347686
172546
404244
30589
93107
89146
191099
149923
186886
71179
7098
61458
413497
11474
19817
9753
267482
87944
7016
257670
40879
70592
235322
54304
165716
4027
106893
51623
109898
215405
138707
13726
79538
225450
105479
202474
368019
208390
438046
350448
121652
32922
36638
150002
85107
96262
48035
8426
164249
100681
116349
228723
411696
176604
287457
94669
51404
307322
66626
19504
147215
233160
42144
48552
151565
30576
460318
296740
491201
144267
108207
189581
37420
916
21656
38604
93024
39010
381694
300337
3323
128681
74867
53143
262052
77455
227107
36736
32272
425820
67957
30567
28926
4167
1447
461048
5902
116336
4889
177999
379512
286715
43221
44761
373812
330445
24112
13619
33933
45857
23342
274521
283722
92737
190704
118640
257042
120772
338221
378842
71672
11434
123095
182004
50279
386640
545571
548
163322
330803
282807
26364
298080
146118
76061
342791
215160
392798
285215
108140
103584
285664
109616
65730
30401
206489
39271
248193
37329
21412
54017
95140
117190
98198
96207
493580
270506
33363
23585
169862
69768
13685
102842
57692
6297
54760
217698
21156
218635
259744
8382
9741
33214
95441
215
141129
314493
95979
304241
112728
328403
404194
87798
19676
195442
237417
6320
34802
98457
57640
41335
2337
922
150280
201656
4421
192254
280309
10147
13341
100156
308332
488925
165407
270366
44743
164944
173947
277041
14092
146690
3967
332733
361924
325498
126559
545434
289169
59832
382054
37658
24361
104483
109132
30313
131023
33856
115578
104966
112372
34537
349012
13590
273004
8025
12037
2626
226359
116928
133239
372662
50993
23450
30313
416621
296780
40643
446325
64125
79719
34309
23861
78719
59683
29441
128919
284730
312941
120843
219787
44854
148497
9134
277561
30601
30857
11929
45929
325843
207095
33517
134320
29801
265977
331424
174077
64834
23137
58359
224431
17244
72559
490804
170157
113147
2519
102218
121202
95291
235542
338988
4430
167643
1050
89671
331403
294691
63753
97888
51336
302928
110801
373267
150582
43990
228276
87362
59797
19313
42449
262054
280365
211219
25194
58139
400275
41194
76700
42300
403035
3316
75320
14608
189712
122483
315034
1553
422820
270256
25925
255936
495828
8010
342769
329340
25460
163564
107675
154402
85201
6489
77569
864
24843
26006
89513
175540
5948
134002
551466
454414
193256
353705
75964
278472
19979
255785
88906
38592
116137
72643
323216
148355
18510
30523
275535
287933
267742
148028
229071
324137
93380
292134
7273
10022
74639
92621
186787
85055
302183
357518
23938
79243
88040
284063
271811
23355
144017
22858
134449
234144
10756
269173
425408
1618
8688
148541
359481
140526
300495
12058
529998
12579
238560
46138
446285
241253
176636
104741
96518
176273
239141
10938
146
65635
116058
17344
61759
54197
113495
182030
171382
144145
172164
75811
42565
40405
515123
316902
5512
3635
118585
137718
278791
289263
8421
15437
138438
4636
126799
105143
37269
25312
296518
457
376199
199481
360527
5178
28001
145026
235633
74967
30711
19383
332058
232903
404690
196535
7154
63186
32519
236357
241323
32356
35282
6972
31016
240707
50277
48656
52315
458598
110616
8622
149120
59038
6102
201361
8638
476803
4078
145968
120874
17553
103239
269117
17730
354160
21381
88789
113367
353992
29108
362375
34888
102562
104433
162697
4623
330562
78931
164784
37876
345158
20920
492204
4809
19600
358750
115790
65717
306786
32276
150127
227081
181647
409001
3661
400316
354789
152766
2073
4267
88069
195399
62893
185161
220283
302944
76071
300153
329293
192740
11382
45079
406384
152329
12193
444059
15258
150263
35686
170650
474315
78639
9168
31704
3625
176041
245946
369865
15976
19139
46902
365835
46141
32821
79417
124971
428849
82932
299963
4626
49744
10216
115194
54071
35521
382195
84252
79061
214049
274801
246961
21423
33142
228816
277148
5057
379291
17607
8005
3886
53258
539079
124938
230973
114802
245067
27356
406197
80426
87290
289656
14350
42919
76173
456866
365
147918
21718
88046
154280
88650
20141
35660
82359
50958
356143
114026
407058
42454
269137
1558
156733
59116
1754
49403
59179
120166
59319
27445
84925
299187
159641
29665
281932
19139
245703
168695
5717
123704
2543
99320
183044
303957
18415
83074
233239
114962
31089
185670
74567
36722
317668
455436
12914
440360
181744
1851
28655
245457
407025
357262
228434
41533
94802
28693
10830
238738
167915
49504
340013
457797
34763
38019
39943
3553
183549
28218
5486
216201
4823
383210
225687
37386
68087
179618
30234
24124
670
7164
350050
212540
59587
234285
66297
467446
177791
361123
172788
121559
2291
15938
119647
41381
20239
156746
20400
24867
117181
167283
46584
3749
31925
126041
58902
68137
221300
3647
222861
191380
96109
279229
102758
110910
288047
439453
239141
45641
54656
134071
192301
59487
65678
1505
194079
99545
135491
92023
337272
38559
413631
92825
54299
223659
347093
205602
5001
308381
56538
204995
14897
23548
29656
6084
82231
205923
63360
134374
86577
234264
4202
238072
192237
78226
33097
15741
237460
101656
110822
224573
448662
417662
369861
76294
97829
96037
258
64210
24120
44841
154384
51798
183788
141303
218691
360541
17476
63656
472674
176056
547144
41504
91407
35107
30787
304723
220354
397852
35010
366819
140021
97322
735
21118
269668
5919
61402
274515
300393
96218
142224
68018
155779
130031
483352
13181
89777
199154
98935
25270
57207
46367
76208
271020
20210
51986
118412
355514
17539
11493
14690
181899
244136
252389
6406
415211
400077
237937
279785
140047
105183
284824
465890
229895
19144
978
4941
194091
259199
6781
79033
122905
202162
14759
111063
204915
20077
8828
24263
5075
238024
287099
191345
136078
125049
170383
155537
155510
353433
121987
81910
5777
135990
249098
28621
112987
6318
63537
212022
15490
74018
85010
103536
97573
345582
58080
446793
75712
473761
17013
29994
228066
41720
266098
35301
3328
127226
64439
253372
36220
163779
297438
76653
67152
3699
99410
93277
47002
99689
1029
51174
150732
352205
60647
97506
56713
10138
69792
1564
523343
323114
149762
412651
167160
171754
254786
246681
7617
293015
208537
50399
181324
29956
3219
54258
278833
45880
796
132059
238852
184389
133257
216644
10560
7856
259800
507445
30245
44148
108561
92149
174739
357776
241170
77066
22935
80610
346096
58178
482091
91817
109080
60591
110881
187227
136131
29522
203957
35019
56558
283295
231395
57388
10207
210307
16617
148287
148962
38256
203381
44644
24111
235387
186743
27657
281386
26535
431637
87559
24685
76
14735
55074
39626
174456
24869
506802
5224
569475
346147
146957
538484
13437
284884
432138
22982
162666
294434
72488
110475
308804
147972
54321
65689
47511
450675
201016
247339
32101
64939
70307
438143
427505
52666
12986
254544
461245
207123
320498
43154
5616
115144
23019
497936
264865
241969
410199
9076
95373
19000
565825
47216
208089
142222
356026
194068
71667
70491
21308
25140
385147
99416
288943
321356
20360
357661
15917
34617
105712
22838
35722
239879
410879
69177
305
82588
59087
54410
418246
142697
29125
25320
193998
128104
549401
57598
99364
245336
251914
229193
3716
5462
38308
11714
119645
16423
41899
406307
388972
138056
23609
124563
267975
149072
354688
172197
8318
3029
5215
62644
48722
30115
131934
204929
50548
47923
140723
556010
222045
241035
112459
237695
223343
457697
42479
30950
2723
20008
57684
35244
371903
67236
234510
2991
71063
6695
97643
68160
93499
46379
216239
216851
48799
46577
242717
105400
7795
98609
26410
8790
219183
438
106678
33257
377668
397604
95487
63996
132666
102679
19341
41759
5797
34346
140800
96005
199539
22298
312497
44009
222860
111943
413398
2522
33838
51544
44281
34099
15902
91245
168876
46355
44071
142741
13961
65429
2005
110659
163525
23344
2854
31378
271649
119731
256389
440567
29944
21113
157126
471035
511199
45151
388962
293197
62731
172719
119484
7781
14787
371750
55300
501669
400545
45719
36878
88395
17543
222658
63873
35206
87442
437917
24975
100245
307734
19335
148387
277608
148830
143362
451082
8223
124901
2248
178585
25541
110887
300480
398880
15164
33622
40209
200024
32206
19447
1540
175748
161227
86832
217100
510860
154417
285
512000
213086
531449
21
6159
404716
183075
454
117134
3551
513284
270937
318983
4755
27679
387815
15066
15698
338696
139168
65162
209378
14821
582819
64318
87825
484869
44720
57224
186369
334
42602
111239
6459
112976
288992
439500
11098
264728
244900
111625
208983
141136
82575
161327
131231
788
46712
52900
281642
102347
165802
112866
79207
184676
132948
132142
122492
33764
96561
518260
334849
12297
2409
59201
85718
178623
521701
12619
34051
97182
234127
135178
83871
68337
18757
6059
162184
158756
360689
319
411041
131235
22272
105920
143755
111901
61756
14886
349386
311295
218832
108157
4227
445671
90806
392236
158118
61926
199776
7497
333767
44129
58033
54549
548388
127211
128141
385088
538039
206059
47138
100480
277971
43796
51355
83015
88988
146025
103374
251633
421150
94744
381628
374650
56515
206762
211000
28876
123451
58155
162840
12529
28949
297991
114270
46977
328525
186214
8299
339641
387416
27885
65982
98375
111596
576514
245436
221233
56524
265466
40659
261180
207999
44575
46756
444568
355216
36141
38231
86913
57342
273109
282408
55840
3671
86326
153308
82822
89427
38780
79699
412397
100803
41398
65495
148496
490499
417859
209464
58956
6493
142505
26689
54400
364165
355364
84737
73637
216164
70100
40927
165351
68608
42360
318784
365368
418611
61980
1596
288436
47961
8561
340484
60947
309006
3679
5764
397338
4622
5145
12065
31153
180220
49947
29980
89174
128549
67501
224033
2262
67755
76367
165267
9824
386940
234054
278700
180313
28621
395606
42305
199874
607
375342
252821
9179
7081
299303
95045
148934
211492
117702
112590
235553
41373
64692
87481
328230
226631
230706
411759
504935
53575
55773
52556
150368
27812
67649
11600
9693
233637
43755
110256
318735
216018
299715
75710
24877
24300
119206
35483
298726
159693
347497
156721
342671
255401
225763
474994
99553
5001
70424
7821
90616
144618
27016
531767
207517
521
477381
1237
58684
413934
356545
38378
8434
26296
107717
61304
168331
64035
61018
425461
223699
41364
209523
135460
3218
20366
91437
102156
198440
222417
113375
24492
170575
126464
582247
205
340812
355051
66949
57308
79762
256778
22463
49895
201663
43827
109055
46433
196317
14589
297282
196877
236720
81520
339385
1476
84
436526
49424
138680
163459
211720
197458
92717
210552
22086
80611
41045
108517
356139
474767
61946
21683
76633
92920
178593
254228
151277
140962
118080
51255
454112
425107
143787
9202
61319
58336
512893
55483
47104
167200
4342
507626
49087
350681
32298
264456
379358
3146
299383
4581
61716
33397
33113
91757
37451
132961
228960
125548
248741
35491
403318
29611
31502
142428
103073
119415
55669
42678
179439
18430
34575
145662
33880
52234
2481
250297
60439
9335
159739
69240
175558
147201
452204
187180
323467
46016
49808
55836
149735
23522
138552
18245
3014
5150
194254
238223
436183
373220
492261
287322
2847
24605
26781
7605
5008
88063
368070
57825
299326
432940
311861
52328
102219
158757
27875
86679
32216
339122
335967
160575
384715
8167
110710
1335
7104
43880
52796
199223
200283
34926
144020
403767
50345
255760
198555
74058
315336
80525
29158
344796
80648
7671
217738
92205
261105
166359
77773
193033
107477
4983
111405
26458
92537
121887
263533
134500
158681
464301
273667
97926
262005
85307
676
212418
11485
325836
125194
146725
259809
105383
55818
2478
16864
32991
303371
335510
67867
236437
275946
58325
50461
173227
88639
4045
200061
274356
5114
451604
36532
81037
230883
59454
104052
69894
553918
1113
9478
35897
1002
333031
54468
545163
224053
366357
254230
15731
109241
224779
230348
1322
43520
59854
20464
318577
138039
1728
195559
307941
5160
91118
158854
92297
234284
138742
117928
47978
199821
8655
52145
40083
303948
435384
151626
365043
25758
86119
762
51685
237994
85554
86955
245554
248865
49564
58882
42979
87744
45024
395277
344273
84777
381560
32763
142353
349600
3967
205713
109440
111259
434086
56809
44524
525837
252304
31947
144292
16552
12079
165434
366075
40661
385560
67051
72176
235016
306324
1192
147571
280153
112953
203718
29477
179392
77610
252237
19082
118972
38481
407184
138831
37639
235325
18100
381671
43784
47624
175757
135659
177099
2639
336740
195565
1521
423138
353730
198445
150846
222310
235891
157194
76772
405620
139966
194396
223579
260069
104092
68045
448937
244060
2199
33936
112952
18936
58975
7106
4204
19864
90309
13126
374262
516096
196966
26186
210158
12854
316216
35158
29462
49465
533607
375833
32383
311260
4616
66864
301520
76913
141612
50910
308782
53688
41255
29539
30443
227510
71019
847
119020
409037
151714
322637
93113
200635
46985
586601
129005
540298
76841
171841
94686
166259
78326
83959
20015
9641
25192
399265
53832
376848
179352
164741
125375
119811
989
26862
116765
53971
292424
120093
208935
371156
395143
71261
564495
107705
112002
348758
255350
150678
249712
49997
48794
154459
80979
60142
15864
149841
56578
109154
115401
9763
11724
3213
7264
179355
107289
21068
256819
142281
266529
83875
13682
20555
1596
448382
40188
38374
23480
38986
120977
44684
47484
80723
204216
19607
1629
1872
5373
39447
103667
235301
174131
41473
73788
332025
8361
5200
4382
94962
218874
348841
381809
120324
4437
21941
39669
2794
1043
171105
263370
533880
156723
23426
132285
37573
18748
367578
162257
66760
345944
65635
289716
13203
393175
420597
59161
487741
5099
218881
283269
179478
348739
309925
68368
174059
73218
221061
279004
267337
70703
124041
7130
291258
68837
37565
14793
91743
212922
57279
72271
215335
341978
29875
35696
204262
407378
14382
143651
277214
236297
127920
121221
47168
363511
40286
341092
50438
159575
180353
2173
521606
299034
466749
178843
323527
23036
3295
49801
47140
17055
328253
25283
8709
76370
115517
23358
64595
53383
84376
544105
78088
60416
7658
5456
272464
87045
152785
186571
69772
151833
159551
15804
258845
147687
56852
61793
35077
19
43225
150219
379340
363071
78298
182780
18795
384459
882
29393
427297
94222
43476
442267
82660
324744
4097
456967
54213
157774
139172
35647
141628
155807
54500
306377
15655
177006
103793
5451
122245
138510
50085
2483
67485
381613
13282
7913
285587
25619
3594
385017
61996
294546
69186
354007
1775
28158
248389
284297
30399
299712
38574
7795
203604
228550
16378
76578
26140
33765
42152
6384
84699
33889
124567
11702
40928
504262
256005
141786
15707
119694
23258
66303
7409
272143
10664
69237
26603
102558
7683
25646
269559
49160
83092
245238
351200
18133
201399
323574
17941
23879
481773
17255
138346
40635
26074
218687
312426
6628
278223
12750
159091
23503
224983
259050
121883
340867
137777
117302
130730
87395
99431
304060
154834
121591
295099
153074
24255
102473
273135
270051
51351
183819
160769
430711
12634
217716
121131
58023
90581
257557
114398
299256
204039
536040
186242
70078
441174
204962
347539
118422
9003
220003
454862
13389
68586
92819
7859
51942
20473
48747
40606
49673
58639
261727
6082
76641
107924
269653
220043
86363
493222
264395
410829
255431
139298
407680
75939
154524
33998
54758
62937
97290
2539
415681
4552
52233
80477
50684
3075
102629
149161
246311
270953
41475
370195
456797
126878
441637
24299
74202
101790
107744
334324
292497
898
41658
27751
76049
94928
375537
101407
174398
9031
152009
101092
56228
108133
209389
3393
270674
425653
289487
34154
338824
3432
237249
244957
7158
71145
233655
128076
358848
356255
21122
290552
367117
8676
27135
6234
31969
58308
21300
472228
456569
99539
367312
166071
200182
33006
104824
76999
57444
11026
18801
3007
165875
311805
3161
380677
404939
102505
27477
119467
14693
212396
79090
140785
25785
329202
220304
195821
209844
49620
193029
20201
15388
49145
26844
492561
14048
2928
73680
438605
62787
204736
270496
138873
84990
15878
9896
5893
1473
79743
293058
55152
37340
101161
38599
79325
441273
99200
416062
482137
219698
224570
250092
265386
133381
22093
10719
400025
59063
313789
98122
407254
299764
299706
203382
154750
223934
254673
99929
209661
326258
2343
163887
3961
169702
102531
164594
119620
29686
255
41398
209445
13279
141404
77247
121969
234114
93525
272471
39874
116294
193709
288462
211020
8317
4979
135815
4941
424657
17559
194566
21617
136257
81524
398489
95138
19886
86814
95934
70524
72970
148503
149942
18427
143340
139818
44826
103953
145160
52837
237603
25555
69971
8783
105059
145578
279745
244838
126453
223195
282976
241993
305920
340729
411057
465098
113575
187684
16629
32486
156714
354094
57500
12656
119697
47961
194262
106394
73468
75865
15625
28132
342240
131501
148977
72612
105904
107763
79397
119329
25584
148686
484804
311565
41573
141034
65823
142321
195356
23393
5527
977
38694
60719
348313
71881
154782
180601
29733
187404
113364
421472
224441
20723
23371
446246
125114
334357
129469
636
41661
58038
4895
111877
116734
376001
303691
421749
269186
163184
311236
162618
4971
206296
135799
161420
40872
53800
327267
107119
255
31600
56411
182945
115134
276448
176299
40588
119202
21398
40199
49396
96138
498790
472239
400627
48543
123657
193984
30398
58019
180580
104476
178464
7839
25792
90173
324173
184023
165831
167334
63692
4611
26620
406120
14680
129986
132385
239107
83125
225797
59466
12460
328837
266056
33708
9327
185332
145121
18007
5800
49620
174562
90817
26623
372217
64573
15059
4494
260232
54981
135801
75300
51819
99138
42594
106203
109137
89283
463185
77421
151884
32168
343119
124783
74900
52472
23000
79294
2403
4240
4503
468416
74022
145347
536444
85050
66313
53342
39962
237987
378576
3688
37955
37561
45067
330
482673
520629
206082
35568
145
74403
417999
451805
275483
12466
56838
83241
142966
211736
366633
2860
914
119219
85543
8133
445196
47635
18647
461279
33634
375599
485678
113865
189894
247678
79186
206480
5916
28876
49303
185886
38417
6168
297895
536087
94923
131596
152322
38202
89591
195584
292400
16042
40693
21600
424256
381455
166273
76775
35048
430188
169863
120394
99717
292751
389643
506245
149017
6985
96869
16539
433199
299108
123337
64186
190143
257970
33157
69873
415524
5
108339
195590
20731
405713
170116
105976
307332
150661
32684
62
507115
102238
331557
302843
34678
207955
147419
91480
79897
208006
40348
39707
85998
387785
31837
60054
5363
53881
118965
429445
121199
70781
72611
30019
92165
309167
94111
256819
103979
175039
63166
10068
9481
83681
350680
33577
12700
357250
194073
164263
117503
560455
242319
81262
108029
388597
1652
133148
389408
148003
93837
388264
8696
497421
13459
227125
26376
392783
195235
470731
238108
49618
401430
37992
500456
16093
244238
385940
142061
155784
483362
106302
112613
59864
96307
28690
45734
13826
2839
227700
215103
446249
123524
43799
74197
157355
9713
278584
30687
4725
43199
3402
476810
88220
77437
101902
92232
237958
196154
178492
59353
73819
162018
117992
59780
21060
153539
491995
356101
37666
352269
65789
16619
467073
258578
154302
100780
161125
105804
210078
95699
416759
149684
3919
79706
54279
139401
320358
17474
253653
69232
23576
29350
33013
108185
402400
107141
51185
372416
318237
15970
118925
599
30983
215
128229
26755
47600
287462
89859
179134
171463
108388
30049
83480
175467
60947
113158
13839
48579
42362
278145
4034
31103
55353
88399
310744
108833
520159
469178
67498
217743
31438
51123
464665
321182
30746
250144
40206
37063
760
203534
50504
58365
43196
36184
98465
365690
42080
15015
241528
92405
48944
20894
346919
111487
24760
107063
238695
495738
7412
454601
75610
139356
345727
194173
23575
82281
320340
69252
41712
206664
6981
128631
375873
231343
323387
112883
322813
328358
145976
11439
246153
57379
90512
199466
15722
63918
108125
96542
452341
318884
374385
34246
12977
83336
57386
76303
21614
279199
81608
34318
192501
60087
203740
33456
292461
12086
23603
98956
197618
12576
123004
25784
49577
32366
1813
81707
530737
350420
32515
226675
158778
304475
3641
45641
220468
351388
217142
62333
10483
392639
271200
13329
6339
3916
359073
7038
58640
30182
29359
112349
243387
343571
338763
68770
132836
243235
87361
175044
13452
212848
158100
2015
375701
24026
56854
371661
41751
245397
140008
148090
486383
417743
45978
509461
2468
124650
210267
13302
328467
296247
237603
230280
358911
191729
196997
11342
318540
18241
91144
176281
564737
214410
69006
40431
33439
282773
219268
15164
146138
131127
18582
28060
12126
365301
38882
51586
56296
98203
246484
13475
170063
29710
99321
107653
18005
412402
7588
116276
2085
15087
48517
212455
389973
10768
60194
615
308805
142382
65893
109727
474742
38312
359423
111065
43799
59834
1672
277743
4143
347845
86868
142379
3206
460781
76577
53763
211626
33499
20956
7574
31731
34943
180654
55887
37014
34342
379881
309642
303307
220523
17202
60965
366354
38447
85598
17923
83398
4719
495848
328202
129076
23215
249232
105658
102298
489520
123171
27536
20557
586411
166610
413250
98948
126239
211949
122383
303850
185120
451433
59579
220439
58074
46637
17142
129978
49735
11063
253632
38242
160492
51719
20692
41113
67062
440941
54739
190543
71124
25413
359460
167262
331467
209898
258312
113561
401484
324497
398132
12659
414979
36550
145803
51680
42128
553701
28798
1587
347670
33918
58379
2246
3510
52988
169827
7917
94973
218499
22040
58426
23380
382731
15981
58159
133821
265753
267277
38599
237039
50136
24524
36647
22072
60645
295433
129201
194723
88103
201437
2673
21236
7942
105786
31869
28067
105861
122694
316810
18398
145959
156722
3943
17520
78136
51826
38976
156293
107150
84611
62208
330225
110843
222865
83175
44577
20289
302640
439783
53936
244499
39061
439107
489184
172382
97259
26078
14014
250426
284455
24551
300393
25680
123061
266251
45104
81135
190
15145
4028
329436
1712
267693
38198
348644
70519
265063
49313
44874
211514
22101
83329
123559
46996
357317
197602
900
18253
412906
79896
307407
3012
111943
269609
123660
45284
234098
43889
19257
299039
17547
124269
134600
370785
58345
45435
73288
58941
177851
4514
100452
58716
17152
76614
87121
25783
399136
31061
90820
30722
167166
42519
79543
39338
158147
132235
3468
61945
161961
250054
359138
88113
55137
422475
87252
293702
147019
64205
294630
2
411816
387595
221743
380076
7040
96553
37046
34291
250236
228978
314327
84901
232081
136184
180300
304090
255999
300620
284199
211982
132052
12351
118589
50679
191230
126619
281367
16379
81160
445598
450488
368155
228591
173880
106247
59841
50194
126813
378691
20794
48090
323086
65419
105165
70316
300566
5824
162900
65986
107000
11702
227616
83725
272697
315285
240841
92716
75753
15981
248266
1253
224806
103698
203458
248387
229405
32897
58214
215012
8972
61699
29885
127504
8601
130319
59543
70796
29506
195452
370795
6703
83639
88524
68334
322552
144433
143938
178014
500993
435840
145701
36586
21284
180905
161060
142380
25700
404970
16155
309277
302865
131519
119434
26720
26739
118374
41577
78260
342497
2172
147675
366080
123656
22539
203998
304681
300429
4595
3722
274719
93484
1232
271083
70528
264821
79660
125022
11775
389017
10299
81746
53698
147821
38457
48796
168735
57360
163910
2313
114277
192852
62044
199059
410015
498928
201947
93844
376568
389356
46499
400661
227242
114182
210924
89899
25322
86080
30283
48702
538031
121771
85393
19734
245515
309751
154924
87502
120884
35803
163013
65369
501781
395697
184635
2174
213526
87700
218365
241395
123054
87009
10363
46830
303350
460
13355
173357
44087
237485
408001
53184
529468
123065
34
198924
161425
143215
35567
538
382122
37861
4780
162719
142547
48547
31436
158448
42227
236523
30195
443962
9961
195403
172895
29290
351450
577116
123602
24686
110333
341404
7424
51290
42032
49714
28517
11341
3344
5282
11261
88852
147103
116027
537001
316307
182001
68240
11180
23883
377677
305459
36193
2786
83692
486653
18976
28262
196423
29183
10562
45998
532181
282670
329465
125694
125308
274718
9191
36289
302135
311596
18395
20646
149999
132455
515333
23677
53490
136863
178840
287567
299120
156406
377200
332134
7401
288909
127714
414538
64839
99977
13462
12550
583
62245
249884
4374
241043
190148
320398
275484
262298
424460
151208
78249
79481
11057
176517
11252
129764
46541
271259
55086
24828
7900
17152
295155
91481
151587
31733
32763
452137
454876
156808
594
161731
3978
39089
44143
330046
489
74521
139915
178454
7986
147612
318743
7466
149256
131716
152134
174605
18759
87681
63353
334019
20634
92096
211761
19696
472398
497382
62700
5807
112256
355778
8301
18260
67208
2224
219
157054
101718
441167
33962
220932
17459
204521
15878
30849
87611
191694
104000
189831
35898
13194
32359
424725
282356
190392
258602
176240
230759
116096
97887
177777
32466
49993
39437
70411
1964
250534
337901
379151
110503
279718
77727
135010
496114
124739
154189
274370
126120
89269
351593
555
229072
303522
155573
240690
65016
181992
35053
806
127530
203834
28817
34551
199582
224801
569730
156383
194512
319927
339850
51163
92274
303707
358102
37953
272941
367392
17363
52995
256897
379980
181305
246893
53120
41501
51868
6304
27703
396508
154197
91280
242960
328114
204281
361
221391
62021
37384
51219
181661
135022
63891
70213
13689
13180
407727
151762
189
29833
53306
112893
100129
51020
509955
382696
62838
146451
147519
82482
226
61842
310205
79761
13885
27413
47417
102154
70600
16417
298186
62622
73103
3418
9607
199272
231967
164910
1283
744
4879
109652
43120
81940
12967
111223
248688
17548
557267
114148
64244
119660
196606
232344
146015
65339
447388
471165
536222
345862
107162
88040
118087
249105
107964
66155
118352
105786
23383
49782
169785
112242
69239
51660
546584
134463
74267
33394
29749
187451
420211
158335
25437
53538
32011
21209
216123
47326
17001
12557
8639
477972
136066
224924
399283
126237
115523
23965
249989
342114
19436
83480
6714
90159
122694
425760
71083
95337
41620
74460
141086
57159
121737
38335
214575
49441
176043
64792
153739
531560
55941
488845
468899
3935
59906
499937
208680
75617
36888
141366
414913
333909
28266
516353
3547
28293
5605
186823
201281
76442
228466
332867
290921
24195
124
112492
105939
930
413588
425058
340
153004
269433
25472
83044
99415
2863
912
381092
38590
150514
138085
18645
113162
199280
172717
391522
184048
2623
389171
69694
516215
126394
387117
459332
140998
15595
346734
206590
524588
413698
97262
166034
124606
333398
2658
34642
294780
7679
1921
165154
50348
13653
3236
47096
64828
275215
137152
402311
98718
418804
235106
32545
316429
28695
2524
368910
134888
144173
2637
67885
53456
519974
282989
28363
53324
34128
148100
48265
1541
349681
4385
113217
195686
268609
154
60962
457840
11595
249776
69796
23013
181775
47730
334831
15745
16845
269962
29007
224219
247923
37751
48309
65403
324229
60719
100164
190719
91490
111077
270562
245713
230000
44383
61434
120310
33475
230344
164512
219241
256
48168
471935
204260
261398
435339
8737
189847
21397
17524
199358
451707
280498
475037
156758
128458
113773
99
9938
399986
96082
79582
134315
212618
383769
421142
1929
5973
448899
2981
43290
27756
17341
154618
11841
28424
120013
6732
22816
56727
72272
236101
289514
97962
42000
58644
11312
449796
105711
89308
126905
463987
278657
261621
13182
251412
358868
92740
29632
14976
77097
170457
103761
108222
166328
49117
159292
51434
84880
3219
446159
8894
481333
135314
59197
178092
199036
134398
10830
68707
159537
