56.52816580344107871635
3924.72392312232152071991
219.63900236572909245581
1178.59259259259259259259
4723.05816126436747057367
872.37187137087036986936
4487.45678611544477410343
3886.29439249058868678488
3471.11427543659775892008
939.74347520693867040213
4593.93344295246197148099
752.55202650097544992439
4069.99130461793124455787
6087.20654989323657992326
1390.84036889742595448301
2574.54137332925211713090
328.48280787674727068666
8751.52562572582592602612
3029.54085216347478609740
7615.19526533540547554561
8.51991130269408547686
2230.24428833237642046450
4878.88426464502540578616
7281.56881906931956982007
1832.50668085502920337755
1153.22092262432602772943
5592.74407540673806940073
7619.02311119928737546355
1873.47327307287267247227
2361.20906029996939087848
7254.74879283688092496901
390.23401279157034912790
4081.00009118227336445554
5252.35659626568717477808
2622.48502356210063917771
423.69535802068334600867
291.30616101587072558043
3999.64786408029651272894
3866.91332573815056297538
4313.48454560666772878985
1179.39912986059132205278
1377.73328684039394750105
5030.91013135257379501623
341.81716151413121110090
640.65629393156920684448
3843.02163044587287011529
6648.51368686003320637955
930.95021948875802729656
370.59973787601415229042
3168.09532655778902025148
206.41117794471147824501
496.70659648637626615604
193.68156544933321710098
4701.39253367481595709823
1027.74760345931517102688
8129.87904521137754370987
3667.79604429254078903728
414.17488011427405366799
5525.91412233053874695516
3310.41046652257863469074
6565.14030547063580096613
153.29310291272253234215
190.09376142909676443209
546.03592180769357946535
6326.84597209822435047660
2299.24300877454030607183
2965.02860417975533090648
748.26706586466346226105
2856.13718322927532136741
9230.02906810714618522426
1126.49792435077720363005
1822.17394571748926103280
1116.72049226403580757935
505.58100843586329071814
1496.43515967758392000816
1665.42124907690473256038
2287.45118892666440213987
531.61931501070640209779
3888.21177533890246602959
671.99977555132710287865
5997.03629956282608935261
258.59417976535093652210
5102.74022170318466614762
1185.79737896054212370528
285.29518507496485474463
852.46817989160331502673
2735.69508647786926065204
2978.85212539867194521849
2130.21796972147322497672
2269.10453195938681424166
1437.65940815690565440315
6786.38668698728758788818
252.28173919665411156902
72.67184602019436854271
606.38624610596582568554
1247.92592592592592592592
506.30608085563040517995
3147.17770423075728381033
4498.78030883736589442295
830.20355190024859694529
1352.83713142572001430860
9229.22624326027729431132
731.65648331013696379061
4979.23364806247689130572
2136.95351006662317973629
1828.00280761241722202683
2978.39205371537703870036
860.59995531066602137673
1976.74112550989427866304
397.92562933303674044414
6884.26931435940444949453
6222.33649627589021528415
906.12368424480536592648
1526.55819883948012076140
773.33818903989074159244
586.48627606585564543522
2328.71977082187292397502
5954.54894534173813453092
1247.13451589727866004142
4064.52783113443774104434
2763.59781603425247068890
716.10791572353133914695
5458.26948570191813435056
3480.25181437693950206462
6812.89715541367193018844
361.82595408221033846659
4170.24977930883836789742
2671.20689458226995764533
1021.08688969249529810090
2817.09455601747894040186
5020.70001933865797729661
1352.21586150715279844408
4306.99934168402636871105
2586.21731240750259769278
2762.51193034876718560402
1352.35157880603326048771
118.20771722673624575526
1402.77457337217096976856
1633.61537814090366642919
1456.15576537498459420381
465.52671991310629949268
7322.94211128044961878795
6355.97133369605842078314
6071.52161771380990600209
4901.25172018865712559406
2753.77343810276743209676
1671.04541979416854291729
766.94266639011383756128
3064.30393957521084648211
484.07408008609209810411
2155.50700851001151301451
2402.95464633802972141310
1825.66321376431486541596
5664.60690921151381611842
3521.12854596338079821563
2761.15233251269287305323
6841.11032353674996317638
612.57147036926816706596
4391.92141090038987936885
1989.60491021552082613143
6556.28740452163875587299
530.97828960091222353484
6794.04732860989117245373
1287.46924201478756033310
5329.14856798740682624566
2010.54269972451790633608
3344.33863292722151581010
386.42392141891641391140
1754.15287359431503575647
2692.58831203575948320693
2488.88516143771399026654
6132.08640071502934365797
1457.09291072854636418199
6419.41976811646481316150
244.56405454503552601650
130.93676759842926009092
1418.12975538100663225788
2417.77216610549943883277
776.57203349495641787934
6654.72983694405115826537
557.69847725603481359237
4317.71708445181918655392
4378.97828759690621552483
4833.85605826046266486706
2182.05128050973896819742
2712.02347492637782928073
525.72940508075643210778
798.22350178005833661489
5860.58785011237463689916
2352.98707115523932340749
9.57914370827283740196
2030.29537802265074992347
5006.81615649683717751785
1150.68835001167333499665
439.03890978065152239326
1109.84337190042895748601
1190.18359701042383725066
3157.71672373073774475175
6391.86719251784316849381
7068.14718422125829533236
1486.60412202836445260687
838.54989323657992326660
2416.82836590344097851605
1431.16631847062277492707
1804.14395777158539921302
261.18502085669252836420
86.44115587058530001472
8556.84197510824137450764
6570.74890317314559738802
2862.08078348618889159429
5953.14026839652465278090
934.97869741613485357229
2280.86026967908849790731
4481.55810665520375230084
2400.90039989939889839789
3566.02659917174431688946
5530.58193929665401136872
3970.28942856770684598512
7491.77888198508819129439
1555.33108866442199775533
6271.82691901110319528737
1725.40498456414372330288
785.16802688574460346232
1215.05876647418188959730
4889.84835686537388239089
1095.38522807091375659944
6414.38628711355984083256
4488.71817964110256402548
1416.91676761846932017102
5418.21957192427662898133
3849.82498514530546562578
533.26309592876159442726
1590.83023664304945586226
5206.28454280105931757583
77.36919802685568451334
1569.68339410481552623694
3534.01835268702135569002
1545.36894251608966323681
6175.93293794294795295796
204.72025178331484637790
2424.41410780149518888257
1607.58229701172644115587
2023.97147197247297347397
1078.43366990614237861485
1225.10485660836011186361
3080.94721347974601227854
2613.57265173080988896804
6573.62289717144571999426
5087.53489024560095631166
2090.08936864792720648576
6108.57562767973178383588
2776.75642609576543510477
399.92721049377706034362
1230.80566853139425711998
1184.28809590371151932713
3266.65830595360124889654
2109.49382816249683116549
2146.98166635103572040508
4682.84695105515926336747
3363.68771975178381584787
451.19354990626261897533
4032.07140273406539672805
2471.42310478646814983151
1397.24845365886406927447
4339.91733976218460702945
74.97476054633211790368
8960.26530534538542546550
7199.45860274689103517932
2570.47373700026352679005
2477.23741358976594211829
1049.66329966329966329966
66.43957671385098812526
1874.89436383330277224171
1134.72543617998163452708
5401.41972803634465296126
1519.85556727899070241412
1512.06766325885445004564
2924.78917355794232671109
7143.57779200622043464886
2879.59118878638398157917
419.81945909873837801765
4185.94533973412852291731
3172.10350691031371712052
4811.14342971600228857486
8054.22133244355466577688
4704.97199301403505607709
3605.28485442399356313270
3774.46769392014637259882
2036.34088542997451906360
737.94283773262752241731
3559.63914364815265716166
3204.45053261469677886094
4197.99326599326599326599
1503.76314252190128066003
727.38672606540474408342
7766.75582489396303210117
2187.67131495860224588953
5340.09509233751657994082
2996.32389145902659416172
2203.62962962962962962962
6185.84910435961487012538
3083.43275507739972204436
2591.64066268470672875077
1103.59073788503217932647
3121.20023927831735639543
360.94776043260891745740
2239.41740638710335680032
5602.90174471992653810835
5908.81891501110720329939
3227.85143201259317375433
366.38223007792577362146
2200.21997755331088664421
2463.50918686454221989757
481.97179361543725908090
1128.17688960231502774045
3536.07856705554403252100
231.22691059427796164532
5113.24159995831667503339
2594.87251415579743908072
525.81765348932516099683
3486.73484695907118329540
3573.63414265115966817668
1981.43088032977922867812
1671.08656303951599246894
1412.75578280983686389091
3539.34388843297752206661
363.99887766554433221099
511.51116081046010975940
5697.00901702503304104905
4289.22770418065713361008
3001.89903617331044758472
712.93218644069494920345
6185.73178984790596402208
265.40049158267376485594
4907.72212252292332372412
398.33371710048386725063
4994.37440443446449452455
5002.14726939151363575788
1119.54916177438699961222
652.49808667526385244102
1552.49872461993674114886
1466.97677457237016796576
5897.56963575145393327211
7882.88204120035951867783
674.12589165742318895472
3803.63146617692072237526
1064.52012172332492652812
6867.53854555255956657358
6935.36246456666877087297
2048.33597962326691055419
4877.80911742573404235065
303.96354312270228186144
526.68188508829149469790
1.23461700000000000000
1082.70256743229716202689
582.10712714716718720722
4461.70609448287125964803
6304.99228758287817346876
495.87570553536519502485
2291.17073028984940896852
1406.51288525763000237474
1058.35813992170348526704
5875.64292620949277605934
5677.04213855729007244158
918.81826972117262407552
2482.58003248493738984229
1436.24539955370786201617
2241.33371609848086324562
5633.26055885715545375205
590.45018892766640514388
1097.82812842872902932962
2162.91216141065990915840
2927.82196210224238252266
3594.63221379537695854012
4665.16444672901129357585
4185.81294307320333346359
1596.59609559509459409359
5585.56688093051729415365
5714.03129656182709235762
2011.35080125170215260305
3611.57147229874502601775
1083.27503579655731807883
4810.30252073895717539361
2196.76251627002377753128
2373.09256403550697844992
4958.73798322847371896420
3142.58411765118471825178
7433.20823325828330833335
5170.00232464696929161393
4010.90174471992653810835
2583.93152511871230589949
2548.95249503758012266520
2956.93046399753106459813
114.87375062750438125813
6803.21534747961174387600
1995.51331211090970850730
893.77829280732183635086
1498.78026575123672220769
3887.14641368094821548275
7704.87597206816426035645
5631.15817318820321823324
4538.60568075583090598105
788.38750662574486398310
1124.30008787566345123902
647.90345600856111366621
2085.17979040101162223284
2546.61194928662396129863
3517.29481633785938090242
4588.28746163580998415833
301.08621569227629833690
1368.51580709838968097226
3121.20088056023991959927
949.89477164852540227915
7279.21431742052362672983
2239.26195063932801670539
1032.72016761506250995740
792.77331585840094348602
313.97579260942624305987
1630.92911730549368187005
2364.86625263902541179818
798.76264653041429818206
1046.84601518435352269186
806.51422994566137709280
562.50788426063701338976
3727.17454792129466804141
929.12860808756704652600
3455.32608917457402305887
1067.79755230706181657132
2179.45878611344076809542
3999.41893444996548099651
2065.94556718881043205367
6947.13441770098426755083
3083.13418523628733838944
2247.71682593504415326237
5460.75001928855782709636
6427.17043269495721948174
7814.16722428133839545250
1731.28294160025891757623
4532.68008649289930571211
3258.88327721661054994388
159.08376696255484134272
1130.11584457330203075948
1096.08495181868555241928
3022.11534557580603626649
802.24543261980699418136
1038.06283761238716193671
7692.34567901234567901234
4710.47373098824550276001
2660.41385529673817962106
3110.11568124681237794350
914.14757299842384927470
393.95181768354941528114
3900.41996350705059413768
667.20702684666648630612
2659.15828240653065477890
6030.28930331733134535937
3309.17965212459706954201
2427.68216063911759607455
8164.83690898105312519726
1581.70552334115897679461
905.00874748622496370244
8299.97905012119226333440
195.99326599326599326599
245.47581415249082916750
3066.66592518444370296222
2296.75612549486423360297
6012.34736237739240742243
2229.57730904077250423596
4918.37770302835367900432
3514.53404455506557608659
510.42530618706794882971
3338.31738645552459366273
601.20103286469652836019
328.73502703805734108764
4351.85111036962888814740
7095.92509125742358975592
4720.96479951025405570860
2939.19248577907236565895
7882.37750863977090203316
654.94448903357812266721
515.18272025779533287040
593.15279243207171135099
472.71743214686157629100
4968.03543082622161701240
6605.15736356977598218839
5319.99905310716121526932
6289.88215843471098726353
2619.24396869341814286759
70.62156922762983369043
696.66596225855485114744
3496.63169375581787994200
4086.49398748097446796145
4374.01155810465119774429
8051.41559777996214432650
5481.66308350392434476518
5371.45881016151286421556
2156.27748268789309830350
2660.53989725461196932668
916.00565129694258823387
4596.42094546999451904356
2033.51301752202653103554
3079.50400851301752202653
137.37210488725640240791
1165.82499817134451769086
2080.22199977755533311088
5503.51795238682125569012
746.94516137759381002624
1691.23665407148890632374
1416.64197530864197530864
1560.25998470943415888360
5567.02419737054371689006
2140.01924246568891213535
2429.34197260323386449512
22.62749035321607894180
2142.10572334095857619381
1685.53270074482195694316
691.52805858911965018071
7193.39257976695414132851
774.30157384611839066293
628.68442015589162736309
286.52435719002285568852
5380.71516962407853298744
3341.66332598865131397663
8692.84293903513122732341
7911.70273977681385088792
3599.83083358840934598510
2140.18592766941115289463
909.19706894081268455642
7067.54656057458860261663
294.66888309731152573995
2047.18859399940481021562
3529.74706538370202033865
1074.74237322722171207019
1675.87961334708081454828
441.71758545332118905692
1616.27010794578362145929
620.73393914434955475996
2793.48279711142574005436
4943.13458202947692437181
3761.48886423961499036574
1547.74081789497204912620
1117.93704724007754310784
1262.13186660133607080554
617.36484031579126674221
734.76162849536222909596
5725.15137760383005628250
879.10226342458574690806
5190.22944065186307428549
1967.04137571004437871304
7435.76494512530548566584
2379.37607477347217086956
4103.16263009756503249996
3612.07366625885144403662
5586.72005639272906540173
1979.60336111887663439214
6992.15124032941850759668
687.28085843601359116874
866.02568133699264830395
388.30778726674622570518
379.61524086649211774336
4891.68106544983421860298
596.32394556718881043205
315.16784852920989057125
3794.20943065187309431553
3504.11918024130236342448
641.99777956134312490668
481.12968064483215998367
2321.48871694517340162985
6008.79210742273805336868
1929.95513631749867986104
1372.25209193177161145129
2891.76849301091725334149
8869.98989898989898989898
2892.85787088389690992293
4218.73499525551577603629
1588.64837810783756729702
8227.63468974479985490996
4735.05252599947294641989
1042.33280126973820667514
2563.11471030590149709268
1406.13379545711878044210
536.64850235621006391777
9022.71808999081726354453
829.76126677227778328879
637.34055176297418539660
5842.49179209239269299329
316.81905929953978002026
9253.87290593897200503807
6523.32165999833667501335
1728.52232813393974555135
6867.11636561486411336261
4197.19043568092617141666
4700.14760005250495740986
448.60348837325814302791
237.57361493725130088766
6141.38039541042544045547
1323.76963049135221307393
6233.88217045874703532361
2246.11334858381905428952
606.84612540468396324252
425.39888136384632881129
8883.20927133339545751958
2192.13148483819154489825
3923.81324267210153096038
2442.16659101543986428871
3747.57214672129587044501
3079.57462968473979484990
3473.47401655910164418672
1455.82993403814224635045
1854.91358024691358024691
1392.65985204423642862081
1198.85257830402975548120
4091.01617733849966082198
8687.84695406116827538248
5697.94904013122231340449
4686.81422162903644385125
1851.35059984909834759684
1027.54240326412498584670
3954.21277934591247904561
3836.19877735593451309167
524.05486367248129009890
1631.42903785328027752270
617.84938692446199953707
3282.20742464185907629351
6820.94214334454574694814
2039.53454255055856657458
770.62312562813063313563
1135.67540513486459432405
5913.05837168499831162493
221.47109572034496959421
1529.20098877656435213992
2142.37591745900054208362
1106.19369720070420771121
4392.03524044565085606126
1982.37963689415140866592
699.58392827261696130564
795.10460610760911061211
926.35112590067545022499
4942.53788523257992727462
1690.66891516140765390014
2511.85934483031580128677
4470.35386136887638389139
4366.24579935290646001356
6044.99336802367105397408
3592.46009773537301064828
1588.88872355839322806289
404.18878337797256716175
798.86661235810384959534
3389.21083646208771333896
1952.45618791965138311484
5889.92694496298099901703
4794.43895146397648900151
3532.04366901336598306295
6021.64576989401814226639
1334.79964448933417902386
972.60199639078517957396
5685.40475461687582899704
1043.00660820981141301461
1742.55097339581824066308
247.79140301462623784946
2678.61499537575613651689
6079.67872877882887892897
6477.04415125836547257968
1773.76340103867631395158
4417.52855959062165268371
600.01919837755673591509
873.22195067940813686559
125.51636922207492778063
3286.11065519974428883337
3041.70393015638260883506
3526.36899963026089152215
1999.97497798098398698999
1723.86266947628308989670
7889.23623924224524825125
820.92763434104775446116
178.29815200585971356742
990.69503938372807241676
4728.31394755637179879604
2932.54024294564835105375
1961.00875650425199974749
2552.39887935984032080128
5013.67702437171906641376
7960.84868890929496990103
5548.09525040556071587102
2868.19165211257303349395
3392.47159271383495607719
1702.20649277906535163792
2805.84981124375063769003
2903.06263821378936494051
678.86475063652240829418
445.91572954335717098479
6212.41761044791347821650
403.60925490054619183748
7449.77394812229647064481
461.85389245995306601367
2871.70234899564228893558
244.44429614799985170355
2976.03295582083460871339
3688.74622269917565212860
751.78326975624272921570
3696.40843646449252054857
4044.33292551811070329588
3185.06464221979737495253
55.99714314865830017345
78.66544230180593816957
103.51122994866738610482
3870.26986946906866826786
1569.54406859311764216669
4163.25431537643749855962
3791.35050966882798714630
3439.79441703966228490753
4207.90235480725971216461
4401.41549757966174382590
1579.94645897148399650902
1282.91265740214689163638
6484.31137243349455561667
5287.09826944061178295412
859.33470607744882019156
1745.24496969441914386859
6768.82300719137555974392
212.90739187636084532981
28.54762670578486394302
4259.04616728840953065177
2794.73234595957318680041
1392.16747277808338869399
846.18738758778798818838
3753.98512726941155369583
3446.78102927752577402227
4666.12544075607138670201
3464.91197904611318024731
5991.11043576108641173706
6197.83695407118830542253
1416.13175938701464226989
2612.29982735488240993746
7977.40151562974385797208
2264.91426361296231166101
4257.32350368386404422440
7147.38663388112837562287
2183.68500131763395026658
471.36413089766443119796
3864.68388208027847667487
7988.91803214626037448860
8089.44454647484950515253
161.42927812697582467352
4609.18459199940681422162
4239.27855783711639567495
685.71732593454315176036
957.29708988267546826105
3319.00817634451268084901
1067.74061348635923210497
1218.47407166926686446205
2394.42014687360032705378
6352.83204726247769290812
613.40676913149385621858
6771.33044956868780692604
5178.58502145789433076720
2177.80089799509218928638
2740.42007973939905871837
4263.78326073821569317064
2310.18468518568618668718
73.65736507278048819590
1351.05023141259377495613
5274.59405351297243189135
5831.88400212023835647459
2306.01759617475333191048
2306.64239815390966542117
2132.22199977755533311088
7178.84208031855679503327
4954.05351297243189135081
4847.99908917926935944953
1634.73346419492565638711
582.79869659449239028818
7149.20416284052647689011
1074.24964203442681921160
2067.03666629592555518481
962.16172929686443199956
1443.99551066217732884399
3449.44894844794744694644
2827.05005706407107808509
1214.87848709570431292153
526.16205394583772962151
3024.03307912517121726330
3002.80994107220333446559
6560.83105928751574397220
648.28216805393982571159
3187.82127372617863108353
618.93834775716657598539
6518.09310311312313314315
1967.75350726101476852227
56.20021422824225627028
3130.87045002960918876834
1505.90318847375904432961
931.23112602091581070560
1789.37188840492143795447
1487.67508048589129670210
1461.56533610687764841918
466.95172449727004281558
2119.02956209462715969222
7613.75685996306616927237
995.77755533311088866644
2108.56020384749113477842
1883.09826944061178295412
6994.42156671185700214729
1770.57055402509947964493
5645.00343386429472515558
2647.87744300857413970527
1451.36018901784667550433
1378.27009892775658541424
5817.36557494133251709009
1605.81899806142230384654
1882.29304579855130405680
4976.85203922641360078797
881.04182260338416494572
439.26197468740011282553
4306.12144777410042675307
2638.69941813685557429301
1154.23279936593249906563
2313.77736595454313172030
2499.17481044608171735298
1031.35124513903292682071
1131.60138617095574052531
306.70406242077913749585
2723.51310770229689148608
1432.91553615677739801863
8430.40350059769479188898
3757.24264805345886426967
2251.57635112590067545022
2258.31397263128994860726
1163.26714402089777465152
9199.29029329629930230530
2003.95566337107878649420
461.70316061807553299044
694.74463953442932421911
371.63513927150290786654
1096.75061748435121808495
356.21709597485373261149
1223.08142026323844505662
1690.47030012995978961944
469.79695949392919089888
3245.90620650680710740770
1427.05832158484811137463
4490.57963473114988266503
4079.57916074232390548706
7292.27543258974690406121
2215.71524878231584938291
757.08539944903581267217
2364.75191808425041658274
769.99679559439319199078
378.45018291564838111384
1168.68455843230618005392
1824.90413737060383707030
1740.24005687369050732414
1434.03330758185613040467
3335.59840832568105295378
1364.74412350288226164102
1211.55118582045508972435
3209.95945394844293743192
6619.95319844368893417942
226.47420994568141715288
300.23605387168950732514
1225.83768453137822507191
2044.53432812191570950329
2378.99944990035080125170
6138.72580087595102610117
1887.02458932761963064993
3516.96331166000835670505
630.56422813998571574329
840.44003963923883843803
6363.29038548057567076586
1924.45854863872881890899
7973.60864167470774077380
2267.83460871339659218447
1000.31489547605663721779
8109.52769586403220036853
139.74163552942331721110
1036.32919806693580467354
6893.13216620023426830233
2756.96199903607311014718
1417.12794876959041123205
3494.78298132843587389041
654.14977640302965628290
2567.81704126548971393816
51.00375250124999874749
954.65409253096940784628
1694.66529793056319582846
1073.72961249537826114402
357.02384065747429110792
1576.51227002778554330105
4251.17551385219052886720
200.35963891819747675603
3218.42962582201821441060
1578.38392145899653407160
804.16181947713479245010
3935.17974030086142198254
1591.83909034159284409534
712.18571123676228781333
7069.43152762371981591200
2068.38615993370748125502
5655.85499413327241155068
5944.10335660986311636962
417.13372030689348006665
864.36908981053125197269
3942.67021776531286040795
2307.05942579215852489125
692.01703907764513825119
2030.17814508723599632690
3081.80416252087923759595
2814.14938962987011035059
2857.19083247411575739904
839.31909587264942620297
3176.80139799459118778438
2867.16121526932337743148
2456.04165927689451212974
61.95405615826036246456
1059.53041730419107796485
1513.15268421574727881034
997.12346180013847681515
5408.52196340484628772917
966.83841398956514071629
2928.74708341975609242876
6190.82584285987689391092
5117.09136563991418846273
1071.04641378114851588325
2045.32884399551066217732
990.25685545405265124984
1316.22669315962609255902
1446.62422482542602662722
3304.44890135380625871116
3493.84981124375063769003
1548.88814740666592518444
3591.96644091538986433881
18.53337221104988872756
896.44833622411199988777
229.81634527089072543617
758.00565730896061226391
473.75933290648005362720
1650.39457876294713131549
1044.39228317406495584673
5877.59861238649117436996
950.05389774158542927311
7605.99013427842256671085
5095.91520048577105634162
240.83723363002642281921
3960.97522146771396020645
282.13499184870556241927
1345.02470137805473140808
752.41227213199185171157
2005.78621263906549191834
4339.69905841777713649585
5038.99048598147697246796
2224.63592721850980109238
2848.44368893417942466991
1569.20640660680700720740
3239.49508667826986145304
100.89644399153908663418
5261.08229951673395116838
6141.03634765897028159290
7967.99899899899899899899
656.83163644124605085566
60.69900130360590821051
2235.64496127759391022654
217.23879635391146902658
1082.44422199977755533311
4264.29378327276225174123
1104.55379203026850674498
1988.54425797168539911282
3836.15349082816550284017
3781.12569626683740797854
2303.42308274240206172138
3109.28851774697620543466
88.70658847035223411599
1314.51397744090436783129
733.21744968191414637861
4346.22140659177696214733
4602.55182610037464892319
4424.84010336662989315641
1506.00575550525500475450
3076.54387520653786920053
2009.81918855792729666603
6848.29752675598521444367
1177.80689598507416325234
1116.07749892034176318460
7538.66585103622140659177
557.03656609562515468421
4201.77921665409152896640
2184.55016778540302063825
1190.56605354102851600349
3910.42350057765473180888
5229.84023062101140179218
203.60292424556688820953
7440.80984287590894197500
159.27909891873855837819
2681.47178859300071421283
3877.07623339054770486201
2214.73226980734488241995
2555.13036259482705929152
3242.04465726988249510772
2237.56418280142003865727
1848.89710731752773794815
5023.12633454275095916737
6987.56675594513432351270
547.33458583708833959084
53.89965240515791066341
2210.00868937005073141209
913.27915302690077464852
5836.10319428537646755864
8374.19234449664880095310
4007.56810464117771425078
2044.69632395157920683446
1955.62136811486160835510
3683.57894230566903239575
3284.81445208972736500264
7232.44964684404123843563
7654.21927733539345150956
639.99673502703805734108
7073.04109915721527333138
984.91857623389154920686
2547.14654594534474414354
7624.55275495715936156376
2046.37593048503959414870
1672.06771436100765430094
3649.53308163017872727582
897.33445557669781894006
2891.46266787307828348869
2513.67273479685892098304
4951.84632480328176023871
2584.14363813262712161611
5342.49189630070510951391
3398.54319785250716181647
3377.13251489727966204442
7812.98800101402704005306
3351.83117652186721255790
3059.72331891451010570129
4188.83820256693129566002
4189.23662701740779818857
228.40956672388103819535
1091.20032945858771684597
3724.71211251291331371411
5020.49184720255791326862
1485.02002202402602803003
3434.25737950162374586799
814.39624208793377962547
713.64552440328216103991
2657.64680095510926341757
2924.41569397225052880708
2183.96040084128172216260
1961.57711966220474728983
2586.58511163816469121774
876.66648129611092574055
1311.82904726548370192013
3714.96433871308746183621
1522.58811363916469021574
1065.54318883448012577141
5593.80784588392195999803
1780.52362071781491200910
2270.94464634804975145315
903.93502010519027536044
2941.03543583623663703743
6281.36773009245481717954
1955.88967145323501679858
3566.60598135673210748285
493.55533311088866644422
5830.80309538767997226455
1731.87149111073034996958
1462.10186162138114090066
896.58245933621308996684
6800.46452458464470476482
4384.53749617385981022344
277.25514904293683072461
415.33221099887766554433
601.25682238795351908465
236.53803152501851200549
3324.94646798951103255407
571.97587377166956746536
1642.06980153326499672846
3105.05914723532341149958
3079.99918436955473992511
1064.33420407394381368355
3285.29074419765110455801
2305.04747790833876919963
178.33322611901190479769
5995.08203244566880930517
5920.27555082610137665192
1079.73145597388021630445
4137.18854890926962999035
2985.36881225569914258602
7840.28146765384002621239
1233.07865723581439297155
6691.09520932343755166577
5134.78894510125741356972
5302.26370214057901745589
896.37789441092744396047
2543.06774241709176644111
1436.29996563129696262829
3053.63908052196340484628
8103.20263238445056626874
3029.42611279948617285954
1285.18303588874159444730
2578.63013978165493317008
7469.79092405719032345658
1779.95124153182211240269
3746.95117940763586409232
1252.13793473152832512191
358.53528403278153027902
407.23408092777462146831
86.39543547551555559563
2777.83554926297669040411
6475.43062381701020339658
3615.80303025748471193916
806.55735815895976056136
294.21773288439955106621
7112.15944673402130859588
841.76557738920101282463
506.52241029818607396184
2828.46796646496346196045
6196.01534968401835268702
8225.05321537753970186402
1350.74229083938793648503
3097.99326599326599326599
306.86673861048235422609
2379.10759408056705354002
776.88852015178341504667
6895.44047350653957260563
115.68555843130417704992
3024.27935924905621875318
3668.72693915136357578800
1331.98765331898465031598
7700.08721734747760773786
2663.52773193614034454875
1466.53833212591971350730
6247.91523655787920052184
2215.31508986463941418896
2531.18926640138761350882
370.81854426999572144717
3452.61656973778185899398
1997.77731184638091544998
8263.27835342850357865372
659.28415903390878365853
7185.02469135802469135802
389.81134578104275073972
160.78645036220793796551
118.45990635279924569213
7792.85506527548569590611
1923.60329699068437807176
632.60648336023711399086
1560.39607775944112280448
961.30892654416177939701
7315.25049774499223948673
3665.12418825231638044450
1821.07842477111746381015
6495.39152766379993607220
1662.99720340961582202823
5878.77782687592497402307
1029.71760148536925313702
2144.44884323763202642081
4263.53910467023580136693
774.10435059684308933558
6061.51282814345877408940
230.24611798986173360547
3850.93536980423867310754
2439.43893843793743693643
3719.04155406657909160411
403.45931517102688273859
4274.52379807234662089516
786.32362091821551281010
2310.25170515861206551897
1820.07485964442921399878
1140.97117938759580401222
34.12314817319822324827
1783.20692865037209381553
4930.85805024243462681901
876.57165473782090398707
351.48635121608094581067
597.46364181999817635453
398.02571740910079248417
3832.09714719724729734739
9133.94795997198399600802
1259.06693981268555843130
611.65153742330919508096
4739.85492699907114321528
2352.86019252485718952185
512.01191181171161151141
2083.22497572647722797872
4515.87939491042594145697
7632.53073293513733954174
1998.79855831807783759735
372.82263144024905786667
4859.38650362073785497208
847.88541093646198751303
507.05674944213482752021
1985.61308555803050297544
2426.92664013876135088256
1520.98757616475334193051
2817.51915579242906570233
1762.67523379235090946802
1123.97377818589939802061
985.68448328208087967847
4144.52781911040169298427
3097.88388939904091419242
3131.52213073934795656517
6914.25730334939544148753
6959.40051362673985296607
4186.37787336886435985535
1220.27008089170251332413
5396.67476485494503512521
1866.41421802182562943323
3044.97850903957010063116
1177.27860893926959993026
224.39702365027690353015
4705.89505321136952768584
2153.45026017753290480563
5419.81917853789725661597
4205.87287011529435771860
1237.44431518605692779866
1510.70344418492566640714
763.57118279440601762924
220.69182295408521634747
6619.66901336598306295275
4461.86110033957881805729
1054.84705927148369590812
2805.17970222474726979231
448.99288577867156445735
5501.96604211819427034642
668.95168842516189863537
4298.56203550898245592940
6215.38655772890007124241
3369.33260988716444171899
2364.91967242517793068343
1587.03249796342889435982
2572.45413180948716484252
4129.00539177816455093732
2027.86642297953609264920
4286.69499329158988818648
2407.61131902673444214985
1012.35413491569647725803
497.74160947734521308094
3385.10760810860910961011
7250.84052647689011325374
189.51778605432259085912
310.75059443828212596981
423.21505088672255839423
4354.87032678323969615260
305.96579562545528511494
559.84974664354043733423
5942.35046658269881493104
5851.09516122729335942549
8278.64178893608323037752
2185.53684014344675005335
126.89956823690557424291
1179.84695439240893786348
1629.30608285963641318996
1775.70273977681385088792
1818.11729647565483401319
2724.92005719433146860574
915.11501491481471461451
889.59534810085360635911
709.64292320348376404432
972.65707148590031472914
1577.22048770533619018467
189.92717943168393618844
2661.98115031948865782699
3327.25185646106567027487
1833.09059610160711261812
8323.24729333938543147752
4791.20669017365714062410
5111.23293541475359657177
207.56729702675648621594
1254.43325407489571653735
1003.62656871747780838689
1459.38577696153453729211
820.54004454905355806256
850.14925435946456967477
1858.23368112857602347091
4385.37683729775821867913
2128.78289701112523935346
1398.44425807188569951332
3074.68628187747306866425
7109.45261778294811327844
823.07296285274263252241
773.83138894650406161917
1246.86867548228909590270
5053.76930925415773900622
4232.07348389430471512553
1784.47219992765538311083
4350.43169295421547673799
345.10078446815183551920
2556.23083544004464925385
2552.65577188800412023635
690.37868899930961993024
1189.67544120697273850427
304.80465951436922407893
3895.98125452780107434762
3723.90446702959215471727
6514.52163675186698209721
2545.99326599326599326599
4847.33644555466377288199
2280.34748762776790804818
1693.49305261217173129085
4828.15748681614547480413
1270.55826897969040111182
6100.23945867789711633555
2626.77992041628405264768
2066.37484130777424070717
382.96612628644660676692
3388.48394540686832979125
1079.16993670347023700377
4160.50557564571578585592
532.92825959092225358491
1557.69946222498775051327
1530.95404112821530238947
3178.79491703916128340552
7000.98398498598698798898
1199.03810717624531438345
839.42308073839605371136
3430.68081294507720934147
1904.72427883338794249705
4796.47952557161766370975
1294.05351297243189135081
2653.96804812820828836844
107.24237751264778291805
967.30941952963974985997
3362.80194408622837051265
1871.82032683333984635285
902.13394976558139721302
7351.24644965285605926246
3337.51704657610563516469
22.90358126721763085399
1545.75290405520635750865
4782.12550087625162700237
1469.46287929571212854496
982.20795069343617892166
5207.11826140454769083397
7012.54155456758059360661
3497.38453067682296911526
853.51730509288066845624
4412.49469489509529549569
4281.60607253900547193840
425.94130366602839075311
312.79217155093030968906
422.17798378959540120701
3008.46811375940505069634
2784.81728976223470717965
8259.68983999014029044059
1003.13574435296157017878
1716.19753086419753086419
1151.00231963695427158890
2010.87443499555611667723
349.15825134443753062371
5831.45079814549284018753
556.58781905028151274397
668.49601954306659011363
3019.14646277909541172804
1914.31737342948554159765
588.52705358010663315968
2881.38952966980995009023
3463.37067297527757988218
2611.87389041934496479951
1910.86424262099937775613
1175.23091259427595763932
1364.43546576879910213243
1447.68426083741399056714
878.21591862132402672943
1925.83573104785225997347
6789.13580246913580246913
354.63395327259191123054
5451.24827029231433635838
699.74740506272037803569
1192.35847459070682293905
5440.16446476506536566596
5272.46790133476820163506
3750.36962888814740666592
4569.40891842793744695646
798.14722129536944351759
5645.17549180812444075707
408.08752696640584528472
5966.99899899899899899899
2417.81355529703878052226
2729.33777421064708351995
1077.61439717996274552831
801.15275535796056316576
3228.22788353919485050616
5714.19742565388211033856
1856.81634387139892645398
1269.71802833864895926957
178.93048203358513668823
1534.76159442726009292575
1192.14947480012545077610
5983.40471001532062593123
1485.06986465945424904383
1984.55799643487331175018
5483.42283725166608049490
1558.56638219801382964546
646.94637079521964406849
2521.94638281925569212856
1020.75243611980348717085
197.38726113500888275663
2001.20071021972923874825
239.83185389245995306601
419.89390591792994195396
1379.06849792735678621564
2693.77733288844399955511
5538.05438220589735741250
5355.53470387304221138054
4886.22150378606835063291
4078.34177320463606749893
388.84460837213589966342
3452.39583828072316560805
1153.54883411940468997526
1622.44628011394778161544
2180.93929765601437273108
1011.58719480241001762523
7132.53667681695709723737
2530.46508370232093955817
2097.58301945589232876520
1407.95456116777438098759
141.36712588464340216091
2405.56097238379520661802
2576.58190723255788320853
1735.54305055806557308058
503.67678689700711722733
783.80970259548838127416
2332.58193128062997932867
1317.08081855629403176950
3684.97245894543191840489
3142.84052647689011325374
1433.50215480746011276541
2952.87251415579743908072
803.01065830595360124889
6305.44359574790005220435
2525.05250796341887432978
6501.35058481905328752175
5575.34454875295716136556
1816.33208984760536312087
1969.64944123302481660840
4521.29972014056098140182
1026.93069846623400176953
4642.36242248254260266272
3369.61942658912355882052
2179.85488992495999503006
3211.25579022548719518416
924.19402385368351334317
1270.17994971948925902879
2259.79226609529639832670
878.22151781411040670299
137.14020727434140847554
4438.58772586400214027841
30.48629810992173354535
3014.41764787810833856879
3202.73116760404047691334
1222.79190902614326037749
4838.41362082803524244965
2702.08654099544990435881
2852.64965465966466967467
2730.69332195057920783646
3005.08045282519756994231
3386.05962118274430586742
1054.91863134405676948219
182.06029853677501325148
5072.55386718049380712043
1736.09813417020624227831
5571.35248561875188501815
3136.91562085501479440873
5195.59095431768104440777
1412.46526205885565244924
1943.59737815893972050128
17.27680848892970105091
6275.37846154462771079387
1089.04858712566420274127
4962.32667502337172006841
698.06547688829971112253
8055.78679981282583885186
2078.94515135756376997618
3496.99658517376235093952
736.53820386953520086653
592.19201784366949532114
2659.60717273830386943500
2042.64808953097241385529
8656.53586368737883889399
2933.22951981010039068097
937.59348136925714503292
753.98989898989898989898
628.14921027133239345451
4788.99650401151902653404
7.09044580115651186722
8637.89394399404409414419
853.73359345331317303289
6301.87589992394797199602
7555.18826033240447654862
576.52760367975583190798
716.80660440219999779559
7016.70370871371872372873
27.22709095481868254641
831.68286103921739557375
957.86468149831513194876
1670.73977681385088792496
149.89171453736018300582
363.06888570251933615296
2141.81042750739720436690
208.51027704381057734411
4337.83730176623069515962
233.04437470503536569602
3490.92036581125670214759
1823.44812279747214682149
2090.77430583736890043196
203.00983065147229311393
1879.81175390266299357208
279.63589415241066892718
850.21605389172956740524
7637.80193607020433847260
1529.51898845792739686633
317.81042750739720436690
1848.94934173412651891130
4295.13459405351297243189
2513.18881945008071134197
603.66754642530418306194
168.35824813802791780769
534.54024294564835105375
703.39280221162103043984
7438.73086700313927541154
1946.48417686956225494764
1044.74057641224808391975
588.37744350957564170777
700.98069340611883154425
4053.06816325835344854363
2365.88000212424636849061
3400.45603962320679037395
2194.54796939081223365507
1725.01908915922929936943
4145.34491949406864321779
3289.04570962146719722477
5769.56864772680588496404
4479.45296146997848699550
7373.43261179097014932850
503.25798070342614887159
1979.93507721936150364578
29.02830257685112539967
2543.61994827660493326158
5230.64600135671206742277
556.01181962743524305085
103.29675020365711056401
877.27213299385471557643
1070.57361493725130088766
1596.86015545074604133663
2228.82054827600373145918
5665.82013444876307739170
1048.88877766655544433322
1218.17998579159740320901
2326.72646620594568542516
2095.71130890650410169929
2305.97055513972430889347
1347.17433549665781898014
5236.75175275375475575675
619.42618895171447724000
7211.18628137647156666175
3738.45382519656793931068
816.52631109588066545023
1208.24211097984871758645
1021.32312091871651431210
5258.04742480217955693431
9476.51755459162866570273
537.56705654603552501450
182.25162099035972909846
60.74162851540228917606
814.39624208793377962547
389.85971456942427913398
2930.76327178028879730581
1343.01186471757042327612
2218.81188195202209216223
776.88803618433248062877
5265.11158205252299346393
343.90562233905577248920
1749.48051555058562065569
2193.80839297756214673131
7985.21224527831134437741
2305.31195459723988252516
5941.97347209468421589633
36.11567523479435391347
6694.12345679012345679012
1613.76946816686556426296
7114.07328850371893414936
2853.55410465520575630685
4359.63376790203617030443
4320.40792444095747399050
6907.74705035365696026356
2588.96333570808045282519
1627.41888635382128875622
781.73360948536123711298
1609.76900824748672596520
658.43805767729691653615
2356.11982553123694264835
4579.40455055606570758085
842.77359453117028874604
1754.31783334886437989541
1505.52371991611230850470
8108.61969076183290397504
6489.72906139372605839072
693.47617687757827897968
2826.56215274333392451510
2216.81359044995408631772
4123.97341986631275920565
2321.00223546870193516840
125.45270890725436179981
313.63452708907254361799
1059.99785170555941326712
1318.88666243821398976554
2480.04847690533376219061
2114.00977754531308084861
1114.39382525668811955098
8466.42444648505254565860
5286.08542877211545880214
128.03592180769357946535
2870.86330574819063307551
2997.49492134777420062705
4669.65202038875712549386
4119.05426547668789911032
4241.91358024691358024691
3424.67424882339797254712
243.12224136047959871783
4166.24572520468416364312
1644.80853125397669942214
8250.72582292001711421130
3573.81503625747869992114
5753.54292731169608046484
2101.50621893164435706978
1343.31788244701157614070
1403.49532114697279862445
2153.93995597198800402003
2668.87047207367527687848
668.81840298757215674132
2361.84123062000939878817
1064.46381316251186121055
279.32412893373854334815
2927.07071235399563727892
2067.73177581986390795199
3007.73719866012158304450
19.05871837803769735701
552.70819067315563812060
1662.09279950621291962633
115.18672225779332886439
2667.97841685529373217060
1778.01777753729705681657
213.25637148660171683194
5430.05715425134844554263
1514.37816194572951329708
2236.66360575451484542393
771.30634939243547852156
463.82366350334318302286
1490.83464245025806587368
4410.04438071705338972606
412.80268757245734222711
4319.90919293949596979900
3479.63927891855819783747
288.08679550421292163033
1637.65691116541967392818
3116.64197230263296329362
854.94010815222936435057
2921.11063215367519671823
4554.27770813856899942986
7912.53555858160462765067
1704.11942272602933263593
2823.34001068135202269336
433.65553341128916704492
1976.00676552428304180055
1125.33288844399955511066
1357.64046128210292374456
5289.77723569415261106952
4464.76403330257184111037
2265.84924063202341480619
1087.22223023824625426227
513.82833283734184635085
5454.52545658606264666870
395.02469135802469135802
873.35307279251223195167
2713.99804409013618222827
3560.49313177040904768632
6564.97227357487617747878
3614.64790917043169295421
6090.28466905343782220659
2430.32175017860703546389
2563.96336276216156096035
417.49215682148615081548
55.61515168822476129783
2634.93317140964788612436
1839.50698245793340888435
1261.80666352037723409094
5656.59974990005020035050
2757.14722987450260177532
7116.17536254973692411129
872.21578335091848605362
2127.11081451822192562933
5868.40655470285099914729
269.24232340448556664772
1475.34709584459334209083
349.05376647919190461733
518.33302171039908777646
2410.27998969940911882853
7109.02828153478804129454
442.37622707792877963048
2689.83629475321167012858
2705.96927257587918248578
130.04992179366553740928
2891.21056992928864800736
162.97257016776536296055
724.14793973152331510689
4955.73508042577111646180
2729.35720844811753902662
3348.00106613119626132639
7277.93612230849468086705
7112.03208012817622427232
4609.80246913580246913580
1404.47577106636165695224
2907.92357723088453819184
6902.43366690013336659983
332.52713173634094555015
4728.02642281921561200840
2909.80909938967997026055
5080.05842078314550787023
911.80747113479846212578
486.16564512460408356304
2209.70539608677746815884
3315.32684235787338890441
3710.68228388548708869029
1866.27348469590711832954
2000.86754622490358226093
1395.80512192633404754616
1208.16143971799627455283
932.88554420286152017883
2867.26664602540478416354
1427.13613814014214414614
4856.40655470285099914729
2385.80998415833250668085
3424.24347570794017240463
4686.49486723961198435672
423.09287365443521599677
8139.86021834506682991531
5237.71095219343467591715
169.67934400867333800266
6800.05335064794524253983
6161.20344862769105193347
3146.35577419261102944786
528.99295990205081114172
1425.24296067839611383154
2823.54273693112531951370
4983.45450054659263868473
7189.13221429637846054262
66.13201088976864752640
2873.13294561779410264258
3949.18626334041749457164
3457.08037166295424553682
1661.29099670240811381952
171.63653142632121611100
5748.35588205285174982144
4736.11018425833240648055
1139.05877849821793765737
3003.92340288236184132080
3879.42586630674718762806
8166.22534346157969781593
14.33361690018346675003
3237.51577202828454079705
842.61841020199378557736
1713.81662343023704385065
4709.82098114130146162178
2150.34941447954460967473
4153.52882411941471000530
2985.16782848914981047113
7074.36749562375188000813
335.18241364487610733856
3165.76516456396336276216
886.70254037821605389172
76.63949835721607493379
694.24278332386440494548
4073.64465566667768869971
1167.56702648594540486432
2637.50876201526852177502
1957.68748086929905111723
926.32566400234067901735
946.76543209876543209876
646.60632604576548520492
5828.91993995998000002004
514.31357884410937463990
4260.47077107137167197227
3776.85937990042094146198
7038.63364465566667768869
2860.10350490630770911051
3514.43575808040272504736
3592.89234179124069013958
2405.46803059315571828084
3557.37289641994346699051
1820.67543218894570245921
6729.50052154256358460562
3023.27366004643281920559
3250.19185251317383449515
6856.26941055169283397511
3276.43044445847248650051
2534.99602081420263238445
4397.12024537049562074587
2405.82389552086521783491
1125.26662398133869605341
1323.02587472357242127011
1433.33243153062972882792
3170.66596927257587918248
6734.25128732335939543146
5055.71072173274375476577
3369.10827844861878895912
1471.25343561779998216434
1622.96296296296296296296
923.55138521905288672055
7029.53677501325148972796
311.42330719107495884272
1147.74744714684654624594
541.29611092574055537018
2639.66933900867834801768
4296.02305809312816319823
7303.53856058260462664867
5828.65600635670705740775
1329.04866828790752714676
3233.33901168435702970237
9088.63271680088496905313
282.10188166144122100078
285.06408109811513214916
1254.31632633634635636637
464.44425907388870351833
2879.14366017669320972624
1891.16254592931269607946
82.76263250237224211198
1934.91844697550403256108
2526.85632880127374621869
1233.93667541415289163036
953.93372351330309288267
3910.21773288439955106621
6337.13630246863480096713
2166.64600536472408344280
4428.59811262714165617068
8050.06515223932641350058
2683.88915141367593820046
5547.30640951261571882192
223.99632690541781450872
2661.26066005945885825765
1454.23777330884437991545
6611.46062478895311728144
2927.77692607522437352267
10.01466932397863328794
249.40085631176722267813
1167.48718187657126596065
1945.42514486458430402374
2402.97479848995000510152
620.75326177027878729580
3354.55384313242171100028
617.01661621581541501461
5973.34050366682999315631
5101.74479083688292897502
1623.07449190932674416157
4455.16663410156903650397
359.69947324702079456834
3150.26442859275692108524
424.13876135088256300377
1216.86405925444964484003
391.04682861039217395573
1906.93624154685215746276
1785.79325471617763910056
2704.44685726767808849890
1720.43991539086634181729
2757.33690647604561518475
4410.35085736387037688338
2436.77019562104647189732
4002.00932263594926257588
1046.34784935085235385535
1950.12989365742118494871
5175.56696035374714053392
2157.38692446199953707461
5466.97101105109113117121
1247.72916560203847491134
2467.98841083325567810052
3031.27873018163308453598
1266.57361493725130088766
9067.04408011615218822426
2783.98415632850067284501
3720.19178337496655814974
3098.93849805761717673629
336.82602021440860279699
4547.99933266599933266599
932.17991865739613487361
1491.00781061341621902182
1319.47784621458295131968
1723.50310871431992553113
1054.30934738542346149953
5456.97939781623465307148
3022.93610126643159676192
2718.48274099925751577403
496.62147432718003288573
430.92329967605242880518
2631.80899908172635445362
2970.54178145087235996326
73.34491849206563921278
2300.21938354771187604020
2625.05612920227534842149
1405.99054910766622478334
124.71661250840430019609
549.18906894882870858846
1401.37193249305361417473
3492.43188533879224569915
1000.17959400842283725166
1425.57020884748612476340
1537.26654482310137965793
1717.25901978054130206282
5785.57299140982824666508
411.41900258616975333692
2583.44713482251019788557
726.10750089428768107446
2810.00536071607142678213
3702.50982213444675907138
2368.24786748710672634596
1228.16797277758238719199
7122.25348872395919442966
6614.77383689996302608915
1373.24870115360605851096
3833.53127231915110702989
2645.28813386389143964901
3251.39584429274118963808
3516.32538644750856963069
6074.13349786222659095531
2707.66829692555418281144
4100.29066303540778015252
2135.69547525503481459437
933.48434520606692778864
1723.84945606266927588248
263.60673386098811524236
627.99504208913618323027
3039.07137768399029660290
381.28118108098088078068
1844.14378743107471836200
680.19965110255400545690
264.17067317567818068318
185.32108885662439215992
312.71835599363126890654
1610.08480953425898370843
1038.39627014401789176563
3550.35486938389841292744
3682.61136618712376288133
2201.37795453110768426083
2513.25925925925925925925
2119.14241368495622749877
1717.04785225997347209468
2683.17679441202964726488
5203.95612228845462078695
3373.99326599326599326599
2957.18834149464780095410
1089.02816039179675543311
8770.58165472780087394702
5629.22840057274491708926
406.23938052166280394508
5119.17144972800628456284
3960.76629983336690043396
1075.35117700282865448030
2705.62127292457622787953
4921.46476807137467798128
957.65051938825712599486
5557.30463596729862996129
5136.05923641359076794512
4421.33274014755496236977
2422.82285488691895098301
3713.47491234978722466209
3665.44073202331460589718
3780.59700340981622262903
1089.69642515388261134006
837.95731667603539475411
524.93869645421196972748
3246.59604549494439384329
2030.04432059687314942570
2116.09587565543521499477
1102.54222190158126094062
4141.60073987901815729643
1784.89297010509131721252
2370.97064531999466934401
174.54392408937863483318
2059.90965439914388863337
2925.01372042713384054725
3087.08657205754302851399
7621.90907223539856172488
2165.70234899564228893558
2037.06982257532808083358
212.88020653285918551183
2979.84933882831780729678
735.30010490971451932412
5504.75208742275809342876
4121.48073999925851777703
3166.68186919702071217222
4514.49762475187900613326
5578.41384728071414758101
939.99929358788217647076
8254.20537253970687404120
1002.99899899899899899899
669.84763341920499077656
777.71715359002646289933
5021.54953576165697377818
4784.95736377017658298939
2648.85651016381747112477
7747.96317037758479199920
194.56736015294573853132
4454.87935382830277725172

