2803494650
8677239102
6069238053
1915298721
9962421834
5625279449
7245605306
9719306087
8115037152
9398496465
9061303107
5606881667
5747704171
9061303107
6666146800
0599218174
2601492910
2170380461
1384583000
9536967707
9163828665
9040905862
5496399085
3032703301
7983402543
9631378975
9697521890
8733128101
3627309417
2924185625
8396543588
0260353055
7213604600
7069777036
9882185596
5618738578
4791014590
6861201624
4329709355
7406870504
1414171857
3624827041
5723866984
8675398558
8817157238
3783242292
6458459251
5088687696
8635974683
9717719518
8543663271
7783792868
5602336248
6324496848
3333793990
7858533052
9312773617
1284396129
1718577701
8440379530
8526398139
8188115037
4147563139
9023530436
4088325184
9427949043
5837378324
7012100562
8369088870
4572187460
1418060644
5707162268
3964479101
8418829478
9151889309
4403795301
4779223151
9458636060
6482922443
2946035291
1173012381
7306265763
1373227536
6125572508
1125099618
0190115738
2508868769
5435128439
7222943523
0161254922
0388867782
6997329725
9262264832
1607226029
8930276176
9088870701
6648162772
4414737823
2756879893
2002353718
9238053369
4650706330
3466061666
6769950659
8793163688
3137897530
6805825749
5321038727
3701205005
1974778060
9684875602
7837928684
7526850823
0606458459
5593883499
6669804218
1281010794
3530436994
8748569652
1146162549
0452795466
8851934580
9559795929
7603949857
3124778865
5631399972
5143081751
4372841840
1867723910
6557248391
4639812873
6318641551
2123667719
8612605816
6337092400
5278369511
1185374234
7956513728
3674828608
1483280270
5921236677
5671736133
3210387275
0235413060
8605966752
5832322787
4429364514
9307021540
8177296023
6666185664
9636162658
5468895703
9289050686
2605816566
0436994184
9958765523
7662907794
5092447614
8381823233
4450781824
7389039289
7636034624
9627166226
6819025515
9907521660
2278709376
5938834998
5002561149
1640191059
0276176114
9908573158
8060644363
7618386062
8566470971
3016823719
0296873869
9434907632
1157441475
3195251019
6067371132
3059212366
2497757247
0925778256
1902551510
3117301238
6666185664
9844018733
8267609442
5159156837
5413060672
1505660472
2180049047
5832322787
6023264847
7162268447
7041977780
1864682623
7700975276
8508230754
8936526053
8432826414
7953764520
0049164499
2292418562
9526059563
9967946864
7492796104
6261331384
2924185625
7273559552
9224437528
5219600373
0500545132
0527583333
1680751501
9286840932
7658511806
3252737389
2924185625
7610852639
3260043688
9941849146
2092622648
3099587655
3709240031
0326192428
1817413596
9137291722
6861201624
7872167336
3422516445
0944203261
8058257492
6894586360
1038727557
8140592714
9241856256
5790962716
4337299085
4761460668
5082307544
3238403638
3444740160
1640191059
3792868409
6768396424
4558153017
6677194325
4090586298
0305992181
8665277009
2714563549
7041718986
9418491463
8467037858
0939719306
7849819334
5885668550
3526624977
0210053114
1483280270
6372141740
7192804713
6669804218
4800168477
1634349076
8761085263
5769963137
6698422422
3844037953
2479635743
0484198444
7821542499
5452790337
3304527954
7468396543
8072738667
6050780844
2735595527
4437143698
0660243300
5297030236
9463981287
8082264800
9289457909
6050780844
8546677575
2874713526
5744147563
4133405392
5099618188
6024330096
0187331281
3382988075
2894579096
4436346324
3990854914
4021234078
8892300987
3835440001
6501172721
1002515426
0471396006
0995876552
3363795376
6951177883
7481877844
7416256282
8623209002
3643926022
5696522000
0030599218
4599376917
1151368350
0709328709
3928034946
5103837505
1532103872
7071942586
4643716709
2010305921
5523681285
5180351650
0449338265
8268329147
6016264790
4716256079
3136020572
7933203625
3903971771
0939239829
3618789365
7329725088
6696762772
9774295634
2756084414
2761717839
2545279033
3493594756
1414171857
1800490479
6648162772
1574414756
7564488262
7971928047
1125099618
6115159156
5746377211
9755993140
3811513732
5602976067
9829469593
2413806279
4726384403
2602326484
0058519419
2641421684
0392890506
6532442586
6669804218
9364514286
5599006737
8778443714
2547017250
4882626039
2790337296
9574966967
9193200305
3686120162
6848787216
9329011574
0975268508
0205724817
9039717719
5036604169
9376917041
2845904523
9448969709
5518816948
2069551702
7763594460
6685503773
3987727547
3915188930
1598888519
7634703208
9888903136
1534476347
2994302485
3056256756
9374616193
4209752685
5278369511
7765892768
2818811503
9741625628
1352783695
2538740256
9563073813
3755294448
0537143961
2145978432
7520449338
3832411607
8197214488
6047258027
7290033429
9654358856
4011888683
1313643271
4274274663
4951582841
6805825749
6693811513
3735625279
4211529697
6772391028
6279434907
5993769170
9546618550
4358856685
0256114923
4489697096
9829469593
2648472870
6380236370
5904090586
0718646826
9344124796
8323227870
7709350366
2154249992
3836057729
1255725088
9325365880
6501172721
7010615094
4436346324
9465014345
0226721559
2093101416
1205452970
8060569672
6053815584
1468000151
5605306607
6560297606
8175112698
6265763346
2324930028
9144200014
9047304199
0115171776
3594756433
0003896610
4683965435
8606261331
2656029760
2714563549
6412704894
6569846703
8585330527
5668550377
9584116612
8868769664
4334129943
7663035354
0336379537
6568030730
2648472870
9577770935
1352783695
8769634953
3604600038
4142168487
2479635743
0608769634
9023530436
2069811250
9640975459
4993488416
8578364475
0023537185
0761532103
8441473782
3555707162
5057775143
5159888851
7763603462
0276183860
0916628188
5745401613
6800015121
9499254527
2823764648
5088687696
2297559931
8188159304
8441473782
7296023541
7454016137
1359662904
7030236472
7722544063
5830007520
7355955277
6630353547
9537645203
8736776589
8867782271
5927877846
6698042182
4169035159
7863186415
3971771951
8447162560
2553860616
8236092168
3811513732
4995886234
0070932870
8890313602
3367010615
3200709328
4281899707
1246652010
3603462459
7019837679
5364509888
8903136020
8756023362
3613320698
8467037858
3709240031
6721559802
5904523536
3441247963
2602243728
4024322566
3737832422
7836951177
4363463244
3367010615
3609216807
6215680717
6724949925
7867539855
0416997329
6666185664
2910115171
4129943024
6477983402
6211204774
1026811219
2737389039
9908549144
0582574927
7139914756
6036748286
1639633709
6444005331
1736133206
0379804583
5596709591
2508634976
8814779223
1873857836
0383750510
3099463428
9934884167
7071942586
3527836951
8632399149
5967095910
7733276171
6354906130
0390338144
5165017925
3793990752
8732527373
1855967095
8761389396
6948032210
0676503795
8279877799
0186323991
3627309417
7401966090
8985188408
0958631382
6864454905
4976536728
7617611461
1817413596
9655070475
7697783792
7888732527
7931277361
9348841675
5046195013
1823262515
0458381823
1436405462
3634632449
8033182528
5291332594
3494650143
2683291477
8472870392
6630353547
3601164995
4579096271
4779834025
3379980161
7817729602
9696552126
2662497757
7320568128
8781772960
3783242292
9230098793
8042953118
3493594756
9218174135
6805825749
0054513263
5112698985
4680001512
0794512722
5212671546
4396127888
3963370924
2769778379
6959308019
7074161815
6753985589
7093287091
3475463964
4357290033
1766394650
5757320568
2437365698
2123667719
7211125238
5703503540
7825620926
8289315056
0681701210
4619501366
7863009455
6612054529
6166698042
7844371436
6424378140
1491620765
3513238500
1313643271
2527373890
6133206981
0595630738
4089149934
4697742956
7792231519
4631409343
7933386566
5278675398
4578036192
6511832600
3999722170
9546618550
7021540891
9895193668
1513732275
0163434907
7972735595
0844211529
2330327033
9216807515
8341879307
9590379804
6613527836
2922443752
1151717763
0038966109
7960259303
8861260581
9136011649
3488416750
1448889879
1718577701
7470472306
3536028747
0033429526
4639812873
3640546253
9087401966
8194558153
2890506865
4563549061
4976536728
7792231519
2651787134
6812884592
6432713768
3070215408
3896610936
7593105982
9303877276
7783143174
3999722170
4440811949
5288693984
4000186323
5649590379
1269898518
6066365832
8936526053
4011888683
7794364600
0510115747
4345698440
9189757121
5595527734
3988457218
8970719425
3728418408
5279546618
9137291722
3787593105
5837378324
4707416181
9908549144
5820939239
3755294448
8415871869
7882412561
3232862794
4655724839
5660472580
1125238978
5022601492
6234281899
6552126715
0143455889
8002968738
9425863987
7699631378
3917795745
6245780361
0854914420
8262321508
7545918569
0586298496
1972144888
2499922957
5301669054
6998606636
6271662260
2336861201
1694803221
0676503795
1183260043
2100562788
3747047230
9345807273
8656803073
6526053815
7095910259
4396129460
4774118537
1865642097
5102544650
3228183152
6146800015
8105002561
7989302761
9707194258
1624373656
3730899703
9193200305
2722836489
1998560162
5529444833
8237193648
2498506549
9703023647
9463428413
4021234078
4474016070
2336861201
4850235732
2953118023
6423722294
5260595630
8170121005
3131296587
2470936999
5603674828
2626039033
9931401188
0033429526
9804218267
1849146314
4670834819
6166698042
2740126179
7839280349
0776360346
7180776360
0738132328
9639908549
4723069697
9887956513
1260581656
5502267215
9595749669
4797780566
5502267215
2474501585
5490613031
2357322145
9585867174
1137863009
6460058519
1517177635
1188868331
0202324930
8518840871
2338298807
2516642742
5833337939
6133138458
7731312965
8869398496
4663919320
9088870701
7251640191
1166120545
4967059741
6351482208
5625279449
3300964127
6839642437
7733276171
3949857674
0349465014
2754710962
8369088870
7186925538
4142168487
8163598312
3695117788
9224437528
9973297250
5971534476
2497757247
4977572470
2737389039
4229241856
9307021540
1483351323
4216848787
5118063036
7736178215
2856576996
8294787610
4916449982
8765523681
0033429526
9565324425
4330096412
9879067650
5929059165
6721360460
5260595630
0461950136
9398496465
6153210387
9218174135
1832600436
3470879089
1761146162
9577770935
0899703888
7955979592
0005031173
4125611907
7922849989
4895858671
6081930221
3559552773
0462621568
4182326251
3318252886
7041977780
8169480322
1857770141
6953696770
6803318252
9127443747
8176585118
1214916207
3170187817
5863138268
3715284967
3138458300
4929666938
0362509443
4697742956
8183152196
4523536028
8000151211
3009455606
8590413832
0899703888
3908032936
8975303466
8887325273
1751126989
3729908573
6741397359
6660565118
2150802882
0036853228
7584484235
0235413060
0472580277
1306067213
0387727697
7980458381
8861260581
6520103059
2649463981
9165547050
2746639193
1247788652
6576996313
4866850800
1151591568
1898610687
4884167509
4135966290
1898610687
4116612054
9460352913
7866605651
7854499699
2355558105
4634284139
5065971534
6409754591
9546618550
0001457476
7837934216
0785449969
4619501366
3667719432
0313602057
4345588970
0569536967
2328627943
0503117343
3300964127
4701725086
4439662532
8040186772
8506560507
7780085362
4080029687
9302212066
6281881150
1573834187
3910288097
2752230562
9399075216
6252794495
2127560844
2619242853
4887933203
3769170419
3536028747
2100251542
3802363701
7783792868
4996996794
2532249850
7359441023
4520304024
2156036748
6674001698
0390338144
5724709369
9514141718
7933386566
5193033224
2208269895
1126989851
1093647095
4790761532
8000151211
