[31398,31468]
[31398,31468]
[31398,31468]
[31398,31468]
[95652,95700]
[31398,31468]
[89690,89752]
[69264,69312]
[89690,89752]
[89690,89752]
[69264,69312]
[34062,34122]
[31398,31468]
[97730,97770]
[43332,43390]
[97884,97918]
[79700,79756]
[58832,58888]
[89690,89752]
[97730,97770]
[58832,58888]
[43332,43390]
[89690,89752]
[31398,31468]
[79700,79756]
[31398,31468]
[95652,95700]
[85934,85990]
[58832,58888]
[48680,48730]
[31398,31468]
[25472,25522]
[89690,89752]
[95652,95700]
[58832,58888]
[43332,43390]
[31398,31468]
[58832,58888]
[31398,31468]
[89690,89752]
[79700,79756]
[19610,19660]
[89690,89752]
[88038,88068]
[31398,31468]
[43332,43390]
[93638,93682]
[89690,89752]
[79700,79756]
[69264,69312]
[89690,89752]
[58832,58888]
[86870,86922]
[31398,31468]
[89690,89752]
[89690,89752]
[31398,31468]
[57000,57036]
[31398,31468]
[79700,79756]
[19610,19660]
[89690,89752]
[31398,31468]
[31398,31468]
[58832,58888]
[58832,58888]
[89690,89752]
[31398,31468]
[31398,31468]
[95652,95700]
[89690,89752]
[89690,89752]
[89690,89752]
[58832,58888]
[31398,31468]
[58832,58888]
[82074,82128]
[89690,89752]
[58832,58888]
[31398,31468]
[89690,89752]
[58832,58888]
[69264,69312]
[58832,58888]
[52392,52432]
[97730,97770]
[31398,31468]
[89690,89752]
[89690,89752]
[58832,58888]
[89690,89752]
[31398,31468]
[43332,43390]
[89690,89752]
[58832,58888]
[31398,31468]
[89690,89752]
[74960,75010]
[74960,75010]
[0,0]
